2015-02-06 10:22:24 - server: ERROR: InvalidType: Returned ids from {'module': <module 'plugins.utils' from 'K:\tools\FTrack\ftrack-server\plugins\utils.pyc'>}.register() was <type 'NoneType'>
2015-02-06 10:22:24 - requests.packages.urllib3.connectionpool: INFO: Starting new HTTPS connection (1): beta-bait.ftrackapp.com
2015-02-06 10:25:09 - plugins.event_logging: INFO: <Event {'topic': u'ftrack.update', 'source': {u'applicationId': u'ftrack.client.web', u'user': {u'id': u'58289fe6-a815-11e4-afc9-04013c27e701'}, u'id': u'5d97aa82-adea-11e4-933f-04013c27e701'}, 'target': u'', 'sent': None, 'data': {u'entities': [{u'keys': [u'statusid'], u'entityType': u'task', u'parents': [{u'entityId': u'4285b006-ad52-11e4-a720-04013c27e701', u'entityType': u'task', u'parentId': u'5b9f9aa0-abc4-11e4-9215-04013c27e701'}, {u'entityId': u'5b9f9aa0-abc4-11e4-9215-04013c27e701', u'entityType': u'task', u'parentId': u'54025b5c-abc4-11e4-9e8b-04013c27e701'}, {u'entityId': u'54025b5c-abc4-11e4-9e8b-04013c27e701', u'entityType': u'task', u'parentId': u'4e3b212c-abc4-11e4-9e8b-04013c27e701'}, {u'entityId': u'4e3b212c-abc4-11e4-9e8b-04013c27e701', u'entityType': u'task', u'parentId': u'47ecd78e-abc4-11e4-a9de-04013c27e701'}, {u'entityId': u'47ecd78e-abc4-11e4-a9de-04013c27e701', u'entityType': u'show', u'parentId': None}], u'parentId': u'5b9f9aa0-abc4-11e4-9215-04013c27e701', u'action': u'update', u'entityId': u'4285b006-ad52-11e4-a720-04013c27e701'}], u'pushToken': u'5eb92c38adea11e4b8a704013c27e701', u'parents': [u'5b9f9aa0-abc4-11e4-9215-04013c27e701', u'47ecd78e-abc4-11e4-a9de-04013c27e701', u'4285b006-ad52-11e4-a720-04013c27e701', u'54025b5c-abc4-11e4-9e8b-04013c27e701', u'4e3b212c-abc4-11e4-9e8b-04013c27e701'], u'user': {u'userid': u'58289fe6-a815-11e4-afc9-04013c27e701', u'name': u'Toke Jepsen'}, u'clientToken': u'5d97aa82-adea-11e4-933f-04013c27e701'}, 'id': u'caf2f8132b634471ad8bc7f43b73e23f', 'inReplyToEvent': None}>
2015-02-06 10:25:09 - plugins.task_status_updating: INFO: <show('{'status': 'active', 'startdate': <DateTime '20150203T00:00:00' at 2c184c8>, 'showid': '47ecd78e-abc4-11e4-a9de-04013c27e701', 'enddate': <DateTime '20150305T00:00:00' at 2c18f08>, 'name': 'Toot', 'context_type': 'show', 'entityType': 'show', 'isglobal': False, 'id': '47ecd78e-abc4-11e4-a9de-04013c27e701', 'parent_id': None, 'thumbid': None, 'projectschemeid': '0dcb7d26-075f-11e4-8ed3-04011030cf01', 'root': '', 'fullname': 'Toot', 'diskid': '2325924e-f228-11e2-91ea-f23c91dfaa16', 'entityId': '47ecd78e-abc4-11e4-a9de-04013c27e701'}')>
2015-02-06 10:25:10 - plugins.event_logging: INFO: <Event {'topic': u'ftrack.update', 'source': {u'applicationId': u'ftrack.client.web', u'user': {u'id': None}, u'id': None}, 'target': u'', 'sent': None, 'data': {u'entities': [{u'action': u'update', u'entityType': u'socialfeed'}], u'pushToken': None, u'parents': [u'5b9f9aa0-abc4-11e4-9215-04013c27e701'], u'clientToken': None}, 'id': u'f1faf088ba6b4ed1be3c8ca42b984468', 'inReplyToEvent': None}>
2015-02-06 10:25:10 - plugins.event_logging: INFO: <Event {'topic': u'ftrack.update', 'source': {u'applicationId': u'ftrack.client.web', u'user': {u'id': None}, u'id': None}, 'target': u'', 'sent': None, 'data': {u'entities': [{u'action': u'update', u'entityType': u'socialfeed'}], u'pushToken': None, u'parents': [u'47ecd78e-abc4-11e4-a9de-04013c27e701'], u'clientToken': None}, 'id': u'ad7be2dc7ed74c3d9b99a677c5761779', 'inReplyToEvent': None}>
2015-02-06 10:25:10 - plugins.event_logging: INFO: <Event {'topic': u'ftrack.update', 'source': {u'applicationId': u'ftrack.client.web', u'user': {u'id': None}, u'id': None}, 'target': u'', 'sent': None, 'data': {u'entities': [{u'action': u'update', u'entityType': u'socialfeed'}], u'pushToken': None, u'parents': [u'4285b006-ad52-11e4-a720-04013c27e701'], u'clientToken': None}, 'id': u'fa08df756d764a81bf52ed5248961dc8', 'inReplyToEvent': None}>
2015-02-06 10:25:10 - plugins.event_logging: INFO: <Event {'topic': u'ftrack.update', 'source': {u'applicationId': u'ftrack.client.web', u'user': {u'id': None}, u'id': None}, 'target': u'', 'sent': None, 'data': {u'entities': [{u'action': u'update', u'entityType': u'socialfeed'}], u'pushToken': None, u'parents': [u'54025b5c-abc4-11e4-9e8b-04013c27e701'], u'clientToken': None}, 'id': u'3e7016fb7454477bbad39f0a0cd8445b', 'inReplyToEvent': None}>
2015-02-06 10:25:10 - plugins.event_logging: INFO: <Event {'topic': u'ftrack.update', 'source': {u'applicationId': u'ftrack.client.web', u'user': {u'id': None}, u'id': None}, 'target': u'', 'sent': None, 'data': {u'entities': [{u'action': u'update', u'entityType': u'socialfeed'}], u'pushToken': None, u'parents': [u'4e3b212c-abc4-11e4-9e8b-04013c27e701'], u'clientToken': None}, 'id': u'62d06008845b4e42a376fa65feee0191', 'inReplyToEvent': None}>
2015-02-06 10:25:50 - plugins.task_status_updating: INFO: <show('{'status': 'active', 'startdate': <DateTime '20150203T00:00:00' at 2c1c1c8>, 'showid': '47ecd78e-abc4-11e4-a9de-04013c27e701', 'enddate': <DateTime '20150305T00:00:00' at 2c1c148>, 'name': 'Toot', 'context_type': 'show', 'entityType': 'show', 'isglobal': False, 'id': '47ecd78e-abc4-11e4-a9de-04013c27e701', 'parent_id': None, 'thumbid': None, 'projectschemeid': '0dcb7d26-075f-11e4-8ed3-04011030cf01', 'root': '', 'fullname': 'Toot', 'diskid': '2325924e-f228-11e2-91ea-f23c91dfaa16', 'entityId': '47ecd78e-abc4-11e4-a9de-04013c27e701'}')>
2015-02-06 10:27:32 - plugins.task_status_updating: INFO: skipping Toot production
ERROR:server:InvalidType: Returned ids from {'module': <module 'plugins.utils' from 'K:\tools\FTrack\ftrack-server\plugins\utils.pyc'>}.register() was <type 'NoneType'>
INFO:requests.packages.urllib3.connectionpool:Starting new HTTPS connection (1): beta-bait.ftrackapp.com
WARNING:server:InvalidType: Returned ids from {'module': <module 'plugins.utils' from 'K:\tools\FTrack\ftrack-server\plugins\utils.pyc'>}.register() was <type 'NoneType'>
INFO:requests.packages.urllib3.connectionpool:Starting new HTTPS connection (1): beta-bait.ftrackapp.com
2015-02-06 10:41:33 - server: WARNING: InvalidType: Returned ids from {'module': <module 'plugins.utils' from 'K:\tools\FTrack\ftrack-server\plugins\utils.pyc'>}.register() was <type 'NoneType'>
2015-02-06 10:41:33 - requests.packages.urllib3.connectionpool: INFO: Starting new HTTPS connection (1): beta-bait.ftrackapp.com
2015-02-06 10:42:15 - server: WARNING: InvalidType: Returned ids from {'module': <module 'plugins.utils' from 'K:\tools\FTrack\ftrack-server\plugins\utils.pyc'>}.register() was <type 'NoneType'>
2015-02-06 10:42:15 - requests.packages.urllib3.connectionpool: INFO: Starting new HTTPS connection (1): beta-bait.ftrackapp.com
2015-02-06 10:42:36 - plugins.task_status_updating: INFO: Updated task "film_test/sq001/sh001/Compositing" to "Not started"
2015-02-06 14:46:19 - server: WARNING: InvalidType: Returned ids from {'module': <module 'plugins.utils' from 'K:\tools\FTrack\ftrack-server\plugins\utils.pyc'>}.register() was <type 'NoneType'>
2015-02-06 14:46:19 - requests.packages.urllib3.connectionpool: INFO: Starting new HTTPS connection (1): beta-bait.ftrackapp.com
2015-02-06 14:48:11 - FTrackCore.api.event.hub.EventHub: ERROR: Error calling subscriber <Subscriber metadata={'id': 'c47824f3819e44538d4d8e7096d8fbd9'} subscription=topic=ftrack.update> for event <Event {'topic': u'ftrack.update', 'source': {u'applicationId': u'ftrack.client.web', u'user': {u'id': u'58289fe6-a815-11e4-afc9-04013c27e701'}, u'id': u'cffe1226-ae0a-11e4-933f-04013c27e701'}, 'target': u'', 'sent': None, 'data': {u'entities': [{u'keys': [u'statusid'], u'entityType': u'assetversion', u'parents': [{u'entityId': u'bb5cef4c-ae08-11e4-b8a7-04013c27e701', u'entityType': u'assetversion', u'parentId': u'bb5c6bc6-ae08-11e4-b8a7-04013c27e701'}, {u'entityId': u'bb5c6bc6-ae08-11e4-b8a7-04013c27e701', u'entityType': u'asset', u'parentId': u'e6c58f3c-ab78-11e4-a9de-04013c27e701'}, {u'entityId': u'e6c58f3c-ab78-11e4-a9de-04013c27e701', u'entityType': u'task', u'parentId': u'c627729a-ab78-11e4-b8a7-04013c27e701'}, {u'entityId': u'c627729a-ab78-11e4-b8a7-04013c27e701', u'entityType': u'task', u'parentId': u'1552f58e-ab78-11e4-b8a7-04013c27e701'}, {u'entityId': u'1552f58e-ab78-11e4-b8a7-04013c27e701', u'entityType': u'show', u'parentId': None}], u'parentId': u'bb5c6bc6-ae08-11e4-b8a7-04013c27e701', u'action': u'update', u'entityId': u'bb5cef4c-ae08-11e4-b8a7-04013c27e701'}], u'pushToken': u'd1ea0716-ae0a-11e4-8da3-04013c27e701', u'parents': [u'bb5cef4c-ae08-11e4-b8a7-04013c27e701', u'1552f58e-ab78-11e4-b8a7-04013c27e701', u'c627729a-ab78-11e4-b8a7-04013c27e701', u'bb5c6bc6-ae08-11e4-b8a7-04013c27e701', u'e6c58f3c-ab78-11e4-a9de-04013c27e701'], u'user': {u'userid': u'58289fe6-a815-11e4-afc9-04013c27e701', u'name': u'Toke Jepsen'}, u'clientToken': u'cffe1226-ae0a-11e4-933f-04013c27e701'}, 'id': u'29974ca070df47fdb1718b23ce07f197', 'inReplyToEvent': None}>.
Traceback (most recent call last):
  File "K:\tools\FTrack\ftrack-api\FTrackCore.egg\FTrackCore\api\event\hub.py", line 649, in _handle
    response = subscriber.callback(event)
  File "K:\tools\FTrack\ftrack-server\plugins\version_to_task_update.py", line 29, in callback
    task = ftrack.Task(id=p.get('entityType'))
  File "K:\tools\FTrack\ftrack-api\FTrackCore.egg\FTrackCore\api\ftobject.py", line 78, in __init__
    self.dict = self.xmlServer.action('get',data)
  File "K:\tools\FTrack\ftrack-api\FTrackCore.egg\FTrackCore\api\xmlserver.py", line 303, in action
    return self._verifyResponse(response)
  File "K:\tools\FTrack\ftrack-api\FTrackCore.egg\FTrackCore\api\xmlserver.py", line 189, in _verifyResponse
    raise FTrackError(response['detail'])
FTrackError: Object with id: task and type: task was not found
2015-02-06 14:48:46 - server: INFO: Reloaded version_to_task_update
2015-02-06 14:48:46 - server: INFO: Reloaded version_to_task_update
2015-02-06 14:48:54 - plugins.version_to_task_update: INFO: {u'entityId': u'e6c58f3c-ab78-11e4-a9de-04013c27e701', u'entityType': u'task', u'parentId': u'c627729a-ab78-11e4-b8a7-04013c27e701'}
2015-02-06 14:48:54 - plugins.version_to_task_update: INFO: {u'entityId': u'c627729a-ab78-11e4-b8a7-04013c27e701', u'entityType': u'task', u'parentId': u'1552f58e-ab78-11e4-b8a7-04013c27e701'}
2015-02-06 14:48:54 - plugins.version_to_task_update: INFO: None
2015-02-06 14:50:45 - server: INFO: Reloaded version_to_task_update
2015-02-06 14:50:45 - server: INFO: Reloaded version_to_task_update
2015-02-06 14:50:50 - plugins.version_to_task_update: INFO: e6c58f3c-ab78-11e4-a9de-04013c27e701
2015-02-06 14:50:50 - plugins.version_to_task_update: INFO: c627729a-ab78-11e4-b8a7-04013c27e701
2015-02-06 14:50:50 - plugins.version_to_task_update: INFO: None
2015-02-06 14:51:06 - server: INFO: Reloaded version_to_task_update
2015-02-06 14:51:06 - server: INFO: Reloaded version_to_task_update
2015-02-06 14:51:09 - plugins.version_to_task_update: INFO: <task('{'sort': 0.0, 'typeid': '44dd3ed2-4164-11df-9218-0019bb4983d8', 'showid': '1552f58e-ab78-11e4-b8a7-04013c27e701', 'entityId': 'e6c58f3c-ab78-11e4-a9de-04013c27e701', 'description': '', 'isopen': False, 'isrequirecomment': False, 'entityType': 'task', 'context_type': 'task', 'priorityid': '9661b320-3a0c-11e2-81c1-0800200c9a66', 'id': 'e6c58f3c-ab78-11e4-a9de-04013c27e701', 'parent_id': 'c627729a-ab78-11e4-b8a7-04013c27e701', 'object_typeid': 'bad911de-3bd6-47b9-8b46-3476e237cb36', 'istimeless': False, 'thumbid': None, 'objecttypename': 'Shot', 'statusid': 'bd7c547e-ab02-11e4-bf6a-04013c27e701', 'taskid': 'e6c58f3c-ab78-11e4-a9de-04013c27e701', 'name': 'sh001'}')>
2015-02-06 14:51:09 - plugins.version_to_task_update: INFO: <task('{'sort': 0.0, 'typeid': '44dd3ed2-4164-11df-9218-0019bb4983d8', 'showid': '1552f58e-ab78-11e4-b8a7-04013c27e701', 'entityId': 'c627729a-ab78-11e4-b8a7-04013c27e701', 'description': '', 'isopen': False, 'isrequirecomment': False, 'entityType': 'task', 'context_type': 'task', 'priorityid': '9661b320-3a0c-11e2-81c1-0800200c9a66', 'id': 'c627729a-ab78-11e4-b8a7-04013c27e701', 'parent_id': '1552f58e-ab78-11e4-b8a7-04013c27e701', 'object_typeid': 'e5139355-61da-4c8f-9db4-3abc870166bc', 'istimeless': False, 'thumbid': None, 'objecttypename': 'Sequence', 'statusid': 'bd7c547e-ab02-11e4-bf6a-04013c27e701', 'taskid': 'c627729a-ab78-11e4-b8a7-04013c27e701', 'name': 'sq001'}')>
2015-02-06 14:51:09 - plugins.version_to_task_update: INFO: None
2015-02-06 14:51:47 - server: INFO: Reloaded version_to_task_update
2015-02-06 14:51:47 - server: INFO: Reloaded version_to_task_update
2015-02-06 14:51:56 - plugins.version_to_task_update: INFO: {u'entityId': u'bb5cef4c-ae08-11e4-b8a7-04013c27e701', u'entityType': u'assetversion', u'parentId': u'bb5c6bc6-ae08-11e4-b8a7-04013c27e701'}
2015-02-06 14:51:56 - plugins.version_to_task_update: INFO: {u'entityId': u'bb5c6bc6-ae08-11e4-b8a7-04013c27e701', u'entityType': u'asset', u'parentId': u'e6c58f3c-ab78-11e4-a9de-04013c27e701'}
2015-02-06 14:51:56 - plugins.version_to_task_update: INFO: {u'entityId': u'e6c58f3c-ab78-11e4-a9de-04013c27e701', u'entityType': u'task', u'parentId': u'c627729a-ab78-11e4-b8a7-04013c27e701'}
2015-02-06 14:51:56 - plugins.version_to_task_update: INFO: {u'entityId': u'c627729a-ab78-11e4-b8a7-04013c27e701', u'entityType': u'task', u'parentId': u'1552f58e-ab78-11e4-b8a7-04013c27e701'}
2015-02-06 14:51:56 - plugins.version_to_task_update: INFO: {u'entityId': u'1552f58e-ab78-11e4-b8a7-04013c27e701', u'entityType': u'show', u'parentId': None}
2015-02-06 14:51:56 - plugins.version_to_task_update: INFO: None
2015-02-06 16:33:06 - server: WARNING: InvalidType: Returned ids from {'module': <module 'plugins.utils' from 'K:\tools\FTrack\ftrack-server\plugins\utils.pyc'>}.register() was <type 'NoneType'>
2015-02-06 16:33:06 - requests.packages.urllib3.connectionpool: INFO: Starting new HTTPS connection (1): beta-bait.ftrackapp.com
2015-02-06 16:33:29 - plugins.version_to_task_update: INFO: {u'entityId': u'bb5cef4c-ae08-11e4-b8a7-04013c27e701', u'entityType': u'assetversion', u'parentId': u'bb5c6bc6-ae08-11e4-b8a7-04013c27e701'}
2015-02-06 16:33:29 - plugins.version_to_task_update: INFO: {u'entityId': u'bb5c6bc6-ae08-11e4-b8a7-04013c27e701', u'entityType': u'asset', u'parentId': u'e6c58f3c-ab78-11e4-a9de-04013c27e701'}
2015-02-06 16:33:29 - plugins.version_to_task_update: INFO: {u'entityId': u'e6c58f3c-ab78-11e4-a9de-04013c27e701', u'entityType': u'task', u'parentId': u'c627729a-ab78-11e4-b8a7-04013c27e701'}
2015-02-06 16:33:29 - plugins.version_to_task_update: INFO: {u'entityId': u'c627729a-ab78-11e4-b8a7-04013c27e701', u'entityType': u'task', u'parentId': u'1552f58e-ab78-11e4-b8a7-04013c27e701'}
2015-02-06 16:33:29 - plugins.version_to_task_update: INFO: {u'entityId': u'1552f58e-ab78-11e4-b8a7-04013c27e701', u'entityType': u'show', u'parentId': None}
2015-02-06 16:33:29 - plugins.version_to_task_update: INFO: None
2015-02-06 16:35:07 - server: INFO: Reloaded version_to_task_update
2015-02-06 16:35:07 - server: INFO: Reloaded version_to_task_update
2015-02-06 16:35:12 - plugins.version_to_task_update: INFO: <task('{'sort': 0.0, 'typeid': '44dd3ed2-4164-11df-9218-0019bb4983d8', 'showid': '1552f58e-ab78-11e4-b8a7-04013c27e701', 'entityId': 'e6c58f3c-ab78-11e4-a9de-04013c27e701', 'description': '', 'isopen': False, 'isrequirecomment': False, 'entityType': 'task', 'context_type': 'task', 'priorityid': '9661b320-3a0c-11e2-81c1-0800200c9a66', 'id': 'e6c58f3c-ab78-11e4-a9de-04013c27e701', 'parent_id': 'c627729a-ab78-11e4-b8a7-04013c27e701', 'object_typeid': 'bad911de-3bd6-47b9-8b46-3476e237cb36', 'istimeless': False, 'thumbid': None, 'objecttypename': 'Shot', 'statusid': 'bd7c547e-ab02-11e4-bf6a-04013c27e701', 'taskid': 'e6c58f3c-ab78-11e4-a9de-04013c27e701', 'name': 'sh001'}')>
2015-02-06 16:35:12 - plugins.version_to_task_update: INFO: <task('{'sort': 0.0, 'typeid': '44dd3ed2-4164-11df-9218-0019bb4983d8', 'showid': '1552f58e-ab78-11e4-b8a7-04013c27e701', 'entityId': 'c627729a-ab78-11e4-b8a7-04013c27e701', 'description': '', 'isopen': False, 'isrequirecomment': False, 'entityType': 'task', 'context_type': 'task', 'priorityid': '9661b320-3a0c-11e2-81c1-0800200c9a66', 'id': 'c627729a-ab78-11e4-b8a7-04013c27e701', 'parent_id': '1552f58e-ab78-11e4-b8a7-04013c27e701', 'object_typeid': 'e5139355-61da-4c8f-9db4-3abc870166bc', 'istimeless': False, 'thumbid': None, 'objecttypename': 'Sequence', 'statusid': 'bd7c547e-ab02-11e4-bf6a-04013c27e701', 'taskid': 'c627729a-ab78-11e4-b8a7-04013c27e701', 'name': 'sq001'}')>
2015-02-06 16:35:12 - plugins.version_to_task_update: INFO: <task('{'sort': 0.0, 'typeid': '44dd3ed2-4164-11df-9218-0019bb4983d8', 'showid': '1552f58e-ab78-11e4-b8a7-04013c27e701', 'entityId': 'c627729a-ab78-11e4-b8a7-04013c27e701', 'description': '', 'isopen': False, 'isrequirecomment': False, 'entityType': 'task', 'context_type': 'task', 'priorityid': '9661b320-3a0c-11e2-81c1-0800200c9a66', 'id': 'c627729a-ab78-11e4-b8a7-04013c27e701', 'parent_id': '1552f58e-ab78-11e4-b8a7-04013c27e701', 'object_typeid': 'e5139355-61da-4c8f-9db4-3abc870166bc', 'istimeless': False, 'thumbid': None, 'objecttypename': 'Sequence', 'statusid': 'bd7c547e-ab02-11e4-bf6a-04013c27e701', 'taskid': 'c627729a-ab78-11e4-b8a7-04013c27e701', 'name': 'sq001'}')>
2015-02-06 16:35:50 - server: INFO: Reloaded version_to_task_update
2015-02-06 16:35:50 - server: INFO: Reloaded version_to_task_update
2015-02-06 16:35:56 - plugins.version_to_task_update: INFO: <task('{'sort': 0.0, 'typeid': '44dd3ed2-4164-11df-9218-0019bb4983d8', 'showid': '1552f58e-ab78-11e4-b8a7-04013c27e701', 'entityId': 'e6c58f3c-ab78-11e4-a9de-04013c27e701', 'description': '', 'isopen': False, 'isrequirecomment': False, 'entityType': 'task', 'context_type': 'task', 'priorityid': '9661b320-3a0c-11e2-81c1-0800200c9a66', 'id': 'e6c58f3c-ab78-11e4-a9de-04013c27e701', 'parent_id': 'c627729a-ab78-11e4-b8a7-04013c27e701', 'object_typeid': 'bad911de-3bd6-47b9-8b46-3476e237cb36', 'istimeless': False, 'thumbid': None, 'objecttypename': 'Shot', 'statusid': 'bd7c547e-ab02-11e4-bf6a-04013c27e701', 'taskid': 'e6c58f3c-ab78-11e4-a9de-04013c27e701', 'name': 'sh001'}')>
2015-02-06 16:37:56 - server: INFO: Reloaded version_to_task_update
2015-02-06 16:37:56 - server: INFO: Reloaded version_to_task_update
2015-02-06 16:38:00 - plugins.version_to_task_update: INFO: {u'entityId': u'bb5cef4c-ae08-11e4-b8a7-04013c27e701', u'entityType': u'assetversion', u'parentId': u'bb5c6bc6-ae08-11e4-b8a7-04013c27e701'}
2015-02-06 16:38:00 - plugins.version_to_task_update: INFO: {u'entityId': u'bb5c6bc6-ae08-11e4-b8a7-04013c27e701', u'entityType': u'asset', u'parentId': u'e6c58f3c-ab78-11e4-a9de-04013c27e701'}
2015-02-06 16:38:00 - plugins.version_to_task_update: INFO: {u'entityId': u'e6c58f3c-ab78-11e4-a9de-04013c27e701', u'entityType': u'task', u'parentId': u'c627729a-ab78-11e4-b8a7-04013c27e701'}
2015-02-06 16:38:00 - plugins.version_to_task_update: INFO: {u'entityId': u'c627729a-ab78-11e4-b8a7-04013c27e701', u'entityType': u'task', u'parentId': u'1552f58e-ab78-11e4-b8a7-04013c27e701'}
2015-02-06 16:38:00 - plugins.version_to_task_update: INFO: {u'entityId': u'1552f58e-ab78-11e4-b8a7-04013c27e701', u'entityType': u'show', u'parentId': None}
2015-02-06 16:38:00 - plugins.version_to_task_update: INFO: None
2015-02-06 16:38:46 - server: INFO: Reloaded version_to_task_update
2015-02-06 16:38:46 - server: INFO: Reloaded version_to_task_update
2015-02-06 16:38:50 - plugins.version_to_task_update: INFO: <asset_version('{'comment': '', 'assetid': 'bb5c6bc6-ae08-11e4-b8a7-04013c27e701', 'entityType': 'asset_version', 'userid': '58289fe6-a815-11e4-afc9-04013c27e701', 'ispublished': True, 'date': <DateTime '20150206T14:02:05' at 2c43a48>, 'versionid': 'bb5cef4c-ae08-11e4-b8a7-04013c27e701', 'version': 1, 'taskid': '13b3f33a-ab79-11e4-9215-04013c27e701', 'thumbid': 'bdf7ada0-ae08-11e4-b8a7-04013c27e701', 'entityId': 'bb5cef4c-ae08-11e4-b8a7-04013c27e701', 'statusid': '44ddd0fe-4164-11df-9218-0019bb4983d8'}')>
2015-02-06 16:39:42 - server: INFO: Reloaded version_to_task_update
2015-02-06 16:39:42 - server: INFO: Reloaded version_to_task_update
2015-02-06 16:39:46 - plugins.version_to_task_update: INFO: <asset_version('{'comment': '', 'assetid': 'bb5c6bc6-ae08-11e4-b8a7-04013c27e701', 'entityType': 'asset_version', 'userid': '58289fe6-a815-11e4-afc9-04013c27e701', 'ispublished': True, 'date': <DateTime '20150206T14:02:05' at 2c43a88>, 'versionid': 'bb5cef4c-ae08-11e4-b8a7-04013c27e701', 'version': 1, 'taskid': '13b3f33a-ab79-11e4-9215-04013c27e701', 'thumbid': 'bdf7ada0-ae08-11e4-b8a7-04013c27e701', 'entityId': 'bb5cef4c-ae08-11e4-b8a7-04013c27e701', 'statusid': 'cd90c624-ab02-11e4-bf6a-04013c27e701'}')>
2015-02-06 16:39:46 - plugins.version_to_task_update: INFO: <task('{'showid': '1552f58e-ab78-11e4-b8a7-04013c27e701', 'isrequirecomment': False, 'entityType': 'task', 'object_typeid': '11c137c0-ee7e-4f9c-91c5-8c77cec22b2c', 'objecttypename': 'Task', 'id': '13b3f33a-ab79-11e4-9215-04013c27e701', 'startdate': None, 'taskid': '13b3f33a-ab79-11e4-9215-04013c27e701', 'statusid': '44ddd0fe-4164-11df-9218-0019bb4983d8', 'parent_id': 'e6c58f3c-ab78-11e4-a9de-04013c27e701', 'istimeless': False, 'thumbid': None, 'sort': 0.0, 'description': '', 'bid': 0.0, 'entityId': '13b3f33a-ab79-11e4-9215-04013c27e701', 'typeid': '44dd23b6-4164-11df-9218-0019bb4983d8', 'enddate': None, 'name': 'Compositing', 'isopen': False, 'context_type': 'task', 'priorityid': '9661b320-3a0c-11e2-81c1-0800200c9a66'}')>
2015-02-06 16:41:50 - server: INFO: Reloaded version_to_task_update
2015-02-06 16:41:50 - server: INFO: Reloaded version_to_task_update
2015-02-06 16:48:45 - server: INFO: Reloaded version_to_task_update
2015-02-06 16:48:45 - server: INFO: Reloaded version_to_task_update
2015-02-06 16:48:55 - plugins.version_to_task_update: INFO: film_test/sq001/sh001/Compositing updated to Supervisor Review
2015-02-06 16:51:48 - server: INFO: Reloaded next_task_update
2015-02-06 16:51:48 - server: INFO: Reloaded next_task_update
2015-02-06 16:52:39 - server: INFO: Reloaded next_task_update
2015-02-06 16:52:39 - server: INFO: Reloaded next_task_update
2015-02-06 16:52:39 - server: INFO: Reloaded next_task_update
2015-02-06 16:52:44 - server: INFO: Reloaded version_to_task_update
2015-02-06 16:52:44 - server: INFO: Reloaded version_to_task_update
2015-02-06 16:52:49 - plugins.version_to_task_update: INFO: film_test/sq001/sh001/Compositing updated to "Rendering"
2015-02-06 16:54:00 - FTrackCore.api.event.hub.EventHub: ERROR: Error calling subscriber <Subscriber metadata={'id': 'c1cddb193fe14d7bb5f393b58ef7f585'} subscription=topic=ftrack.update> for event <Event {'topic': u'ftrack.update', 'source': {u'applicationId': u'ftrack.client.web', u'user': {u'id': u'58289fe6-a815-11e4-afc9-04013c27e701'}, u'id': u'33186a18-ae11-11e4-8da3-04013c27e701'}, 'target': u'', 'sent': None, 'data': {u'entities': [{u'keys': [u'statusid'], u'entityType': u'task', u'parents': [{u'entityId': u'13cb41c0-ab79-11e4-9215-04013c27e701', u'entityType': u'task', u'parentId': u'e6c58f3c-ab78-11e4-a9de-04013c27e701'}, {u'entityId': u'e6c58f3c-ab78-11e4-a9de-04013c27e701', u'entityType': u'task', u'parentId': u'c627729a-ab78-11e4-b8a7-04013c27e701'}, {u'entityId': u'c627729a-ab78-11e4-b8a7-04013c27e701', u'entityType': u'task', u'parentId': u'1552f58e-ab78-11e4-b8a7-04013c27e701'}, {u'entityId': u'1552f58e-ab78-11e4-b8a7-04013c27e701', u'entityType': u'show', u'parentId': None}], u'parentId': u'e6c58f3c-ab78-11e4-a9de-04013c27e701', u'action': u'update', u'entityId': u'13cb41c0-ab79-11e4-9215-04013c27e701'}], u'pushToken': u'340eb5d0ae1111e4a72004013c27e701', u'parents': [u'1552f58e-ab78-11e4-b8a7-04013c27e701', u'13cb41c0-ab79-11e4-9215-04013c27e701', u'c627729a-ab78-11e4-b8a7-04013c27e701', u'e6c58f3c-ab78-11e4-a9de-04013c27e701', u'58289fe6-a815-11e4-afc9-04013c27e701'], u'user': {u'userid': u'58289fe6-a815-11e4-afc9-04013c27e701', u'name': u'Toke Jepsen'}, u'clientToken': u'33186a18-ae11-11e4-8da3-04013c27e701'}, 'id': u'8f58ed0ef0f44273835a0ea7a5745dd9', 'inReplyToEvent': None}>.
Traceback (most recent call last):
  File "K:\tools\FTrack\ftrack-api\FTrackCore.egg\FTrackCore\api\event\hub.py", line 649, in _handle
    response = subscriber.callback(event)
  File "K:\tools\FTrack\ftrack-server\plugins\next_task_update.py", line 35, in callback
    next_task = ftrack_utils.GetNextTask(task)
NameError: global name 'ftrack_utils' is not defined
2015-02-06 16:54:15 - server: INFO: Reloaded next_task_update
2015-02-06 16:54:15 - server: INFO: Reloaded next_task_update
2015-02-06 16:54:28 - plugins.next_task_update: INFO: film_test/sq001/sh001/Compositing updated to "Not started"
2015-02-06 16:55:17 - server: INFO: Reloaded next_task_update
2015-02-06 16:55:17 - server: INFO: Reloaded next_task_update
2015-02-06 16:55:17 - server: INFO: Reloaded next_task_update
2015-02-06 16:55:54 - server: INFO: Reloaded version_to_task_update
2015-02-06 16:55:54 - server: INFO: Reloaded version_to_task_update
2015-02-06 16:58:06 - server: WARNING: InvalidType: Returned ids from {'module': <module 'plugins.utils' from 'K:\tools\FTrack\ftrack-server\plugins\utils.pyc'>}.register() was <type 'NoneType'>
2015-02-06 16:58:06 - requests.packages.urllib3.connectionpool: INFO: Starting new HTTPS connection (1): beta-bait.ftrackapp.com
2015-02-06 16:58:15 - server: WARNING: Failed to reload version_to_task_update - Copy
2015-02-06 16:58:22 - server: WARNING: Failed to reload task_to_shot_update
2015-02-06 16:58:22 - server: WARNING: Failed to reload task_to_shot_update
2015-02-06 16:58:38 - server: WARNING: InvalidType: Returned ids from {'module': <module 'plugins.utils' from 'K:\tools\FTrack\ftrack-server\plugins\utils.pyc'>}.register() was <type 'NoneType'>
2015-02-06 16:58:38 - requests.packages.urllib3.connectionpool: INFO: Starting new HTTPS connection (1): beta-bait.ftrackapp.com
2015-02-06 16:59:15 - server: WARNING: InvalidType: Returned ids from {'module': <module 'plugins.utils' from 'K:\tools\FTrack\ftrack-server\plugins\utils.pyc'>}.register() was <type 'NoneType'>
2015-02-06 16:59:15 - requests.packages.urllib3.connectionpool: INFO: Starting new HTTPS connection (1): beta-bait.ftrackapp.com
2015-02-06 17:00:56 - server: INFO: Reloaded task_to_shot_update
2015-02-06 17:00:56 - server: INFO: Reloaded task_to_shot_update
2015-02-06 17:01:06 - plugins.task_to_shot_update: INFO: <task('{'showid': '1552f58e-ab78-11e4-b8a7-04013c27e701', 'isrequirecomment': False, 'entityType': 'task', 'object_typeid': '11c137c0-ee7e-4f9c-91c5-8c77cec22b2c', 'objecttypename': 'Task', 'id': '13cb41c0-ab79-11e4-9215-04013c27e701', 'startdate': None, 'taskid': '13cb41c0-ab79-11e4-9215-04013c27e701', 'statusid': '44ddd0fe-4164-11df-9218-0019bb4983d8', 'parent_id': 'e6c58f3c-ab78-11e4-a9de-04013c27e701', 'istimeless': False, 'thumbid': None, 'sort': 0.0, 'description': '', 'bid': 0.0, 'entityId': '13cb41c0-ab79-11e4-9215-04013c27e701', 'typeid': '44dd08fe-4164-11df-9218-0019bb4983d8', 'enddate': None, 'name': 'Lighting', 'isopen': False, 'context_type': 'task', 'priorityid': '9661b320-3a0c-11e2-81c1-0800200c9a66'}')>
2015-02-06 17:01:37 - plugins.task_to_shot_update: INFO: <task('{'sort': 0.0, 'typeid': '44dd3ed2-4164-11df-9218-0019bb4983d8', 'showid': '1552f58e-ab78-11e4-b8a7-04013c27e701', 'entityId': 'e6c58f3c-ab78-11e4-a9de-04013c27e701', 'description': '', 'isopen': False, 'isrequirecomment': False, 'entityType': 'task', 'context_type': 'task', 'priorityid': '9661b320-3a0c-11e2-81c1-0800200c9a66', 'id': 'e6c58f3c-ab78-11e4-a9de-04013c27e701', 'parent_id': 'c627729a-ab78-11e4-b8a7-04013c27e701', 'object_typeid': 'bad911de-3bd6-47b9-8b46-3476e237cb36', 'istimeless': False, 'thumbid': None, 'objecttypename': 'Shot', 'statusid': 'c4560696-ab02-11e4-bf6a-04013c27e701', 'taskid': 'e6c58f3c-ab78-11e4-a9de-04013c27e701', 'name': 'sh001'}')>
2015-02-06 17:02:56 - server: INFO: Reloaded task_to_shot_update
2015-02-06 17:02:56 - server: INFO: Reloaded task_to_shot_update
2015-02-06 17:02:56 - server: INFO: Reloaded task_to_shot_update
2015-02-06 17:03:08 - plugins.task_to_shot_update: INFO: <task('{'showid': '1552f58e-ab78-11e4-b8a7-04013c27e701', 'isrequirecomment': False, 'entityType': 'task', 'object_typeid': '11c137c0-ee7e-4f9c-91c5-8c77cec22b2c', 'objecttypename': 'Task', 'id': '13b3f33a-ab79-11e4-9215-04013c27e701', 'startdate': None, 'taskid': '13b3f33a-ab79-11e4-9215-04013c27e701', 'statusid': 'bd7c547e-ab02-11e4-bf6a-04013c27e701', 'parent_id': 'e6c58f3c-ab78-11e4-a9de-04013c27e701', 'istimeless': False, 'thumbid': None, 'sort': 0.0, 'description': '', 'bid': 0.0, 'entityId': '13b3f33a-ab79-11e4-9215-04013c27e701', 'typeid': '44dd23b6-4164-11df-9218-0019bb4983d8', 'enddate': None, 'name': 'Compositing', 'isopen': False, 'context_type': 'task', 'priorityid': '9661b320-3a0c-11e2-81c1-0800200c9a66'}')>
2015-02-06 17:04:15 - server: INFO: Reloaded task_to_shot_update
2015-02-06 17:04:15 - server: INFO: Reloaded task_to_shot_update
2015-02-06 17:04:15 - server: INFO: Reloaded task_to_shot_update
2015-02-06 17:04:24 - plugins.task_to_shot_update: INFO: <task('{'showid': '1552f58e-ab78-11e4-b8a7-04013c27e701', 'isrequirecomment': False, 'entityType': 'task', 'object_typeid': '11c137c0-ee7e-4f9c-91c5-8c77cec22b2c', 'objecttypename': 'Task', 'id': '13b3f33a-ab79-11e4-9215-04013c27e701', 'startdate': None, 'taskid': '13b3f33a-ab79-11e4-9215-04013c27e701', 'statusid': 'ce75e0f4-ab90-11e4-b8a7-04013c27e701', 'parent_id': 'e6c58f3c-ab78-11e4-a9de-04013c27e701', 'istimeless': False, 'thumbid': None, 'sort': 0.0, 'description': '', 'bid': 0.0, 'entityId': '13b3f33a-ab79-11e4-9215-04013c27e701', 'typeid': '44dd23b6-4164-11df-9218-0019bb4983d8', 'enddate': None, 'name': 'Compositing', 'isopen': False, 'context_type': 'task', 'priorityid': '9661b320-3a0c-11e2-81c1-0800200c9a66'}')>
2015-02-06 17:04:37 - server: INFO: Reloaded task_to_shot_update
2015-02-06 17:04:37 - server: INFO: Reloaded task_to_shot_update
2015-02-06 17:04:44 - plugins.task_to_shot_update: INFO: <task('{'sort': 0.0, 'typeid': '44dd3ed2-4164-11df-9218-0019bb4983d8', 'showid': '1552f58e-ab78-11e4-b8a7-04013c27e701', 'entityId': 'e6c58f3c-ab78-11e4-a9de-04013c27e701', 'description': '', 'isopen': False, 'isrequirecomment': False, 'entityType': 'task', 'context_type': 'task', 'priorityid': '9661b320-3a0c-11e2-81c1-0800200c9a66', 'id': 'e6c58f3c-ab78-11e4-a9de-04013c27e701', 'parent_id': 'c627729a-ab78-11e4-b8a7-04013c27e701', 'object_typeid': 'bad911de-3bd6-47b9-8b46-3476e237cb36', 'istimeless': False, 'thumbid': None, 'objecttypename': 'Shot', 'statusid': 'cd90c624-ab02-11e4-bf6a-04013c27e701', 'taskid': 'e6c58f3c-ab78-11e4-a9de-04013c27e701', 'name': 'sh001'}')>
2015-02-06 17:05:54 - server: INFO: Reloaded task_to_shot_update
2015-02-06 17:05:54 - server: INFO: Reloaded task_to_shot_update
2015-02-06 17:05:54 - server: INFO: Reloaded task_to_shot_update
2015-02-06 17:07:56 - server: INFO: Reloaded task_to_shot_update
2015-02-06 17:07:56 - server: INFO: Reloaded task_to_shot_update
2015-02-06 17:07:56 - server: INFO: Reloaded task_to_shot_update
2015-02-06 17:08:06 - plugins.task_to_shot_update: INFO: film_test/sq001/sh001/sh001 updated to "In progress"
2015-02-06 17:08:38 - server: INFO: Reloaded task_to_shot_update
2015-02-06 17:08:38 - server: INFO: Reloaded task_to_shot_update
2015-02-06 17:08:45 - plugins.task_to_shot_update: INFO: film_test/sq001/sh001 updated to "Not ready"
2015-02-06 17:11:05 - server: INFO: Reloaded task_to_shot_update
2015-02-06 17:11:05 - server: INFO: Reloaded task_to_shot_update
