2015-02-11 15:02:43,407 - server: WARNING: InvalidType: Returned ids from {'module': <module 'plugins.utils' from 'K:\tools\FTrack\ftrack-server\plugins\utils.pyc'>}.register() was <type 'NoneType'>
2015-02-11 15:02:43,523 - requests.packages.urllib3.connectionpool: INFO: Starting new HTTPS connection (1): bait.ftrackapp.com
2015-02-11 15:05:14,334 - plugins.task_to_shot_update: INFO: the_call_up/sq001/tcu_008_020 updated to "Not Ready"
2015-02-11 15:05:19,785 - plugins.task_to_shot_update: INFO: the_call_up/sq001/tcu_008_020 updated to "Complete"
2015-02-11 15:05:20,131 - FTrackCore.api.event.hub.EventHub: ERROR: Error calling subscriber <Subscriber metadata={'id': 'bc9124af0ea348e8bf88a7be6b7da151'} subscription=topic=ftrack.update> for event <Event {'topic': u'ftrack.update', 'source': {u'applicationId': u'ftrack.client.web', u'user': {u'id': u'b0fdb9ba-b037-11e4-ac9f-040112b6a801'}, u'id': u'f5d85c8a-b1fd-11e4-a892-040112b6a801'}, 'target': u'', 'sent': None, 'data': {u'entities': [{u'keys': [u'statusid'], u'entityType': u'task', u'parents': [{u'entityId': u'056ec58a-b1fe-11e4-95df-040112b6a801', u'entityType': u'task', u'parentId': u'04ab2a1c-b1fe-11e4-81a7-040112b6a801'}, {u'entityId': u'04ab2a1c-b1fe-11e4-81a7-040112b6a801', u'entityType': u'task', u'parentId': u'3c416908-b1e7-11e4-9025-040112b6a801'}, {u'entityId': u'3c416908-b1e7-11e4-9025-040112b6a801', u'entityType': u'task', u'parentId': u'26d1ccf6-b07b-11e4-b40c-040112b6a801'}, {u'entityId': u'26d1ccf6-b07b-11e4-b40c-040112b6a801', u'entityType': u'show', u'parentId': None}], u'parentId': u'04ab2a1c-b1fe-11e4-81a7-040112b6a801', u'action': u'update', u'entityId': u'056ec58a-b1fe-11e4-95df-040112b6a801'}], u'pushToken': u'f7919672b1fd11e495df040112b6a801', u'parents': [u'056ec58a-b1fe-11e4-95df-040112b6a801', u'26d1ccf6-b07b-11e4-b40c-040112b6a801', u'3c416908-b1e7-11e4-9025-040112b6a801', u'04ab2a1c-b1fe-11e4-81a7-040112b6a801'], u'user': {u'userid': u'b0fdb9ba-b037-11e4-ac9f-040112b6a801', u'name': u'Toke Jepsen'}, u'clientToken': u'f5d85c8a-b1fd-11e4-a892-040112b6a801'}, 'id': u'4c3e11b1d1ae41afb8f269611cc0cc1f', 'inReplyToEvent': None}>.
Traceback (most recent call last):
  File "K:\tools\FTrack\ftrack-api\FTrackCore.egg\FTrackCore\api\event\hub.py", line 649, in _handle
    response = subscriber.callback(event)
  File "K:\tools\FTrack\ftrack-server\plugins\next_task_update.py", line 36, in callback
    if next_task.getStatus().get('state') == 'NOT_STARTED':
AttributeError: 'NoneType' object has no attribute 'getStatus'
2015-02-11 15:05:20,684 - FTrackCore.api.event.hub.EventHub: ERROR: Error calling subscriber <Subscriber metadata={'id': 'bc9124af0ea348e8bf88a7be6b7da151'} subscription=topic=ftrack.update> for event <Event {'topic': u'ftrack.update', 'source': {u'applicationId': u'ftrack.client.web', u'user': {u'id': u'b0fdb9ba-b037-11e4-ac9f-040112b6a801'}, u'id': None}, 'target': u'', 'sent': None, 'data': {u'entities': [{u'keys': [u'statusid'], u'entityType': u'task', u'parents': [{u'entityId': u'04ab2a1c-b1fe-11e4-81a7-040112b6a801', u'entityType': u'task', u'parentId': u'3c416908-b1e7-11e4-9025-040112b6a801'}, {u'entityId': u'3c416908-b1e7-11e4-9025-040112b6a801', u'entityType': u'task', u'parentId': u'26d1ccf6-b07b-11e4-b40c-040112b6a801'}, {u'entityId': u'26d1ccf6-b07b-11e4-b40c-040112b6a801', u'entityType': u'show', u'parentId': None}], u'parentId': u'3c416908-b1e7-11e4-9025-040112b6a801', u'action': u'update', u'entityId': u'04ab2a1c-b1fe-11e4-81a7-040112b6a801'}], u'pushToken': None, u'parents': [u'26d1ccf6-b07b-11e4-b40c-040112b6a801', u'3c416908-b1e7-11e4-9025-040112b6a801', u'04ab2a1c-b1fe-11e4-81a7-040112b6a801'], u'user': {u'userid': u'b0fdb9ba-b037-11e4-ac9f-040112b6a801', u'name': u'Toke Jepsen'}, u'clientToken': None}, 'id': u'da116a3c80694060a61ae45572176366', 'inReplyToEvent': None}>.
Traceback (most recent call last):
  File "K:\tools\FTrack\ftrack-api\FTrackCore.egg\FTrackCore\api\event\hub.py", line 649, in _handle
    response = subscriber.callback(event)
  File "K:\tools\FTrack\ftrack-server\plugins\next_task_update.py", line 36, in callback
    if next_task.getStatus().get('state') == 'NOT_STARTED':
AttributeError: 'NoneType' object has no attribute 'getStatus'
2015-02-11 15:09:45,368 - server: INFO: Reloaded next_task_update
2015-02-11 15:09:45,378 - server: INFO: Reloaded next_task_update
2015-02-11 15:10:03,562 - plugins.task_to_shot_update: INFO: the_call_up/sq001/tcu_008_020 updated to "Not Ready"
2015-02-11 15:10:58,694 - server: WARNING: InvalidType: Returned ids from {'module': <module 'plugins.utils' from 'K:\tools\FTrack\ftrack-server\plugins\utils.pyc'>}.register() was <type 'NoneType'>
2015-02-11 15:10:58,726 - requests.packages.urllib3.connectionpool: INFO: Starting new HTTPS connection (1): bait.ftrackapp.com
2015-02-11 15:11:08,878 - plugins.task_to_shot_update: INFO: the_call_up/sq001/tcu_008_020 updated to "In Progress"
2015-02-11 15:12:30,694 - server: INFO: Reloaded next_task_update
2015-02-11 15:12:30,704 - server: INFO: Reloaded next_task_update
2015-02-11 15:12:30,711 - server: INFO: Reloaded next_task_update
2015-02-11 15:12:40,737 - FTrackCore.api.event.hub.EventHub: ERROR: Error calling subscriber <Subscriber metadata={'id': '77c99d0a2c914674afdadcf37fa2c4e3'} subscription=topic=ftrack.update> for event <Event {'topic': u'ftrack.update', 'source': {u'applicationId': u'ftrack.client.web', u'user': {u'id': u'b0fdb9ba-b037-11e4-ac9f-040112b6a801'}, u'id': u'f5d85c8a-b1fd-11e4-a892-040112b6a801'}, 'target': u'', 'sent': None, 'data': {u'entities': [{u'keys': [u'statusid'], u'entityType': u'task', u'parents': [{u'entityId': u'056ec58a-b1fe-11e4-95df-040112b6a801', u'entityType': u'task', u'parentId': u'04ab2a1c-b1fe-11e4-81a7-040112b6a801'}, {u'entityId': u'04ab2a1c-b1fe-11e4-81a7-040112b6a801', u'entityType': u'task', u'parentId': u'3c416908-b1e7-11e4-9025-040112b6a801'}, {u'entityId': u'3c416908-b1e7-11e4-9025-040112b6a801', u'entityType': u'task', u'parentId': u'26d1ccf6-b07b-11e4-b40c-040112b6a801'}, {u'entityId': u'26d1ccf6-b07b-11e4-b40c-040112b6a801', u'entityType': u'show', u'parentId': None}], u'parentId': u'04ab2a1c-b1fe-11e4-81a7-040112b6a801', u'action': u'update', u'entityId': u'056ec58a-b1fe-11e4-95df-040112b6a801'}], u'pushToken': u'f7919672b1fd11e495df040112b6a801', u'parents': [u'056ec58a-b1fe-11e4-95df-040112b6a801', u'26d1ccf6-b07b-11e4-b40c-040112b6a801', u'3c416908-b1e7-11e4-9025-040112b6a801', u'04ab2a1c-b1fe-11e4-81a7-040112b6a801'], u'user': {u'userid': u'b0fdb9ba-b037-11e4-ac9f-040112b6a801', u'name': u'Toke Jepsen'}, u'clientToken': u'f5d85c8a-b1fd-11e4-a892-040112b6a801'}, 'id': u'182ba112bb6044118130915a71a3220f', 'inReplyToEvent': None}>.
Traceback (most recent call last):
  File "K:\tools\FTrack\ftrack-api\FTrackCore.egg\FTrackCore\api\event\hub.py", line 649, in _handle
    response = subscriber.callback(event)
  File "K:\tools\FTrack\ftrack-server\plugins\task_to_shot_update.py", line 32, in callback
    shot.setStatus(task.getStatus())
  File "K:\tools\FTrack\ftrack-api\FTrackCore.egg\FTrackCore\api\client.py", line 504, in setStatus
    return self.set('statusid',status.get('statusid'))
  File "K:\tools\FTrack\ftrack-api\FTrackCore.egg\FTrackCore\api\ftobject.py", line 120, in set
    response = self.xmlServer.action('set',data)
  File "K:\tools\FTrack\ftrack-api\FTrackCore.egg\FTrackCore\api\xmlserver.py", line 303, in action
    return self._verifyResponse(response)
  File "K:\tools\FTrack\ftrack-api\FTrackCore.egg\FTrackCore\api\xmlserver.py", line 187, in _verifyResponse
    raise PermissionDeniedError(response['detail'])
PermissionDeniedError: The status is not valid for this object
2015-02-11 15:16:31,819 - server: WARNING: InvalidType: Returned ids from {'module': <module 'plugins.utils' from 'K:\tools\FTrack\ftrack-server\plugins\utils.pyc'>}.register() was <type 'NoneType'>
2015-02-11 15:17:45,290 - server: WARNING: InvalidType: Returned ids from {'module': <module 'plugins.utils' from 'K:\tools\FTrack\ftrack-server\plugins\utils.pyc'>}.register() was <type 'NoneType'>
2015-02-11 15:22:14,920 - server: WARNING: InvalidType: Returned ids from {'module': <module 'plugins.utils' from 'K:\tools\FTrack\ftrack-server\plugins\utils.pyc'>}.register() was <type 'NoneType'>
2015-02-11 15:29:17,779 - server - WARNING - InvalidType: Returned ids from {'module': <module 'plugins.utils' from 'K:\tools\FTrack\ftrack-server\plugins\utils.pyc'>}.register() was <type 'NoneType'>
2015-02-11 15:30:49,690 - server - ERROR - Reload of next_task_update failed: EOF while scanning triple-quoted string literal (next_task_update.py, line 58)
2015-02-11 15:30:59,594 - server - ERROR - Reload of next_task_update failed: Cannot unsubscribe missing subscriber with identifier c54aeea8b11d4246a7cd04ca25b4583f
2015-02-11 15:31:10,394 - server - WARNING - InvalidType: Returned ids from {'module': <module 'plugins.utils' from 'K:\tools\FTrack\ftrack-server\plugins\utils.pyc'>}.register() was <type 'NoneType'>
2015-02-11 15:32:46,609 - server - WARNING - InvalidType: Returned ids from {'module': <module 'plugins.utils' from 'K:\tools\FTrack\ftrack-server\plugins\utils.pyc'>}.register() was <type 'NoneType'>
2015-02-11 15:34:22,456 - server - INFO - Reloaded next_task_update
2015-02-11 15:34:22,467 - server - INFO - Reloaded next_task_update
2015-02-11 15:34:22,473 - server - INFO - Reloaded next_task_update
2015-02-11 15:36:30,551 - server - INFO - Reloaded next_task_update
2015-02-11 15:36:30,562 - server - INFO - Reloaded next_task_update
2015-02-11 15:36:30,569 - server - INFO - Reloaded next_task_update
2015-02-11 15:37:40,532 - server - INFO - Reloaded next_task_update
2015-02-11 15:37:40,542 - server - INFO - Reloaded next_task_update
2015-02-11 15:39:48,115 - server - INFO - Reloaded next_task_update
2015-02-11 15:39:48,125 - server - INFO - Reloaded next_task_update
2015-02-11 15:40:25,733 - server - INFO - Reloaded next_task_update
2015-02-11 15:40:25,744 - server - INFO - Reloaded next_task_update
2015-02-11 15:41:41,387 - server - ERROR - Reload of next_task_update failed: name 'project' is not defined
2015-02-11 15:41:41,398 - server - ERROR - Reload of next_task_update failed: Cannot unsubscribe missing subscriber with identifier 42894dfc109f44e0a4cc0f3900ab3e18
2015-02-11 15:42:07,315 - server - ERROR - Reload of next_task_update failed: Cannot unsubscribe missing subscriber with identifier 42894dfc109f44e0a4cc0f3900ab3e18
2015-02-11 15:42:15,509 - server - WARNING - InvalidType: Returned ids from {'module': <module 'plugins.utils' from 'K:\tools\FTrack\ftrack-server\plugins\utils.pyc'>}.register() was <type 'NoneType'>
2015-02-11 15:42:29,832 - server - INFO - Reloaded next_task_update
2015-02-11 15:42:29,842 - server - INFO - Reloaded next_task_update
2015-02-11 15:44:19,161 - server - INFO - Reloaded next_task_update
2015-02-11 15:44:19,173 - server - INFO - Reloaded next_task_update
2015-02-11 15:45:22,742 - server - INFO - Reloaded next_task_update
2015-02-11 15:45:22,753 - server - INFO - Reloaded next_task_update
2015-02-11 15:46:01,589 - server - INFO - Reloaded next_task_update
2015-02-11 15:46:01,601 - server - INFO - Reloaded next_task_update
2015-02-11 15:46:01,608 - server - INFO - Reloaded next_task_update
2015-02-11 15:47:31,167 - server - INFO - Reloaded next_task_update
2015-02-11 15:47:31,177 - server - INFO - Reloaded next_task_update
2015-02-11 15:47:55,194 - server - INFO - Reloaded next_task_update
2015-02-11 15:47:55,206 - server - INFO - Reloaded next_task_update
2015-02-11 15:48:12,259 - server - INFO - Reloaded next_task_update
2015-02-11 15:48:12,272 - server - INFO - Reloaded next_task_update
2015-02-11 15:48:59,598 - server - INFO - Reloaded next_task_update
2015-02-11 15:48:59,618 - server - INFO - Reloaded next_task_update
2015-02-11 15:50:01,457 - server - INFO - Reloaded next_task_update
2015-02-11 15:50:01,469 - server - INFO - Reloaded next_task_update
2015-02-11 15:50:01,476 - server - INFO - Reloaded next_task_update
2015-02-11 15:50:11,515 - server - INFO - Reloaded next_task_update
2015-02-11 15:50:11,526 - server - INFO - Reloaded next_task_update
2015-02-11 15:50:11,535 - server - INFO - Reloaded next_task_update
2015-02-11 15:50:57,013 - server - INFO - Reloaded next_task_update
2015-02-11 15:50:57,025 - server - INFO - Reloaded next_task_update
2015-02-11 15:53:43,529 - server - INFO - Reloaded next_task_update
2015-02-11 15:53:43,540 - server - INFO - Reloaded next_task_update
2015-02-11 15:54:24,915 - server - ERROR - Reload of utils failed: 'ids'
2015-02-11 15:54:24,917 - server - ERROR - Reload of utils failed: 'ids'
2015-02-11 15:54:44,961 - server - INFO - Reloaded next_task_update
2015-02-11 15:54:44,973 - server - INFO - Reloaded next_task_update
2015-02-11 15:54:58,161 - server - WARNING - InvalidType: Returned ids from {'module': <module 'plugins.utils' from 'K:\tools\FTrack\ftrack-server\plugins\utils.py'>}.register() was <type 'NoneType'>
2015-02-11 15:57:07,686 - server - WARNING - InvalidType: Returned ids from {'module': <module 'plugins.utils' from 'K:\tools\FTrack\ftrack-server\plugins\utils.pyc'>}.register() was <type 'NoneType'>
2015-02-11 16:02:05,575 - server - ERROR - Reload of next_task_update failed: u'next_task_update'
2015-02-11 16:02:19,664 - server - WARNING - InvalidType: Returned ids from {'module': <module 'dev_plugins.utils' from 'K:\tools\FTrack\ftrack-server\dev_plugins\utils.pyc'>}.register() was <type 'NoneType'>
2015-02-11 16:03:26,723 - server - ERROR - Reload of next_task_update failed: u'next_task_update'
2015-02-11 16:06:12,223 - server - WARNING - InvalidType: Returned ids from {'module': <module 'plugins.utils' from 'K:\tools\FTrack\ftrack-server\plugins\utils.pyc'>}.register() was <type 'NoneType'>
2015-02-11 16:06:31,052 - server - WARNING - InvalidType: Returned ids from {'module': <module 'dev_plugins.utils' from 'K:\tools\FTrack\ftrack-server\dev_plugins\utils.pyc'>}.register() was <type 'NoneType'>
2015-02-11 16:07:52,588 - server - WARNING - InvalidType: Returned ids from {'module': <module 'plugins.utils' from 'K:\tools\FTrack\ftrack-server\plugins\utils.pyc'>}.register() was <type 'NoneType'>
2015-02-11 16:08:02,507 - server - WARNING - InvalidType: Returned ids from {'module': <module 'dev_plugins.utils' from 'K:\tools\FTrack\ftrack-server\dev_plugins\utils.pyc'>}.register() was <type 'NoneType'>
2015-02-11 16:08:37,186 - server - INFO - Reloaded next_task_update
2015-02-11 16:08:37,197 - server - INFO - Reloaded next_task_update
2015-02-11 16:08:37,206 - server - INFO - Reloaded next_task_update
2015-02-11 16:08:50,671 - server - WARNING - InvalidType: Returned ids from {'module': <module 'plugins.utils' from 'K:\tools\FTrack\ftrack-server\plugins\utils.pyc'>}.register() was <type 'NoneType'>
2015-02-11 16:08:57,622 - server - WARNING - InvalidType: Returned ids from {'module': <module 'dev_plugins.utils' from 'K:\tools\FTrack\ftrack-server\dev_plugins\utils.pyc'>}.register() was <type 'NoneType'>
2015-02-11 16:09:07,144 - server - INFO - Reloaded next_task_update
2015-02-11 16:09:07,157 - server - INFO - Reloaded next_task_update
2015-02-11 16:09:12,368 - server - INFO - Reloaded next_task_update
2015-02-11 16:09:12,380 - server - INFO - Reloaded next_task_update
2015-02-11 16:09:41,630 - server - INFO - Reloaded next_task_update
2015-02-11 16:09:41,641 - server - INFO - Reloaded next_task_update
2015-02-11 16:10:27,645 - server - INFO - Reloaded next_task_update
2015-02-11 16:10:27,657 - server - INFO - Reloaded next_task_update
2015-02-11 16:10:42,184 - server - INFO - Reloaded next_task_update
2015-02-11 16:10:42,196 - server - INFO - Reloaded next_task_update
2015-02-11 16:11:49,999 - server - INFO - Reloaded next_task_update
2015-02-11 16:11:50,010 - server - INFO - Reloaded next_task_update
2015-02-11 16:11:50,019 - server - INFO - Reloaded next_task_update
2015-02-11 16:12:15,223 - server - INFO - Reloaded next_task_update
2015-02-11 16:12:15,234 - server - INFO - Reloaded next_task_update
2015-02-11 16:12:15,243 - server - INFO - Reloaded next_task_update
2015-02-11 16:13:13,956 - server - INFO - Reloaded next_task_update
2015-02-11 16:13:13,967 - server - INFO - Reloaded next_task_update
2015-02-11 16:15:01,430 - server - INFO - Reloaded next_task_update
2015-02-11 16:15:01,443 - server - INFO - Reloaded next_task_update
2015-02-11 16:15:59,459 - server - INFO - Reloaded next_task_update
2015-02-11 16:15:59,470 - server - INFO - Reloaded next_task_update
2015-02-11 16:16:33,746 - server - INFO - Reloaded next_task_update
2015-02-11 16:16:33,756 - server - INFO - Reloaded next_task_update
2015-02-11 16:17:17,894 - server - INFO - Reloaded next_task_update
2015-02-11 16:17:17,905 - server - INFO - Reloaded next_task_update
2015-02-11 16:17:17,914 - server - INFO - Reloaded next_task_update
2015-02-11 16:18:03,339 - server - INFO - Reloaded next_task_update
2015-02-11 16:18:03,362 - server - INFO - Reloaded next_task_update
2015-02-11 16:18:29,875 - server - INFO - Reloaded next_task_update
2015-02-11 16:18:29,887 - server - INFO - Reloaded next_task_update
2015-02-11 16:18:43,357 - server - INFO - Reloaded next_task_update
2015-02-11 16:18:43,368 - server - INFO - Reloaded next_task_update
2015-02-11 16:19:19,779 - server - INFO - Reloaded next_task_update
2015-02-11 16:19:19,790 - server - INFO - Reloaded next_task_update
2015-02-11 16:19:54,329 - server - INFO - Reloaded next_task_update
2015-02-11 16:19:54,342 - server - INFO - Reloaded next_task_update
2015-02-11 16:19:54,349 - server - INFO - Reloaded next_task_update
2015-02-11 16:21:19,079 - server - INFO - Reloaded next_task_update
2015-02-11 16:21:19,092 - server - INFO - Reloaded next_task_update
2015-02-11 16:22:12,345 - server - INFO - Reloaded next_task_update
2015-02-11 16:22:12,355 - server - INFO - Reloaded next_task_update
2015-02-11 16:22:40,713 - server - INFO - Reloaded next_task_update
2015-02-11 16:22:40,724 - server - INFO - Reloaded next_task_update
2015-02-11 16:23:14,573 - server - INFO - Reloaded next_task_update
2015-02-11 16:23:14,585 - server - INFO - Reloaded next_task_update
2015-02-11 16:23:39,224 - server - INFO - Reloaded next_task_update
2015-02-11 16:23:39,236 - server - INFO - Reloaded next_task_update
2015-02-11 16:23:39,243 - server - INFO - Reloaded next_task_update
2015-02-11 16:24:43,457 - server - ERROR - Reload of utils failed: 'ids'
2015-02-11 16:25:07,519 - server - INFO - Reloaded next_task_update
2015-02-11 16:25:07,530 - server - INFO - Reloaded next_task_update
2015-02-11 16:25:16,479 - server - WARNING - InvalidType: Returned ids from {'module': <module 'dev_plugins.utils' from 'K:\tools\FTrack\ftrack-server\dev_plugins\utils.py'>}.register() was <type 'NoneType'>
2015-02-11 16:26:10,946 - server - ERROR - Reload of utils failed: 'ids'
2015-02-11 16:26:17,118 - server - WARNING - InvalidType: Returned ids from {'module': <module 'dev_plugins.utils' from 'K:\tools\FTrack\ftrack-server\dev_plugins\utils.py'>}.register() was <type 'NoneType'>
2015-02-11 16:27:03,036 - server - ERROR - Reload of utils failed: 'ids'
2015-02-11 16:27:03,052 - server - ERROR - Reload of utils failed: 'ids'
2015-02-11 16:27:15,015 - server - WARNING - InvalidType: Returned ids from {'module': <module 'dev_plugins.utils' from 'K:\tools\FTrack\ftrack-server\dev_plugins\utils.py'>}.register() was <type 'NoneType'>
2015-02-11 16:28:50,408 - server - INFO - Reloaded next_task_update
2015-02-11 16:28:50,421 - server - INFO - Reloaded next_task_update
2015-02-11 16:28:50,427 - server - INFO - Reloaded next_task_update
2015-02-11 16:29:14,151 - server - INFO - Reloaded next_task_update
2015-02-11 16:29:14,171 - server - INFO - Reloaded next_task_update
2015-02-11 16:29:41,059 - server - INFO - Reloaded next_task_update
2015-02-11 16:29:41,071 - server - INFO - Reloaded next_task_update
2015-02-11 16:29:41,078 - server - INFO - Reloaded next_task_update
2015-02-11 16:29:48,273 - server - INFO - Reloaded next_task_update
2015-02-11 16:29:48,283 - server - INFO - Reloaded next_task_update
2015-02-11 16:30:44,572 - server - INFO - Reloaded next_task_update
2015-02-11 16:30:44,582 - server - INFO - Reloaded next_task_update
2015-02-11 16:30:44,591 - server - INFO - Reloaded next_task_update
2015-02-11 16:32:40,240 - server - INFO - Reloaded next_task_update
2015-02-11 16:32:40,253 - server - INFO - Reloaded next_task_update
2015-02-11 16:32:40,260 - server - INFO - Reloaded next_task_update
2015-02-11 16:33:21,776 - server - ERROR - Reload of utils failed: 'ids'
2015-02-11 16:33:27,690 - server - ERROR - Reload of utils failed: 'ids'
2015-02-11 16:34:17,369 - server - INFO - Reloaded next_task_update
2015-02-11 16:34:17,381 - server - INFO - Reloaded next_task_update
2015-02-11 16:34:17,388 - server - INFO - Reloaded next_task_update
2015-02-11 16:34:33,927 - server - WARNING - InvalidType: Returned ids from {'module': <module 'dev_plugins.utils' from 'K:\tools\FTrack\ftrack-server\dev_plugins\utils.py'>}.register() was <type 'NoneType'>
2015-02-11 16:34:58,783 - server - INFO - Reloaded next_task_update
2015-02-11 16:34:58,795 - server - INFO - Reloaded next_task_update
2015-02-11 16:35:07,040 - server - WARNING - InvalidType: Returned ids from {'module': <module 'dev_plugins.utils' from 'K:\tools\FTrack\ftrack-server\dev_plugins\utils.pyc'>}.register() was <type 'NoneType'>
2015-02-11 16:35:39,309 - server - ERROR - Reload of utils failed: 'ids'
2015-02-11 16:35:45,921 - server - WARNING - InvalidType: Returned ids from {'module': <module 'dev_plugins.utils' from 'K:\tools\FTrack\ftrack-server\dev_plugins\utils.py'>}.register() was <type 'NoneType'>
2015-02-11 16:36:18,128 - server - INFO - Reloaded next_task_update
2015-02-11 16:36:18,141 - server - INFO - Reloaded next_task_update
2015-02-11 16:39:10,632 - server - INFO - Reloaded next_task_update
2015-02-11 16:39:10,664 - server - INFO - Reloaded next_task_update
2015-02-11 16:39:10,671 - server - INFO - Reloaded next_task_update
2015-02-11 16:40:27,739 - server - INFO - Reloaded next_task_update
2015-02-11 16:40:27,749 - server - INFO - Reloaded next_task_update
2015-02-11 16:43:24,477 - server - INFO - Reloaded next_task_update
2015-02-11 16:43:24,489 - server - INFO - Reloaded next_task_update
2015-02-11 16:43:24,497 - server - INFO - Reloaded next_task_update
2015-02-11 16:44:14,351 - server - INFO - Reloaded next_task_update
2015-02-11 16:44:14,362 - server - INFO - Reloaded next_task_update
2015-02-11 16:45:14,740 - server - ERROR - Reload of next_task_update failed: EOF while scanning triple-quoted string literal (next_task_update.py, line 59)
2015-02-11 16:45:14,750 - server - ERROR - Reload of next_task_update failed: Cannot unsubscribe missing subscriber with identifier c4968682636a49f19e6bba8261f05253
2015-02-11 16:46:02,371 - server - ERROR - Reload of utils failed: 'ids'
2015-02-11 16:46:02,374 - server - ERROR - Reload of utils failed: 'ids'
2015-02-11 16:46:12,323 - server - WARNING - Importing next_task_update failed: EOF while scanning triple-quoted string literal (next_task_update.py, line 59)
2015-02-11 16:46:12,378 - server - WARNING - InvalidType: Returned ids from {'module': <module 'dev_plugins.utils' from 'K:\tools\FTrack\ftrack-server\dev_plugins\utils.py'>}.register() was <type 'NoneType'>
2015-02-11 16:47:31,144 - server - ERROR - Reload of next_task_update failed: u'next_task_update'
2015-02-11 16:47:38,826 - server - WARNING - InvalidType: Returned ids from {'module': <module 'dev_plugins.utils' from 'K:\tools\FTrack\ftrack-server\dev_plugins\utils.pyc'>}.register() was <type 'NoneType'>
2015-02-11 16:49:17,743 - server - ERROR - Reload of utils failed: 'ids'
2015-02-11 16:49:30,052 - server - WARNING - InvalidType: Returned ids from {'module': <module 'dev_plugins.utils' from 'K:\tools\FTrack\ftrack-server\dev_plugins\utils.py'>}.register() was <type 'NoneType'>
2015-02-11 16:50:25,859 - server - INFO - Reloaded next_task_update
2015-02-11 16:50:25,871 - server - INFO - Reloaded next_task_update
2015-02-11 16:51:07,750 - server - INFO - Reloaded next_task_update
2015-02-11 16:51:07,762 - server - INFO - Reloaded next_task_update
2015-02-11 16:58:28,917 - server - INFO - Reloaded next_task_update
2015-02-11 16:58:28,928 - server - INFO - Reloaded next_task_update
2015-02-11 16:58:28,937 - server - INFO - Reloaded next_task_update
2015-02-11 16:59:12,551 - server - ERROR - Reload of utils failed: 'ids'
2015-02-11 16:59:23,868 - server - WARNING - InvalidType: Returned ids from {'module': <module 'dev_plugins.utils' from 'K:\tools\FTrack\ftrack-server\dev_plugins\utils.py'>}.register() was <type 'NoneType'>
2015-02-11 16:59:49,354 - server - INFO - Reloaded next_task_update
2015-02-11 16:59:49,365 - server - INFO - Reloaded next_task_update
2015-02-11 16:59:49,372 - server - INFO - Reloaded next_task_update
2015-02-11 17:00:25,345 - server - INFO - Reloaded next_task_update
2015-02-11 17:00:25,357 - server - INFO - Reloaded next_task_update
2015-02-11 17:00:58,775 - server - INFO - Reloaded next_task_update
2015-02-11 17:00:58,786 - server - INFO - Reloaded next_task_update
2015-02-11 17:00:58,793 - server - INFO - Reloaded next_task_update
2015-02-11 17:02:59,535 - server - INFO - Reloaded next_task_update
2015-02-11 17:02:59,546 - server - INFO - Reloaded next_task_update
2015-02-11 17:02:59,555 - server - INFO - Reloaded next_task_update
