2015-07-06 09:04:57,628 - K:\tools\FTrack\ftrack-api\requests\packages\urllib3\connectionpool.py - [INFO]: Starting new HTTPS connection (1): bait.ftrackapp.com
2015-07-06 09:04:58,628 - K:\tools\FTrack\ftrack-event-server\server.py - [WARNING]: No "topic" variable found in K:\tools\FTrack\ftrack-event-server\dev_plugins\utils.py
2015-07-06 09:04:58,630 - K:\tools\FTrack\ftrack-event-server\server.py - [WARNING]: No "main" function found in K:\tools\FTrack\ftrack-event-server\dev_plugins\utils.py
2015-07-06 09:04:58,737 - K:\tools\FTrack\ftrack-event-server\server.py - [INFO]: Loaded dev_plugins.ethel_and_ernest.version_up!
2015-07-06 09:04:58,780 - K:\tools\FTrack\ftrack-event-server\server.py - [INFO]: Loaded dev_plugins.temp.next_task_update!
2015-07-06 09:04:58,798 - K:\tools\FTrack\ftrack-event-server\server.py - [INFO]: Loaded dev_plugins.temp.task_to_shot_update!
2015-07-06 09:05:10,569 - K:\tools\FTrack\ftrack-api\requests\packages\urllib3\connectionpool.py - [INFO]: Starting new HTTPS connection (1): bait.ftrackapp.com
2015-07-06 09:05:11,494 - K:\tools\FTrack\ftrack-event-server\server.py - [WARNING]: No "topic" variable found in K:\tools\FTrack\ftrack-event-server\dev_plugins\utils.py
2015-07-06 09:05:11,496 - K:\tools\FTrack\ftrack-event-server\server.py - [WARNING]: No "main" function found in K:\tools\FTrack\ftrack-event-server\dev_plugins\utils.py
2015-07-06 09:05:11,523 - K:\tools\FTrack\ftrack-event-server\server.py - [INFO]: Loaded dev_plugins.ethel_and_ernest.version_up!
2015-07-06 09:05:11,538 - K:\tools\FTrack\ftrack-event-server\server.py - [INFO]: Loaded dev_plugins.temp.next_task_update!
2015-07-06 09:05:11,542 - K:\tools\FTrack\ftrack-event-server\server.py - [INFO]: Loaded dev_plugins.temp.task_to_shot_update!
2015-07-06 09:05:31,780 - K:\tools\FTrack\ftrack-api\requests\packages\urllib3\connectionpool.py - [INFO]: Starting new HTTPS connection (1): bait.ftrackapp.com
2015-07-06 09:05:32,806 - K:\tools\FTrack\ftrack-event-server\server.py - [WARNING]: No "topic" variable found in K:\tools\FTrack\ftrack-event-server\dev_plugins\utils.py
2015-07-06 09:05:32,806 - K:\tools\FTrack\ftrack-event-server\server.py - [WARNING]: No "main" function found in K:\tools\FTrack\ftrack-event-server\dev_plugins\utils.py
2015-07-06 09:05:32,835 - K:\tools\FTrack\ftrack-event-server\server.py - [INFO]: Loaded dev_plugins.ethel_and_ernest.version_up!
2015-07-06 09:05:32,848 - K:\tools\FTrack\ftrack-event-server\server.py - [INFO]: Loaded dev_plugins.temp.next_task_update!
2015-07-06 09:05:32,854 - K:\tools\FTrack\ftrack-event-server\server.py - [INFO]: Loaded dev_plugins.temp.task_to_shot_update!
2015-07-06 09:06:35,855 - K:\tools\FTrack\ftrack-event-server\dev_plugins\ethel_and_ernest\version_up.py - [ERROR]: Traceback (most recent call last):
  File "K:\tools\FTrack\ftrack-event-server\dev_plugins\ethel_and_ernest\version_up.py", line 136, in callback
    self.log.info('found path: %s' % path)
NameError: global name 'self' is not defined

2015-07-06 09:07:40,671 - K:\tools\FTrack\ftrack-event-server\server.py - [INFO]: Unloaded dev_plugins.ethel_and_ernest.version_up!
2015-07-06 09:07:40,674 - K:\tools\FTrack\ftrack-event-server\server.py - [INFO]: Loaded dev_plugins.ethel_and_ernest.version_up!
2015-07-06 09:07:50,588 - K:\tools\FTrack\ftrack-event-server\dev_plugins\ethel_and_ernest\version_up.py - [INFO]: found path: L:\ethel_and_ernest_0001\sequences\q074\q074c001\cg_animation\q074c001.cg_animation.v007.mb
2015-07-06 09:07:50,686 - K:\tools\FTrack\ftrack-api\FTrackCore.egg\FTrackCore\api\event\hub.py - [ERROR]: Error calling subscriber <Subscriber metadata={'id': 'ff2fadd4ad56499eae155494a932e39e'} subscription=topic=ftrack.update> for event <Event {'topic': u'ftrack.update', 'source': {u'applicationId': u'ftrack.client.web', u'user': {u'id': u'b0fdb9ba-b037-11e4-ac9f-040112b6a801'}, u'id': u'f85b4880-23b5-11e5-95e8-040112b6a801'}, 'target': u'', 'sent': None, 'data': {u'entities': [{u'keys': [u'statusid'], u'objectTypeId': u'11c137c0-ee7e-4f9c-91c5-8c77cec22b2c', u'entityType': u'task', u'parents': [{u'entityId': u'aa86dc66-ecc2-11e4-92a1-040112b6a801', u'entityType': u'task', u'parentId': u'75b60f3e-ed85-11e4-b7e1-040112b6a801'}, {u'entityId': u'75b60f3e-ed85-11e4-b7e1-040112b6a801', u'entityType': u'task', u'parentId': u'130e7cde-c3f7-11e4-b075-040112b6a801'}, {u'entityId': u'130e7cde-c3f7-11e4-b075-040112b6a801', u'entityType': u'task', u'parentId': u'7bbf1c8a-b5f5-11e4-980e-040112b6a801'}, {u'entityId': u'7bbf1c8a-b5f5-11e4-980e-040112b6a801', u'entityType': u'show', u'parentId': None}], u'parentId': u'75b60f3e-ed85-11e4-b7e1-040112b6a801', u'action': u'update', u'entityId': u'aa86dc66-ecc2-11e4-92a1-040112b6a801', u'changes': {u'statusid': {u'new': u'1639e788-aaeb-11e4-8b45-040112b6a801', u'old': u'9aa2b78e-b072-11e4-b8dd-040112b6a801'}}}], u'pushToken': u'f975d564-23b5-11e5-b0ef-040112b6a801', u'parents': [u'b0fdb9ba-b037-11e4-ac9f-040112b6a801', u'3c28c676-b5f4-11e4-998f-040112b6a801', u'aa86dc66-ecc2-11e4-92a1-040112b6a801', u'75b60f3e-ed85-11e4-b7e1-040112b6a801', u'7bbf1c8a-b5f5-11e4-980e-040112b6a801', u'130e7cde-c3f7-11e4-b075-040112b6a801'], u'user': {u'userid': u'b0fdb9ba-b037-11e4-ac9f-040112b6a801', u'name': u'Toke Jepsen'}, u'clientToken': u'f85b4880-23b5-11e5-95e8-040112b6a801'}, 'id': u'7fe1f31879134d1cbd134873fd0f0006', 'inReplyToEvent': None}>.
Traceback (most recent call last):
  File "K:\tools\FTrack\ftrack-api\FTrackCore.egg\FTrackCore\api\event\hub.py", line 656, in _handle
    response = subscriber.callback(event)
  File "K:\tools\FTrack\ftrack-event-server\dev_plugins\ethel_and_ernest\version_up.py", line 182, in main
    callback(event)
  File "K:\tools\FTrack\ftrack-event-server\dev_plugins\ethel_and_ernest\version_up.py", line 146, in callback
    msg = "Version from %s" % version_number
UnboundLocalError: local variable 'version_number' referenced before assignment
2015-07-06 09:09:00,970 - K:\tools\FTrack\ftrack-api\requests\packages\urllib3\connectionpool.py - [INFO]: Starting new HTTPS connection (1): bait.ftrackapp.com
2015-07-06 09:09:01,918 - K:\tools\FTrack\ftrack-event-server\server.py - [WARNING]: No "topic" variable found in K:\tools\FTrack\ftrack-event-server\dev_plugins\utils.py
2015-07-06 09:09:01,920 - K:\tools\FTrack\ftrack-event-server\server.py - [WARNING]: No "main" function found in K:\tools\FTrack\ftrack-event-server\dev_plugins\utils.py
2015-07-06 09:09:01,961 - K:\tools\FTrack\ftrack-event-server\server.py - [INFO]: Loaded dev_plugins.ethel_and_ernest.version_up!
2015-07-06 09:09:01,980 - K:\tools\FTrack\ftrack-event-server\server.py - [INFO]: Loaded dev_plugins.temp.next_task_update!
2015-07-06 09:09:01,984 - K:\tools\FTrack\ftrack-event-server\server.py - [INFO]: Loaded dev_plugins.temp.task_to_shot_update!
2015-07-06 09:09:16,631 - K:\tools\FTrack\ftrack-event-server\dev_plugins\ethel_and_ernest\version_up.py - [INFO]: found path: L:\ethel_and_ernest_0001\sequences\q074\q074c001\cg_animation\q074c001.cg_animation.v007.mb
2015-07-06 09:09:16,719 - K:\tools\FTrack\ftrack-event-server\dev_plugins\ethel_and_ernest\version_up.py - [INFO]: Version from 7 to 8 on ethel_and_ernest/q074/q074c001/cg_animation
2015-07-06 09:34:08,477 - K:\tools\FTrack\ftrack-api\requests\packages\urllib3\connectionpool.py - [INFO]: Starting new HTTPS connection (1): bait.ftrackapp.com
2015-07-06 09:34:09,591 - K:\tools\FTrack\ftrack-event-server\server.py - [WARNING]: No "topic" variable found in K:\tools\FTrack\ftrack-event-server\dev_plugins\utils.py
2015-07-06 09:34:09,592 - K:\tools\FTrack\ftrack-event-server\server.py - [WARNING]: No "main" function found in K:\tools\FTrack\ftrack-event-server\dev_plugins\utils.py
2015-07-06 09:34:09,664 - K:\tools\FTrack\ftrack-event-server\server.py - [INFO]: Loaded dev_plugins.ethel_and_ernest.version_up!
2015-07-06 09:34:09,674 - K:\tools\FTrack\ftrack-event-server\server.py - [INFO]: Loaded dev_plugins.ethel_and_ernest.hobsoft_ingest!
2015-07-06 09:34:09,727 - K:\tools\FTrack\ftrack-event-server\server.py - [INFO]: Loaded dev_plugins.temp.next_task_update!
2015-07-06 09:34:09,743 - K:\tools\FTrack\ftrack-event-server\server.py - [INFO]: Loaded dev_plugins.temp.task_to_shot_update!
2015-07-06 09:34:17,210 - K:\tools\FTrack\ftrack-event-server\dev_plugins\ethel_and_ernest\hobsoft_ingest.py - [INFO]: found: <asset_version('{'comment': '', 'assetid': '4b4954dc-1660-11e5-b314-040112b6a801', 'entityType': 'asset_version', 'userid': 'b0fdb9ba-b037-11e4-ac9f-040112b6a801', 'ispublished': True, 'date': <DateTime '20150706T09:34:16' at 2ba5c08>, 'versionid': 'c9b5b53e-23b9-11e5-bdd3-040112b6a801', 'version': 1, 'taskid': None, 'thumbid': None, 'entityId': 'c9b5b53e-23b9-11e5-bdd3-040112b6a801', 'statusid': '9aa2b78e-b072-11e4-b8dd-040112b6a801'}')>
2015-07-06 09:35:16,128 - K:\tools\FTrack\ftrack-event-server\server.py - [INFO]: Unloaded dev_plugins.ethel_and_ernest.hobsoft_ingest!
2015-07-06 09:35:16,131 - K:\tools\FTrack\ftrack-event-server\server.py - [INFO]: Loaded dev_plugins.ethel_and_ernest.hobsoft_ingest!
2015-07-06 09:35:29,615 - K:\tools\FTrack\ftrack-event-server\dev_plugins\ethel_and_ernest\hobsoft_ingest.py - [INFO]: found: <asset_version('{'comment': '', 'assetid': '4b4954dc-1660-11e5-b314-040112b6a801', 'entityType': 'asset_version', 'userid': 'b0fdb9ba-b037-11e4-ac9f-040112b6a801', 'ispublished': True, 'date': <DateTime '20150706T09:35:28' at 2baa108>, 'versionid': 'f4bb423a-23b9-11e5-bdd3-040112b6a801', 'version': 2, 'taskid': None, 'thumbid': None, 'entityId': 'f4bb423a-23b9-11e5-bdd3-040112b6a801', 'statusid': '9aa2b78e-b072-11e4-b8dd-040112b6a801'}')>
2015-07-06 09:36:19,259 - K:\tools\FTrack\ftrack-event-server\server.py - [INFO]: Unloaded dev_plugins.ethel_and_ernest.hobsoft_ingest!
2015-07-06 09:36:19,263 - K:\tools\FTrack\ftrack-event-server\server.py - [INFO]: Loaded dev_plugins.ethel_and_ernest.hobsoft_ingest!
2015-07-06 09:36:24,408 - K:\tools\FTrack\ftrack-event-server\dev_plugins\ethel_and_ernest\hobsoft_ingest.py - [INFO]: <task('{'sort': None, 'typeid': '202957a8-b4f9-11e3-bf8a-040112b6a801', 'showid': '7bbf1c8a-b5f5-11e4-980e-040112b6a801', 'entityId': '4acd6db8-1660-11e5-b96b-040112b6a801', 'description': '', 'isopen': False, 'isrequirecomment': False, 'entityType': 'task', 'context_type': 'task', 'priorityid': '9661b320-3a0c-11e2-81c1-0800200c9a66', 'id': '4acd6db8-1660-11e5-b96b-040112b6a801', 'parent_id': '0478aa8c-0b69-11e5-ba39-040112b6a801', 'object_typeid': 'bad911de-3bd6-47b9-8b46-3476e237cb36', 'istimeless': False, 'thumbid': None, 'objecttypename': 'Shot', 'statusid': 'ef8c4428-aaf9-11e4-9050-040112b6a801', 'taskid': '4acd6db8-1660-11e5-b96b-040112b6a801', 'name': 'q000c010'}')>
2015-07-06 09:39:09,490 - K:\tools\FTrack\ftrack-event-server\server.py - [INFO]: Unloaded dev_plugins.ethel_and_ernest.hobsoft_ingest!
2015-07-06 09:39:09,493 - K:\tools\FTrack\ftrack-event-server\server.py - [INFO]: Loaded dev_plugins.ethel_and_ernest.hobsoft_ingest!
2015-07-06 09:39:14,322 - K:\tools\FTrack\ftrack-event-server\dev_plugins\ethel_and_ernest\hobsoft_ingest.py - [INFO]: []
2015-07-06 09:39:35,273 - K:\tools\FTrack\ftrack-event-server\server.py - [INFO]: Unloaded dev_plugins.ethel_and_ernest.hobsoft_ingest!
2015-07-06 09:39:35,276 - K:\tools\FTrack\ftrack-event-server\server.py - [INFO]: Loaded dev_plugins.ethel_and_ernest.hobsoft_ingest!
2015-07-06 09:39:39,832 - K:\tools\FTrack\ftrack-event-server\dev_plugins\ethel_and_ernest\hobsoft_ingest.py - [INFO]: [<task('{'showid': '7bbf1c8a-b5f5-11e4-980e-040112b6a801', 'isrequirecomment': False, 'entityType': 'task', 'object_typeid': '11c137c0-ee7e-4f9c-91c5-8c77cec22b2c', 'objecttypename': 'Task', 'id': 'bb46334a-18db-11e5-9165-040112b6a801', 'startdate': None, 'taskid': 'bb46334a-18db-11e5-9165-040112b6a801', 'statusid': '50e008c0-b074-11e4-81de-040112b6a801', 'parent_id': '4acd6db8-1660-11e5-b96b-040112b6a801', 'istimeless': False, 'thumbid': None, 'sort': 0.0, 'description': '', 'bid': 0.0, 'entityId': 'bb46334a-18db-11e5-9165-040112b6a801', 'typeid': '44dd23b6-4164-11df-9218-0019bb4983d8', 'enddate': None, 'name': 'compositing', 'isopen': False, 'context_type': 'task', 'priorityid': '9661b320-3a0c-11e2-81c1-0800200c9a66'}')>]
2015-07-06 09:42:53,911 - K:\tools\FTrack\ftrack-event-server\server.py - [INFO]: Unloaded dev_plugins.ethel_and_ernest.hobsoft_ingest!
2015-07-06 09:42:53,911 - K:\tools\FTrack\ftrack-event-server\server.py - [INFO]: Loaded dev_plugins.ethel_and_ernest.hobsoft_ingest!
2015-07-06 09:42:59,528 - K:\tools\FTrack\ftrack-api\FTrackCore.egg\FTrackCore\api\event\hub.py - [ERROR]: Error calling subscriber <Subscriber metadata={'id': '0fcc059df3ad40f699225470701ef0f6'} subscription=topic=ftrack.update> for event <Event {'topic': u'ftrack.update', 'source': {u'applicationId': u'ftrack.client.web', u'user': {u'id': u'b0fdb9ba-b037-11e4-ac9f-040112b6a801'}, u'id': None}, 'target': u'', 'sent': None, 'data': {u'entities': [{u'keys': [u'ispublished'], u'objectTypeId': u'assetversion', u'entityType': u'assetversion', u'parents': [{u'entityId': u'008e0bdc-23bb-11e5-bdd3-040112b6a801', u'entityType': u'assetversion', u'parentId': u'4b4954dc-1660-11e5-b314-040112b6a801'}, {u'entityId': u'4b4954dc-1660-11e5-b314-040112b6a801', u'entityType': u'asset', u'parentId': u'4acd6db8-1660-11e5-b96b-040112b6a801'}, {u'entityId': u'4acd6db8-1660-11e5-b96b-040112b6a801', u'entityType': u'task', u'parentId': u'0478aa8c-0b69-11e5-ba39-040112b6a801'}, {u'entityId': u'0478aa8c-0b69-11e5-ba39-040112b6a801', u'entityType': u'task', u'parentId': u'7bbf1c8a-b5f5-11e4-980e-040112b6a801'}, {u'entityId': u'7bbf1c8a-b5f5-11e4-980e-040112b6a801', u'entityType': u'show', u'parentId': None}], u'parentId': u'4b4954dc-1660-11e5-b314-040112b6a801', u'action': u'update', u'entityId': u'008e0bdc-23bb-11e5-bdd3-040112b6a801', u'changes': {u'ispublished': {u'new': True, u'old': False}}}], u'pushToken': None, u'parents': [u'008e0bdc-23bb-11e5-bdd3-040112b6a801', u'7bbf1c8a-b5f5-11e4-980e-040112b6a801', u'0478aa8c-0b69-11e5-ba39-040112b6a801', u'4b4954dc-1660-11e5-b314-040112b6a801', u'4acd6db8-1660-11e5-b96b-040112b6a801'], u'user': {u'userid': u'b0fdb9ba-b037-11e4-ac9f-040112b6a801', u'name': u'Toke Jepsen'}, u'clientToken': None}, 'id': u'cd1012761a7741228118f32eb2a2aa6e', 'inReplyToEvent': None}>.
Traceback (most recent call last):
  File "K:\tools\FTrack\ftrack-api\FTrackCore.egg\FTrackCore\api\event\hub.py", line 656, in _handle
    response = subscriber.callback(event)
  File "K:\tools\FTrack\ftrack-event-server\dev_plugins\ethel_and_ernest\hobsoft_ingest.py", line 48, in main
    callback(event)
  File "K:\tools\FTrack\ftrack-event-server\dev_plugins\ethel_and_ernest\hobsoft_ingest.py", line 40, in callback
    task = shot.create('painting', taskType=task_type,
AttributeError: 'Task' object has no attribute 'create'
2015-07-06 09:44:13,641 - K:\tools\FTrack\ftrack-event-server\server.py - [INFO]: Unloaded dev_plugins.ethel_and_ernest.hobsoft_ingest!
2015-07-06 09:44:13,644 - K:\tools\FTrack\ftrack-event-server\server.py - [INFO]: Loaded dev_plugins.ethel_and_ernest.hobsoft_ingest!
2015-07-06 09:44:18,632 - K:\tools\FTrack\ftrack-event-server\dev_plugins\ethel_and_ernest\hobsoft_ingest.py - [INFO]: <task('{'sort': None, 'typeid': '202957a8-b4f9-11e3-bf8a-040112b6a801', 'showid': '7bbf1c8a-b5f5-11e4-980e-040112b6a801', 'entityId': '4acd6db8-1660-11e5-b96b-040112b6a801', 'description': '', 'isopen': False, 'isrequirecomment': False, 'entityType': 'task', 'context_type': 'task', 'priorityid': '9661b320-3a0c-11e2-81c1-0800200c9a66', 'id': '4acd6db8-1660-11e5-b96b-040112b6a801', 'parent_id': '0478aa8c-0b69-11e5-ba39-040112b6a801', 'object_typeid': 'bad911de-3bd6-47b9-8b46-3476e237cb36', 'istimeless': False, 'thumbid': None, 'objecttypename': 'Shot', 'statusid': 'ef8c4428-aaf9-11e4-9050-040112b6a801', 'taskid': '4acd6db8-1660-11e5-b96b-040112b6a801', 'name': 'q000c010'}')>
2015-07-06 09:44:53,223 - K:\tools\FTrack\ftrack-event-server\server.py - [INFO]: Unloaded dev_plugins.ethel_and_ernest.hobsoft_ingest!
2015-07-06 09:44:53,226 - K:\tools\FTrack\ftrack-event-server\server.py - [INFO]: Loaded dev_plugins.ethel_and_ernest.hobsoft_ingest!
2015-07-06 09:44:58,815 - K:\tools\FTrack\ftrack-api\FTrackCore.egg\FTrackCore\api\event\hub.py - [ERROR]: Error calling subscriber <Subscriber metadata={'id': '99de413958d94f3f847971bbf38b25c2'} subscription=topic=ftrack.update> for event <Event {'topic': u'ftrack.update', 'source': {u'applicationId': u'ftrack.client.web', u'user': {u'id': u'b0fdb9ba-b037-11e4-ac9f-040112b6a801'}, u'id': None}, 'target': u'', 'sent': None, 'data': {u'entities': [{u'keys': [u'ispublished'], u'objectTypeId': u'assetversion', u'entityType': u'assetversion', u'parents': [{u'entityId': u'48185ce6-23bb-11e5-91a9-040112b6a801', u'entityType': u'assetversion', u'parentId': u'4b4954dc-1660-11e5-b314-040112b6a801'}, {u'entityId': u'4b4954dc-1660-11e5-b314-040112b6a801', u'entityType': u'asset', u'parentId': u'4acd6db8-1660-11e5-b96b-040112b6a801'}, {u'entityId': u'4acd6db8-1660-11e5-b96b-040112b6a801', u'entityType': u'task', u'parentId': u'0478aa8c-0b69-11e5-ba39-040112b6a801'}, {u'entityId': u'0478aa8c-0b69-11e5-ba39-040112b6a801', u'entityType': u'task', u'parentId': u'7bbf1c8a-b5f5-11e4-980e-040112b6a801'}, {u'entityId': u'7bbf1c8a-b5f5-11e4-980e-040112b6a801', u'entityType': u'show', u'parentId': None}], u'parentId': u'4b4954dc-1660-11e5-b314-040112b6a801', u'action': u'update', u'entityId': u'48185ce6-23bb-11e5-91a9-040112b6a801', u'changes': {u'ispublished': {u'new': True, u'old': False}}}], u'pushToken': None, u'parents': [u'4b4954dc-1660-11e5-b314-040112b6a801', u'7bbf1c8a-b5f5-11e4-980e-040112b6a801', u'0478aa8c-0b69-11e5-ba39-040112b6a801', u'4acd6db8-1660-11e5-b96b-040112b6a801', u'48185ce6-23bb-11e5-91a9-040112b6a801'], u'user': {u'userid': u'b0fdb9ba-b037-11e4-ac9f-040112b6a801', u'name': u'Toke Jepsen'}, u'clientToken': None}, 'id': u'343476abf56647bbaf22d5b7a71efca9', 'inReplyToEvent': None}>.
Traceback (most recent call last):
  File "K:\tools\FTrack\ftrack-api\FTrackCore.egg\FTrackCore\api\event\hub.py", line 656, in _handle
    response = subscriber.callback(event)
  File "K:\tools\FTrack\ftrack-event-server\dev_plugins\ethel_and_ernest\hobsoft_ingest.py", line 48, in main
    callback(event)
  File "K:\tools\FTrack\ftrack-event-server\dev_plugins\ethel_and_ernest\hobsoft_ingest.py", line 40, in callback
    task = shot.create('painting', taskType=task_type,
AttributeError: 'Task' object has no attribute 'create'
2015-07-06 09:45:26,155 - K:\tools\FTrack\ftrack-event-server\server.py - [INFO]: Unloaded dev_plugins.ethel_and_ernest.hobsoft_ingest!
2015-07-06 09:45:26,158 - K:\tools\FTrack\ftrack-event-server\server.py - [INFO]: Loaded dev_plugins.ethel_and_ernest.hobsoft_ingest!
2015-07-06 09:45:37,049 - K:\tools\FTrack\ftrack-event-server\dev_plugins\ethel_and_ernest\hobsoft_ingest.py - [INFO]: <task('{'showid': '7bbf1c8a-b5f5-11e4-980e-040112b6a801', 'isrequirecomment': False, 'entityType': 'task', 'object_typeid': '11c137c0-ee7e-4f9c-91c5-8c77cec22b2c', 'objecttypename': 'Task', 'id': '5f1a8568-23bb-11e5-8bba-040112b6a801', 'startdate': None, 'taskid': '5f1a8568-23bb-11e5-8bba-040112b6a801', 'statusid': '9aa2b78e-b072-11e4-b8dd-040112b6a801', 'parent_id': '4acd6db8-1660-11e5-b96b-040112b6a801', 'istimeless': False, 'thumbid': None, 'sort': None, 'description': '', 'bid': 0.0, 'entityId': '5f1a8568-23bb-11e5-8bba-040112b6a801', 'typeid': '4673d2bc-c73b-11e4-9297-040112b6a801', 'enddate': None, 'name': 'painting', 'isopen': False, 'context_type': 'task', 'priorityid': '9661b320-3a0c-11e2-81c1-0800200c9a66'}')>
2015-07-06 09:45:49,273 - K:\tools\FTrack\ftrack-event-server\dev_plugins\ethel_and_ernest\hobsoft_ingest.py - [INFO]: <task('{'showid': '7bbf1c8a-b5f5-11e4-980e-040112b6a801', 'isrequirecomment': False, 'entityType': 'task', 'object_typeid': '11c137c0-ee7e-4f9c-91c5-8c77cec22b2c', 'objecttypename': 'Task', 'id': '5f1a8568-23bb-11e5-8bba-040112b6a801', 'startdate': None, 'taskid': '5f1a8568-23bb-11e5-8bba-040112b6a801', 'statusid': '9aa2b78e-b072-11e4-b8dd-040112b6a801', 'parent_id': '4acd6db8-1660-11e5-b96b-040112b6a801', 'istimeless': False, 'thumbid': None, 'sort': None, 'description': '', 'bid': 0.0, 'entityId': '5f1a8568-23bb-11e5-8bba-040112b6a801', 'typeid': '4673d2bc-c73b-11e4-9297-040112b6a801', 'enddate': None, 'name': 'painting', 'isopen': False, 'context_type': 'task', 'priorityid': '9661b320-3a0c-11e2-81c1-0800200c9a66'}')>
2015-07-06 09:48:30,032 - K:\tools\FTrack\ftrack-event-server\server.py - [ERROR]: invalid syntax (hobsoft_ingest.py, line 45)
2015-07-06 09:48:31,811 - K:\tools\FTrack\ftrack-event-server\server.py - [INFO]: Unloaded dev_plugins.ethel_and_ernest.hobsoft_ingest!
2015-07-06 09:48:31,813 - K:\tools\FTrack\ftrack-event-server\server.py - [INFO]: Loaded dev_plugins.ethel_and_ernest.hobsoft_ingest!
2015-07-06 09:49:46,346 - K:\tools\FTrack\ftrack-event-server\server.py - [INFO]: Unloaded dev_plugins.ethel_and_ernest.hobsoft_ingest!
2015-07-06 09:49:46,348 - K:\tools\FTrack\ftrack-event-server\server.py - [INFO]: Loaded dev_plugins.ethel_and_ernest.hobsoft_ingest!
2015-07-06 09:52:52,565 - K:\tools\FTrack\ftrack-api\requests\packages\urllib3\connectionpool.py - [INFO]: Starting new HTTPS connection (1): bait.ftrackapp.com
2015-07-06 09:52:53,421 - K:\tools\FTrack\ftrack-event-server\server.py - [WARNING]: No "topic" variable found in K:\tools\FTrack\ftrack-event-server\dev_plugins\utils.py
2015-07-06 09:52:53,421 - K:\tools\FTrack\ftrack-event-server\server.py - [WARNING]: No "main" function found in K:\tools\FTrack\ftrack-event-server\dev_plugins\utils.py
2015-07-06 09:52:53,456 - K:\tools\FTrack\ftrack-event-server\server.py - [INFO]: Loaded dev_plugins.ethel_and_ernest.version_up!
2015-07-06 09:52:53,467 - K:\tools\FTrack\ftrack-event-server\server.py - [INFO]: Loaded dev_plugins.ethel_and_ernest.hobsoft_ingest!
2015-07-06 09:52:53,484 - K:\tools\FTrack\ftrack-event-server\server.py - [INFO]: Loaded dev_plugins.temp.next_task_update!
2015-07-06 09:52:53,492 - K:\tools\FTrack\ftrack-event-server\server.py - [INFO]: Loaded dev_plugins.temp.task_to_shot_update!
2015-07-06 09:54:46,563 - K:\tools\FTrack\ftrack-api\requests\packages\urllib3\connectionpool.py - [INFO]: Starting new HTTPS connection (1): bait.ftrackapp.com
2015-07-06 09:54:47,391 - K:\tools\FTrack\ftrack-event-server\server.py - [WARNING]: No "topic" variable found in K:\tools\FTrack\ftrack-event-server\dev_plugins\utils.py
2015-07-06 09:54:47,392 - K:\tools\FTrack\ftrack-event-server\server.py - [WARNING]: No "main" function found in K:\tools\FTrack\ftrack-event-server\dev_plugins\utils.py
2015-07-06 09:54:47,427 - K:\tools\FTrack\ftrack-event-server\server.py - [INFO]: Loaded dev_plugins.ethel_and_ernest.version_up!
2015-07-06 09:54:47,443 - K:\tools\FTrack\ftrack-event-server\server.py - [INFO]: Loaded dev_plugins.ethel_and_ernest.hobsoft_ingest!
2015-07-06 09:54:47,463 - K:\tools\FTrack\ftrack-event-server\server.py - [INFO]: Loaded dev_plugins.temp.next_task_update!
2015-07-06 09:54:47,470 - K:\tools\FTrack\ftrack-event-server\server.py - [INFO]: Loaded dev_plugins.temp.task_to_shot_update!
2015-07-06 09:55:58,398 - K:\tools\FTrack\ftrack-event-server\server.py - [INFO]: Unloaded dev_plugins.ethel_and_ernest.hobsoft_ingest!
2015-07-06 09:55:58,401 - K:\tools\FTrack\ftrack-event-server\server.py - [INFO]: Loaded dev_plugins.ethel_and_ernest.hobsoft_ingest!
2015-07-06 09:58:29,132 - K:\tools\FTrack\ftrack-event-server\server.py - [INFO]: Unloaded dev_plugins.ethel_and_ernest.hobsoft_ingest!
2015-07-06 09:58:29,135 - K:\tools\FTrack\ftrack-event-server\server.py - [INFO]: Loaded dev_plugins.ethel_and_ernest.hobsoft_ingest!
2015-07-06 09:59:30,921 - K:\tools\FTrack\ftrack-event-server\server.py - [INFO]: Unloaded dev_plugins.ethel_and_ernest.hobsoft_ingest!
2015-07-06 09:59:30,923 - K:\tools\FTrack\ftrack-event-server\server.py - [INFO]: Loaded dev_plugins.ethel_and_ernest.hobsoft_ingest!
2015-07-06 10:00:05,832 - K:\tools\FTrack\ftrack-event-server\dev_plugins\ethel_and_ernest\hobsoft_ingest.py - [INFO]: Created new version: <asset_version('{'comment': '', 'assetid': 'acd6d666-23bc-11e5-bdd3-040112b6a801', 'entityType': 'asset_version', 'userid': 'b0fdb9ba-b037-11e4-ac9f-040112b6a801', 'ispublished': False, 'date': <DateTime '20150706T10:00:04' at 2bc6088>, 'versionid': '6468bdb2-23bd-11e5-b9d3-040112b6a801', 'version': 4, 'taskid': '5f1a8568-23bb-11e5-8bba-040112b6a801', 'thumbid': None, 'entityId': '6468bdb2-23bd-11e5-b9d3-040112b6a801', 'statusid': '9aa2b78e-b072-11e4-b8dd-040112b6a801'}')>
2015-07-06 10:04:37,253 - K:\tools\FTrack\ftrack-event-server\server.py - [INFO]: Unloaded dev_plugins.ethel_and_ernest.hobsoft_ingest!
2015-07-06 10:04:37,256 - K:\tools\FTrack\ftrack-event-server\server.py - [INFO]: Loaded dev_plugins.ethel_and_ernest.hobsoft_ingest!
2015-07-06 10:04:47,434 - K:\tools\FTrack\ftrack-event-server\dev_plugins\ethel_and_ernest\hobsoft_ingest.py - [INFO]: L:\ethel_and_ernest_0001\renders\img_sequences\q000c010\v005
2015-07-06 10:04:49,648 - K:\tools\FTrack\ftrack-event-server\dev_plugins\ethel_and_ernest\hobsoft_ingest.py - [INFO]: Created new version: <asset_version('{'comment': '', 'assetid': 'acd6d666-23bc-11e5-bdd3-040112b6a801', 'entityType': 'asset_version', 'userid': 'b0fdb9ba-b037-11e4-ac9f-040112b6a801', 'ispublished': False, 'date': <DateTime '20150706T10:04:46' at 2be2dc8>, 'versionid': '0caf2ff6-23be-11e5-89f4-040112b6a801', 'version': 5, 'taskid': '5f1a8568-23bb-11e5-8bba-040112b6a801', 'thumbid': None, 'entityId': '0caf2ff6-23be-11e5-89f4-040112b6a801', 'statusid': '9aa2b78e-b072-11e4-b8dd-040112b6a801'}')>
2015-07-06 10:05:12,834 - K:\tools\FTrack\ftrack-event-server\server.py - [INFO]: Unloaded dev_plugins.ethel_and_ernest.hobsoft_ingest!
2015-07-06 10:05:12,838 - K:\tools\FTrack\ftrack-event-server\server.py - [INFO]: Loaded dev_plugins.ethel_and_ernest.hobsoft_ingest!
2015-07-06 10:05:19,546 - K:\tools\FTrack\ftrack-event-server\dev_plugins\ethel_and_ernest\hobsoft_ingest.py - [INFO]: L:\ethel_and_ernest_0001\renders\img_sequences\q000c010\painting\v006
2015-07-06 10:05:20,980 - K:\tools\FTrack\ftrack-event-server\dev_plugins\ethel_and_ernest\hobsoft_ingest.py - [INFO]: Created new version: <asset_version('{'comment': '', 'assetid': 'acd6d666-23bc-11e5-bdd3-040112b6a801', 'entityType': 'asset_version', 'userid': 'b0fdb9ba-b037-11e4-ac9f-040112b6a801', 'ispublished': False, 'date': <DateTime '20150706T10:05:19' at 2bfe148>, 'versionid': '1fe05e56-23be-11e5-88fd-040112b6a801', 'version': 6, 'taskid': '5f1a8568-23bb-11e5-8bba-040112b6a801', 'thumbid': None, 'entityId': '1fe05e56-23be-11e5-88fd-040112b6a801', 'statusid': '9aa2b78e-b072-11e4-b8dd-040112b6a801'}')>
2015-07-06 10:08:53,569 - K:\tools\FTrack\ftrack-event-server\server.py - [INFO]: Unloaded dev_plugins.ethel_and_ernest.hobsoft_ingest!
2015-07-06 10:08:53,571 - K:\tools\FTrack\ftrack-event-server\server.py - [INFO]: Loaded dev_plugins.ethel_and_ernest.hobsoft_ingest!
2015-07-06 10:09:09,234 - K:\tools\FTrack\ftrack-event-server\dev_plugins\ethel_and_ernest\hobsoft_ingest.py - [INFO]: Created new version: <asset_version('{'comment': '', 'assetid': 'acd6d666-23bc-11e5-bdd3-040112b6a801', 'entityType': 'asset_version', 'userid': 'b0fdb9ba-b037-11e4-ac9f-040112b6a801', 'ispublished': False, 'date': <DateTime '20150706T10:09:07' at 2bc88c8>, 'versionid': 'a7fc8530-23be-11e5-8fc5-040112b6a801', 'version': 7, 'taskid': '5f1a8568-23bb-11e5-8bba-040112b6a801', 'thumbid': None, 'entityId': 'a7fc8530-23be-11e5-8fc5-040112b6a801', 'statusid': '9aa2b78e-b072-11e4-b8dd-040112b6a801'}')>
2015-07-06 10:11:50,400 - K:\tools\FTrack\ftrack-event-server\server.py - [INFO]: Unloaded dev_plugins.ethel_and_ernest.hobsoft_ingest!
2015-07-06 10:11:50,401 - K:\tools\FTrack\ftrack-event-server\server.py - [INFO]: Loaded dev_plugins.ethel_and_ernest.hobsoft_ingest!
2015-07-06 10:11:57,457 - K:\tools\FTrack\ftrack-event-server\dev_plugins\ethel_and_ernest\hobsoft_ingest.py - [INFO]: 01_Ethel_body_clean.0042.tga
2015-07-06 10:11:57,459 - K:\tools\FTrack\ftrack-event-server\dev_plugins\ethel_and_ernest\hobsoft_ingest.py - [INFO]: 01_Ethel_body_clean.0001.tga
2015-07-06 10:11:57,459 - K:\tools\FTrack\ftrack-event-server\dev_plugins\ethel_and_ernest\hobsoft_ingest.py - [INFO]: 01_Ethel_body_clean.0043.tga
2015-07-06 10:11:57,459 - K:\tools\FTrack\ftrack-event-server\dev_plugins\ethel_and_ernest\hobsoft_ingest.py - [INFO]: 01_Ethel_body_clean.0002.tga
2015-07-06 10:11:57,460 - K:\tools\FTrack\ftrack-event-server\dev_plugins\ethel_and_ernest\hobsoft_ingest.py - [INFO]: 01_Ethel_body_clean.0044.tga
2015-07-06 10:11:57,460 - K:\tools\FTrack\ftrack-event-server\dev_plugins\ethel_and_ernest\hobsoft_ingest.py - [INFO]: 01_Ethel_body_clean.0003.tga
2015-07-06 10:11:57,460 - K:\tools\FTrack\ftrack-event-server\dev_plugins\ethel_and_ernest\hobsoft_ingest.py - [INFO]: 01_Ethel_body_clean.0045.tga
2015-07-06 10:11:57,460 - K:\tools\FTrack\ftrack-event-server\dev_plugins\ethel_and_ernest\hobsoft_ingest.py - [INFO]: 01_Ethel_body_clean.0004.tga
2015-07-06 10:11:57,461 - K:\tools\FTrack\ftrack-event-server\dev_plugins\ethel_and_ernest\hobsoft_ingest.py - [INFO]: 01_Ethel_body_clean.0047.tga
2015-07-06 10:11:57,461 - K:\tools\FTrack\ftrack-event-server\dev_plugins\ethel_and_ernest\hobsoft_ingest.py - [INFO]: 01_Ethel_body_clean.0005.tga
2015-07-06 10:11:57,461 - K:\tools\FTrack\ftrack-event-server\dev_plugins\ethel_and_ernest\hobsoft_ingest.py - [INFO]: 01_Ethel_body_clean.0046.tga
2015-07-06 10:11:57,463 - K:\tools\FTrack\ftrack-event-server\dev_plugins\ethel_and_ernest\hobsoft_ingest.py - [INFO]: 01_Ethel_body_clean.0006.tga
2015-07-06 10:11:57,463 - K:\tools\FTrack\ftrack-event-server\dev_plugins\ethel_and_ernest\hobsoft_ingest.py - [INFO]: 01_Ethel_body_clean.0048.tga
2015-07-06 10:11:57,463 - K:\tools\FTrack\ftrack-event-server\dev_plugins\ethel_and_ernest\hobsoft_ingest.py - [INFO]: 01_Ethel_body_clean.0007.tga
2015-07-06 10:11:57,463 - K:\tools\FTrack\ftrack-event-server\dev_plugins\ethel_and_ernest\hobsoft_ingest.py - [INFO]: 01_Ethel_body_clean.0049.tga
2015-07-06 10:11:57,464 - K:\tools\FTrack\ftrack-event-server\dev_plugins\ethel_and_ernest\hobsoft_ingest.py - [INFO]: 01_Ethel_body_clean.0008.tga
2015-07-06 10:11:57,464 - K:\tools\FTrack\ftrack-event-server\dev_plugins\ethel_and_ernest\hobsoft_ingest.py - [INFO]: 01_Ethel_body_clean.0050.tga
2015-07-06 10:11:57,467 - K:\tools\FTrack\ftrack-event-server\dev_plugins\ethel_and_ernest\hobsoft_ingest.py - [INFO]: 01_Ethel_body_clean.0009.tga
2015-07-06 10:11:57,467 - K:\tools\FTrack\ftrack-event-server\dev_plugins\ethel_and_ernest\hobsoft_ingest.py - [INFO]: 01_Ethel_body_clean.0051.tga
2015-07-06 10:11:57,469 - K:\tools\FTrack\ftrack-event-server\dev_plugins\ethel_and_ernest\hobsoft_ingest.py - [INFO]: 01_Ethel_body_clean.0010.tga
2015-07-06 10:11:57,470 - K:\tools\FTrack\ftrack-event-server\dev_plugins\ethel_and_ernest\hobsoft_ingest.py - [INFO]: 01_Ethel_body_clean.0058.tga
2015-07-06 10:11:57,470 - K:\tools\FTrack\ftrack-event-server\dev_plugins\ethel_and_ernest\hobsoft_ingest.py - [INFO]: 01_Ethel_body_clean.0011.tga
2015-07-06 10:11:57,470 - K:\tools\FTrack\ftrack-event-server\dev_plugins\ethel_and_ernest\hobsoft_ingest.py - [INFO]: 01_Ethel_body_clean.0057.tga
2015-07-06 10:11:57,471 - K:\tools\FTrack\ftrack-event-server\dev_plugins\ethel_and_ernest\hobsoft_ingest.py - [INFO]: 01_Ethel_body_clean.0012.tga
2015-07-06 10:11:57,471 - K:\tools\FTrack\ftrack-event-server\dev_plugins\ethel_and_ernest\hobsoft_ingest.py - [INFO]: 01_Ethel_body_clean.0059.tga
2015-07-06 10:11:57,473 - K:\tools\FTrack\ftrack-event-server\dev_plugins\ethel_and_ernest\hobsoft_ingest.py - [INFO]: 01_Ethel_body_clean.0013.tga
2015-07-06 10:11:57,473 - K:\tools\FTrack\ftrack-event-server\dev_plugins\ethel_and_ernest\hobsoft_ingest.py - [INFO]: 01_Ethel_body_clean.0060.tga
2015-07-06 10:11:57,473 - K:\tools\FTrack\ftrack-event-server\dev_plugins\ethel_and_ernest\hobsoft_ingest.py - [INFO]: 01_Ethel_body_clean.0014.tga
2015-07-06 10:11:57,474 - K:\tools\FTrack\ftrack-event-server\dev_plugins\ethel_and_ernest\hobsoft_ingest.py - [INFO]: 01_Ethel_body_clean.0061.tga
2015-07-06 10:11:57,474 - K:\tools\FTrack\ftrack-event-server\dev_plugins\ethel_and_ernest\hobsoft_ingest.py - [INFO]: 01_Ethel_body_clean.0015.tga
2015-07-06 10:11:57,476 - K:\tools\FTrack\ftrack-event-server\dev_plugins\ethel_and_ernest\hobsoft_ingest.py - [INFO]: 01_Ethel_body_clean.0062.tga
2015-07-06 10:11:57,476 - K:\tools\FTrack\ftrack-event-server\dev_plugins\ethel_and_ernest\hobsoft_ingest.py - [INFO]: 01_Ethel_body_clean.0016.tga
2015-07-06 10:11:57,476 - K:\tools\FTrack\ftrack-event-server\dev_plugins\ethel_and_ernest\hobsoft_ingest.py - [INFO]: 01_Ethel_body_clean.0063.tga
2015-07-06 10:11:57,476 - K:\tools\FTrack\ftrack-event-server\dev_plugins\ethel_and_ernest\hobsoft_ingest.py - [INFO]: 01_Ethel_body_clean.0017.tga
2015-07-06 10:11:57,477 - K:\tools\FTrack\ftrack-event-server\dev_plugins\ethel_and_ernest\hobsoft_ingest.py - [INFO]: 01_Ethel_body_clean.0064.tga
2015-07-06 10:11:57,477 - K:\tools\FTrack\ftrack-event-server\dev_plugins\ethel_and_ernest\hobsoft_ingest.py - [INFO]: 01_Ethel_body_clean.0018.tga
2015-07-06 10:11:57,479 - K:\tools\FTrack\ftrack-event-server\dev_plugins\ethel_and_ernest\hobsoft_ingest.py - [INFO]: 01_Ethel_body_clean.0065.tga
2015-07-06 10:11:57,479 - K:\tools\FTrack\ftrack-event-server\dev_plugins\ethel_and_ernest\hobsoft_ingest.py - [INFO]: 01_Ethel_body_clean.0019.tga
2015-07-06 10:11:57,480 - K:\tools\FTrack\ftrack-event-server\dev_plugins\ethel_and_ernest\hobsoft_ingest.py - [INFO]: 01_Ethel_body_clean.0066.tga
2015-07-06 10:11:57,480 - K:\tools\FTrack\ftrack-event-server\dev_plugins\ethel_and_ernest\hobsoft_ingest.py - [INFO]: 01_Ethel_body_clean.0020.tga
2015-07-06 10:11:57,480 - K:\tools\FTrack\ftrack-event-server\dev_plugins\ethel_and_ernest\hobsoft_ingest.py - [INFO]: 01_Ethel_body_clean.0067.tga
2015-07-06 10:11:57,480 - K:\tools\FTrack\ftrack-event-server\dev_plugins\ethel_and_ernest\hobsoft_ingest.py - [INFO]: 01_Ethel_body_clean.0021.tga
2015-07-06 10:11:57,480 - K:\tools\FTrack\ftrack-event-server\dev_plugins\ethel_and_ernest\hobsoft_ingest.py - [INFO]: 01_Ethel_body_clean.0068.tga
2015-07-06 10:11:57,482 - K:\tools\FTrack\ftrack-event-server\dev_plugins\ethel_and_ernest\hobsoft_ingest.py - [INFO]: 01_Ethel_body_clean.0022.tga
2015-07-06 10:11:57,482 - K:\tools\FTrack\ftrack-event-server\dev_plugins\ethel_and_ernest\hobsoft_ingest.py - [INFO]: 01_Ethel_body_clean.0069.tga
2015-07-06 10:11:57,482 - K:\tools\FTrack\ftrack-event-server\dev_plugins\ethel_and_ernest\hobsoft_ingest.py - [INFO]: 01_Ethel_body_clean.0023.tga
2015-07-06 10:11:57,483 - K:\tools\FTrack\ftrack-event-server\dev_plugins\ethel_and_ernest\hobsoft_ingest.py - [INFO]: 01_Ethel_body_clean.0070.tga
2015-07-06 10:11:57,483 - K:\tools\FTrack\ftrack-event-server\dev_plugins\ethel_and_ernest\hobsoft_ingest.py - [INFO]: 01_Ethel_body_clean.0024.tga
2015-07-06 10:11:57,483 - K:\tools\FTrack\ftrack-event-server\dev_plugins\ethel_and_ernest\hobsoft_ingest.py - [INFO]: 01_Ethel_body_clean.0071.tga
2015-07-06 10:11:57,483 - K:\tools\FTrack\ftrack-event-server\dev_plugins\ethel_and_ernest\hobsoft_ingest.py - [INFO]: 01_Ethel_body_clean.0025.tga
2015-07-06 10:11:57,483 - K:\tools\FTrack\ftrack-event-server\dev_plugins\ethel_and_ernest\hobsoft_ingest.py - [INFO]: 01_Ethel_body_clean.0072.tga
2015-07-06 10:11:57,484 - K:\tools\FTrack\ftrack-event-server\dev_plugins\ethel_and_ernest\hobsoft_ingest.py - [INFO]: 01_Ethel_body_clean.0026.tga
2015-07-06 10:11:57,484 - K:\tools\FTrack\ftrack-event-server\dev_plugins\ethel_and_ernest\hobsoft_ingest.py - [INFO]: 01_Ethel_body_clean.0073.tga
2015-07-06 10:11:57,484 - K:\tools\FTrack\ftrack-event-server\dev_plugins\ethel_and_ernest\hobsoft_ingest.py - [INFO]: 01_Ethel_body_clean.0027.tga
2015-07-06 10:11:57,486 - K:\tools\FTrack\ftrack-event-server\dev_plugins\ethel_and_ernest\hobsoft_ingest.py - [INFO]: 01_Ethel_body_clean.0074.tga
2015-07-06 10:11:57,486 - K:\tools\FTrack\ftrack-event-server\dev_plugins\ethel_and_ernest\hobsoft_ingest.py - [INFO]: 01_Ethel_body_clean.0028.tga
2015-07-06 10:11:57,486 - K:\tools\FTrack\ftrack-event-server\dev_plugins\ethel_and_ernest\hobsoft_ingest.py - [INFO]: 01_Ethel_body_clean.0075.tga
2015-07-06 10:11:57,486 - K:\tools\FTrack\ftrack-event-server\dev_plugins\ethel_and_ernest\hobsoft_ingest.py - [INFO]: 01_Ethel_body_clean.0029.tga
2015-07-06 10:11:57,486 - K:\tools\FTrack\ftrack-event-server\dev_plugins\ethel_and_ernest\hobsoft_ingest.py - [INFO]: 01_Ethel_body_clean.0076.tga
2015-07-06 10:11:57,487 - K:\tools\FTrack\ftrack-event-server\dev_plugins\ethel_and_ernest\hobsoft_ingest.py - [INFO]: 01_Ethel_body_clean.0030.tga
2015-07-06 10:11:57,489 - K:\tools\FTrack\ftrack-event-server\dev_plugins\ethel_and_ernest\hobsoft_ingest.py - [INFO]: 01_Ethel_body_clean.0077.tga
2015-07-06 10:11:57,489 - K:\tools\FTrack\ftrack-event-server\dev_plugins\ethel_and_ernest\hobsoft_ingest.py - [INFO]: 01_Ethel_body_clean.0031.tga
2015-07-06 10:11:57,490 - K:\tools\FTrack\ftrack-event-server\dev_plugins\ethel_and_ernest\hobsoft_ingest.py - [INFO]: 01_Ethel_body_clean.0078.tga
2015-07-06 10:11:57,490 - K:\tools\FTrack\ftrack-event-server\dev_plugins\ethel_and_ernest\hobsoft_ingest.py - [INFO]: 01_Ethel_body_clean.0032.tga
2015-07-06 10:11:57,490 - K:\tools\FTrack\ftrack-event-server\dev_plugins\ethel_and_ernest\hobsoft_ingest.py - [INFO]: 01_Ethel_body_clean.0079.tga
2015-07-06 10:11:57,490 - K:\tools\FTrack\ftrack-event-server\dev_plugins\ethel_and_ernest\hobsoft_ingest.py - [INFO]: 01_Ethel_body_clean.0033.tga
2015-07-06 10:11:57,492 - K:\tools\FTrack\ftrack-event-server\dev_plugins\ethel_and_ernest\hobsoft_ingest.py - [INFO]: 01_Ethel_body_clean.0080.tga
2015-07-06 10:11:57,493 - K:\tools\FTrack\ftrack-event-server\dev_plugins\ethel_and_ernest\hobsoft_ingest.py - [INFO]: 01_Ethel_body_clean.0034.tga
2015-07-06 10:11:57,493 - K:\tools\FTrack\ftrack-event-server\dev_plugins\ethel_and_ernest\hobsoft_ingest.py - [INFO]: 01_Ethel_body_clean.0081.tga
2015-07-06 10:11:57,493 - K:\tools\FTrack\ftrack-event-server\dev_plugins\ethel_and_ernest\hobsoft_ingest.py - [INFO]: 01_Ethel_body_clean.0035.tga
2015-07-06 10:11:57,493 - K:\tools\FTrack\ftrack-event-server\dev_plugins\ethel_and_ernest\hobsoft_ingest.py - [INFO]: 01_Ethel_body_clean.0082.tga
2015-07-06 10:11:57,494 - K:\tools\FTrack\ftrack-event-server\dev_plugins\ethel_and_ernest\hobsoft_ingest.py - [INFO]: 01_Ethel_body_clean.0036.tga
2015-07-06 10:11:57,494 - K:\tools\FTrack\ftrack-event-server\dev_plugins\ethel_and_ernest\hobsoft_ingest.py - [INFO]: 01_Ethel_body_clean.0083.tga
2015-07-06 10:11:57,494 - K:\tools\FTrack\ftrack-event-server\dev_plugins\ethel_and_ernest\hobsoft_ingest.py - [INFO]: 01_Ethel_body_clean.0037.tga
2015-07-06 10:11:57,496 - K:\tools\FTrack\ftrack-event-server\dev_plugins\ethel_and_ernest\hobsoft_ingest.py - [INFO]: 01_Ethel_body_clean.0084.tga
2015-07-06 10:11:57,496 - K:\tools\FTrack\ftrack-event-server\dev_plugins\ethel_and_ernest\hobsoft_ingest.py - [INFO]: 01_Ethel_body_clean.0038.tga
2015-07-06 10:11:57,496 - K:\tools\FTrack\ftrack-event-server\dev_plugins\ethel_and_ernest\hobsoft_ingest.py - [INFO]: 01_Ethel_body_clean.0085.tga
2015-07-06 10:11:57,496 - K:\tools\FTrack\ftrack-event-server\dev_plugins\ethel_and_ernest\hobsoft_ingest.py - [INFO]: 01_Ethel_body_clean.0039.tga
2015-07-06 10:11:57,496 - K:\tools\FTrack\ftrack-event-server\dev_plugins\ethel_and_ernest\hobsoft_ingest.py - [INFO]: 01_Ethel_body_clean.0086.tga
2015-07-06 10:11:57,497 - K:\tools\FTrack\ftrack-event-server\dev_plugins\ethel_and_ernest\hobsoft_ingest.py - [INFO]: 01_Ethel_body_clean.0040.tga
2015-07-06 10:11:57,497 - K:\tools\FTrack\ftrack-event-server\dev_plugins\ethel_and_ernest\hobsoft_ingest.py - [INFO]: 01_Ethel_body_clean.0087.tga
2015-07-06 10:11:57,497 - K:\tools\FTrack\ftrack-event-server\dev_plugins\ethel_and_ernest\hobsoft_ingest.py - [INFO]: 01_Ethel_body_clean.0041.tga
2015-07-06 10:11:57,499 - K:\tools\FTrack\ftrack-event-server\dev_plugins\ethel_and_ernest\hobsoft_ingest.py - [INFO]: 01_Ethel_body_clean.0052.tga
2015-07-06 10:11:57,499 - K:\tools\FTrack\ftrack-event-server\dev_plugins\ethel_and_ernest\hobsoft_ingest.py - [INFO]: 01_Ethel_body_clean.0088.tga
2015-07-06 10:11:57,499 - K:\tools\FTrack\ftrack-event-server\dev_plugins\ethel_and_ernest\hobsoft_ingest.py - [INFO]: 01_Ethel_body_clean.0053.tga
2015-07-06 10:11:57,500 - K:\tools\FTrack\ftrack-event-server\dev_plugins\ethel_and_ernest\hobsoft_ingest.py - [INFO]: 01_Ethel_body_clean.0089.tga
2015-07-06 10:11:57,500 - K:\tools\FTrack\ftrack-event-server\dev_plugins\ethel_and_ernest\hobsoft_ingest.py - [INFO]: 01_Ethel_body_clean.0054.tga
2015-07-06 10:11:57,500 - K:\tools\FTrack\ftrack-event-server\dev_plugins\ethel_and_ernest\hobsoft_ingest.py - [INFO]: 01_Ethel_body_clean.0090.tga
2015-07-06 10:11:57,500 - K:\tools\FTrack\ftrack-event-server\dev_plugins\ethel_and_ernest\hobsoft_ingest.py - [INFO]: 01_Ethel_body_clean.0055.tga
2015-07-06 10:11:57,500 - K:\tools\FTrack\ftrack-event-server\dev_plugins\ethel_and_ernest\hobsoft_ingest.py - [INFO]: 01_Ethel_body_clean.0091.tga
2015-07-06 10:11:57,502 - K:\tools\FTrack\ftrack-event-server\dev_plugins\ethel_and_ernest\hobsoft_ingest.py - [INFO]: 01_Ethel_body_clean.0056.tga
2015-07-06 10:11:57,502 - K:\tools\FTrack\ftrack-event-server\dev_plugins\ethel_and_ernest\hobsoft_ingest.py - [INFO]: 01_Ethel_body_clean.0092.tga
2015-07-06 10:11:57,502 - K:\tools\FTrack\ftrack-event-server\dev_plugins\ethel_and_ernest\hobsoft_ingest.py - [INFO]: 01_Ethel_body_clean.0093.tga
2015-07-06 10:11:57,503 - K:\tools\FTrack\ftrack-event-server\dev_plugins\ethel_and_ernest\hobsoft_ingest.py - [INFO]: 01_Ethel_body_clean.0094.tga
2015-07-06 10:11:57,503 - K:\tools\FTrack\ftrack-event-server\dev_plugins\ethel_and_ernest\hobsoft_ingest.py - [INFO]: 01_Ethel_body_clean.0095.tga
2015-07-06 10:11:57,503 - K:\tools\FTrack\ftrack-event-server\dev_plugins\ethel_and_ernest\hobsoft_ingest.py - [INFO]: 01_Ethel_body_clean.0096.tga
2015-07-06 10:11:57,503 - K:\tools\FTrack\ftrack-event-server\dev_plugins\ethel_and_ernest\hobsoft_ingest.py - [INFO]: 01_Ethel_body_clean.0097.tga
2015-07-06 10:11:57,503 - K:\tools\FTrack\ftrack-event-server\dev_plugins\ethel_and_ernest\hobsoft_ingest.py - [INFO]: 01_Ethel_body_clean.0098.tga
2015-07-06 10:11:57,505 - K:\tools\FTrack\ftrack-event-server\dev_plugins\ethel_and_ernest\hobsoft_ingest.py - [INFO]: 01_Ethel_body_clean.0099.tga
2015-07-06 10:11:57,505 - K:\tools\FTrack\ftrack-event-server\dev_plugins\ethel_and_ernest\hobsoft_ingest.py - [INFO]: 01_Ethel_body_clean.0100.tga
2015-07-06 10:11:57,505 - K:\tools\FTrack\ftrack-event-server\dev_plugins\ethel_and_ernest\hobsoft_ingest.py - [INFO]: 01_Ethel_body_clean.0101.tga
2015-07-06 10:11:57,506 - K:\tools\FTrack\ftrack-event-server\dev_plugins\ethel_and_ernest\hobsoft_ingest.py - [INFO]: 01_Ethel_body_clean.0102.tga
2015-07-06 10:11:57,507 - K:\tools\FTrack\ftrack-event-server\dev_plugins\ethel_and_ernest\hobsoft_ingest.py - [INFO]: 01_Ethel_body_clean.0103.tga
2015-07-06 10:11:57,507 - K:\tools\FTrack\ftrack-event-server\dev_plugins\ethel_and_ernest\hobsoft_ingest.py - [INFO]: 01_Ethel_body_clean.0104.tga
2015-07-06 10:11:57,509 - K:\tools\FTrack\ftrack-event-server\dev_plugins\ethel_and_ernest\hobsoft_ingest.py - [INFO]: 01_Ethel_body_clean.0105.tga
2015-07-06 10:11:57,509 - K:\tools\FTrack\ftrack-event-server\dev_plugins\ethel_and_ernest\hobsoft_ingest.py - [INFO]: 01_Ethel_body_clean.0106.tga
2015-07-06 10:11:57,509 - K:\tools\FTrack\ftrack-event-server\dev_plugins\ethel_and_ernest\hobsoft_ingest.py - [INFO]: 01_Ethel_body_clean.0107.tga
2015-07-06 10:11:57,509 - K:\tools\FTrack\ftrack-event-server\dev_plugins\ethel_and_ernest\hobsoft_ingest.py - [INFO]: 01_Ethel_body_clean.0108.tga
2015-07-06 10:11:57,509 - K:\tools\FTrack\ftrack-event-server\dev_plugins\ethel_and_ernest\hobsoft_ingest.py - [INFO]: 01_Ethel_body_clean.0109.tga
2015-07-06 10:11:57,510 - K:\tools\FTrack\ftrack-event-server\dev_plugins\ethel_and_ernest\hobsoft_ingest.py - [INFO]: 01_Ethel_body_clean.0110.tga
2015-07-06 10:11:57,875 - K:\tools\FTrack\ftrack-event-server\dev_plugins\ethel_and_ernest\hobsoft_ingest.py - [INFO]: 02_Ethel_legs_hand_hold_clean.0033.tga
2015-07-06 10:11:57,875 - K:\tools\FTrack\ftrack-event-server\dev_plugins\ethel_and_ernest\hobsoft_ingest.py - [INFO]: 02_Ethel_legs_hand_hold_clean.0001.tga
2015-07-06 10:11:57,875 - K:\tools\FTrack\ftrack-event-server\dev_plugins\ethel_and_ernest\hobsoft_ingest.py - [INFO]: 02_Ethel_legs_hand_hold_clean.0032.tga
2015-07-06 10:11:57,877 - K:\tools\FTrack\ftrack-event-server\dev_plugins\ethel_and_ernest\hobsoft_ingest.py - [INFO]: 02_Ethel_legs_hand_hold_clean.0002.tga
2015-07-06 10:11:57,877 - K:\tools\FTrack\ftrack-event-server\dev_plugins\ethel_and_ernest\hobsoft_ingest.py - [INFO]: 02_Ethel_legs_hand_hold_clean.0034.tga
2015-07-06 10:11:57,877 - K:\tools\FTrack\ftrack-event-server\dev_plugins\ethel_and_ernest\hobsoft_ingest.py - [INFO]: 02_Ethel_legs_hand_hold_clean.0003.tga
2015-07-06 10:11:57,878 - K:\tools\FTrack\ftrack-event-server\dev_plugins\ethel_and_ernest\hobsoft_ingest.py - [INFO]: 02_Ethel_legs_hand_hold_clean.0035.tga
2015-07-06 10:11:57,878 - K:\tools\FTrack\ftrack-event-server\dev_plugins\ethel_and_ernest\hobsoft_ingest.py - [INFO]: 02_Ethel_legs_hand_hold_clean.0004.tga
2015-07-06 10:11:57,878 - K:\tools\FTrack\ftrack-event-server\dev_plugins\ethel_and_ernest\hobsoft_ingest.py - [INFO]: 02_Ethel_legs_hand_hold_clean.0036.tga
2015-07-06 10:11:57,878 - K:\tools\FTrack\ftrack-event-server\dev_plugins\ethel_and_ernest\hobsoft_ingest.py - [INFO]: 02_Ethel_legs_hand_hold_clean.0005.tga
2015-07-06 10:11:57,878 - K:\tools\FTrack\ftrack-event-server\dev_plugins\ethel_and_ernest\hobsoft_ingest.py - [INFO]: 02_Ethel_legs_hand_hold_clean.0037.tga
2015-07-06 10:11:57,880 - K:\tools\FTrack\ftrack-event-server\dev_plugins\ethel_and_ernest\hobsoft_ingest.py - [INFO]: 02_Ethel_legs_hand_hold_clean.0006.tga
2015-07-06 10:11:57,880 - K:\tools\FTrack\ftrack-event-server\dev_plugins\ethel_and_ernest\hobsoft_ingest.py - [INFO]: 02_Ethel_legs_hand_hold_clean.0042.tga
2015-07-06 10:11:57,880 - K:\tools\FTrack\ftrack-event-server\dev_plugins\ethel_and_ernest\hobsoft_ingest.py - [INFO]: 02_Ethel_legs_hand_hold_clean.0007.tga
2015-07-06 10:11:57,881 - K:\tools\FTrack\ftrack-event-server\dev_plugins\ethel_and_ernest\hobsoft_ingest.py - [INFO]: 02_Ethel_legs_hand_hold_clean.0041.tga
2015-07-06 10:11:57,882 - K:\tools\FTrack\ftrack-event-server\dev_plugins\ethel_and_ernest\hobsoft_ingest.py - [INFO]: 02_Ethel_legs_hand_hold_clean.0008.tga
2015-07-06 10:11:57,884 - K:\tools\FTrack\ftrack-event-server\dev_plugins\ethel_and_ernest\hobsoft_ingest.py - [INFO]: 02_Ethel_legs_hand_hold_clean.0043.tga
2015-07-06 10:11:57,884 - K:\tools\FTrack\ftrack-event-server\dev_plugins\ethel_and_ernest\hobsoft_ingest.py - [INFO]: 02_Ethel_legs_hand_hold_clean.0009.tga
2015-07-06 10:11:57,885 - K:\tools\FTrack\ftrack-event-server\dev_plugins\ethel_and_ernest\hobsoft_ingest.py - [INFO]: 02_Ethel_legs_hand_hold_clean.0044.tga
2015-07-06 10:11:57,885 - K:\tools\FTrack\ftrack-event-server\dev_plugins\ethel_and_ernest\hobsoft_ingest.py - [INFO]: 02_Ethel_legs_hand_hold_clean.0010.tga
2015-07-06 10:11:57,887 - K:\tools\FTrack\ftrack-event-server\dev_plugins\ethel_and_ernest\hobsoft_ingest.py - [INFO]: 02_Ethel_legs_hand_hold_clean.0045.tga
2015-07-06 10:11:57,887 - K:\tools\FTrack\ftrack-event-server\dev_plugins\ethel_and_ernest\hobsoft_ingest.py - [INFO]: 02_Ethel_legs_hand_hold_clean.0011.tga
2015-07-06 10:11:57,888 - K:\tools\FTrack\ftrack-event-server\dev_plugins\ethel_and_ernest\hobsoft_ingest.py - [INFO]: 02_Ethel_legs_hand_hold_clean.0046.tga
2015-07-06 10:11:57,888 - K:\tools\FTrack\ftrack-event-server\dev_plugins\ethel_and_ernest\hobsoft_ingest.py - [INFO]: 02_Ethel_legs_hand_hold_clean.0012.tga
2015-07-06 10:11:57,888 - K:\tools\FTrack\ftrack-event-server\dev_plugins\ethel_and_ernest\hobsoft_ingest.py - [INFO]: 02_Ethel_legs_hand_hold_clean.0047.tga
2015-07-06 10:11:57,890 - K:\tools\FTrack\ftrack-event-server\dev_plugins\ethel_and_ernest\hobsoft_ingest.py - [INFO]: 02_Ethel_legs_hand_hold_clean.0013.tga
2015-07-06 10:11:57,891 - K:\tools\FTrack\ftrack-event-server\dev_plugins\ethel_and_ernest\hobsoft_ingest.py - [INFO]: 02_Ethel_legs_hand_hold_clean.0048.tga
2015-07-06 10:11:57,891 - K:\tools\FTrack\ftrack-event-server\dev_plugins\ethel_and_ernest\hobsoft_ingest.py - [INFO]: 02_Ethel_legs_hand_hold_clean.0014.tga
2015-07-06 10:11:57,892 - K:\tools\FTrack\ftrack-event-server\dev_plugins\ethel_and_ernest\hobsoft_ingest.py - [INFO]: 02_Ethel_legs_hand_hold_clean.0049.tga
2015-07-06 10:11:57,894 - K:\tools\FTrack\ftrack-event-server\dev_plugins\ethel_and_ernest\hobsoft_ingest.py - [INFO]: 02_Ethel_legs_hand_hold_clean.0015.tga
2015-07-06 10:11:57,894 - K:\tools\FTrack\ftrack-event-server\dev_plugins\ethel_and_ernest\hobsoft_ingest.py - [INFO]: 02_Ethel_legs_hand_hold_clean.0050.tga
2015-07-06 10:11:57,894 - K:\tools\FTrack\ftrack-event-server\dev_plugins\ethel_and_ernest\hobsoft_ingest.py - [INFO]: 02_Ethel_legs_hand_hold_clean.0016.tga
2015-07-06 10:11:57,894 - K:\tools\FTrack\ftrack-event-server\dev_plugins\ethel_and_ernest\hobsoft_ingest.py - [INFO]: 02_Ethel_legs_hand_hold_clean.0051.tga
2015-07-06 10:11:57,895 - K:\tools\FTrack\ftrack-event-server\dev_plugins\ethel_and_ernest\hobsoft_ingest.py - [INFO]: 02_Ethel_legs_hand_hold_clean.0017.tga
2015-07-06 10:11:57,897 - K:\tools\FTrack\ftrack-event-server\dev_plugins\ethel_and_ernest\hobsoft_ingest.py - [INFO]: 02_Ethel_legs_hand_hold_clean.0052.tga
2015-07-06 10:11:57,897 - K:\tools\FTrack\ftrack-event-server\dev_plugins\ethel_and_ernest\hobsoft_ingest.py - [INFO]: 02_Ethel_legs_hand_hold_clean.0018.tga
2015-07-06 10:11:57,898 - K:\tools\FTrack\ftrack-event-server\dev_plugins\ethel_and_ernest\hobsoft_ingest.py - [INFO]: 02_Ethel_legs_hand_hold_clean.0053.tga
2015-07-06 10:11:57,898 - K:\tools\FTrack\ftrack-event-server\dev_plugins\ethel_and_ernest\hobsoft_ingest.py - [INFO]: 02_Ethel_legs_hand_hold_clean.0019.tga
2015-07-06 10:11:57,898 - K:\tools\FTrack\ftrack-event-server\dev_plugins\ethel_and_ernest\hobsoft_ingest.py - [INFO]: 02_Ethel_legs_hand_hold_clean.0054.tga
2015-07-06 10:11:57,898 - K:\tools\FTrack\ftrack-event-server\dev_plugins\ethel_and_ernest\hobsoft_ingest.py - [INFO]: 02_Ethel_legs_hand_hold_clean.0020.tga
2015-07-06 10:11:57,900 - K:\tools\FTrack\ftrack-event-server\dev_plugins\ethel_and_ernest\hobsoft_ingest.py - [INFO]: 02_Ethel_legs_hand_hold_clean.0055.tga
2015-07-06 10:11:57,900 - K:\tools\FTrack\ftrack-event-server\dev_plugins\ethel_and_ernest\hobsoft_ingest.py - [INFO]: 02_Ethel_legs_hand_hold_clean.0021.tga
2015-07-06 10:11:57,901 - K:\tools\FTrack\ftrack-event-server\dev_plugins\ethel_and_ernest\hobsoft_ingest.py - [INFO]: 02_Ethel_legs_hand_hold_clean.0056.tga
2015-07-06 10:11:57,901 - K:\tools\FTrack\ftrack-event-server\dev_plugins\ethel_and_ernest\hobsoft_ingest.py - [INFO]: 02_Ethel_legs_hand_hold_clean.0022.tga
2015-07-06 10:11:57,901 - K:\tools\FTrack\ftrack-event-server\dev_plugins\ethel_and_ernest\hobsoft_ingest.py - [INFO]: 02_Ethel_legs_hand_hold_clean.0057.tga
2015-07-06 10:11:57,901 - K:\tools\FTrack\ftrack-event-server\dev_plugins\ethel_and_ernest\hobsoft_ingest.py - [INFO]: 02_Ethel_legs_hand_hold_clean.0023.tga
2015-07-06 10:11:57,901 - K:\tools\FTrack\ftrack-event-server\dev_plugins\ethel_and_ernest\hobsoft_ingest.py - [INFO]: 02_Ethel_legs_hand_hold_clean.0058.tga
2015-07-06 10:11:57,901 - K:\tools\FTrack\ftrack-event-server\dev_plugins\ethel_and_ernest\hobsoft_ingest.py - [INFO]: 02_Ethel_legs_hand_hold_clean.0024.tga
2015-07-06 10:11:57,903 - K:\tools\FTrack\ftrack-event-server\dev_plugins\ethel_and_ernest\hobsoft_ingest.py - [INFO]: 02_Ethel_legs_hand_hold_clean.0059.tga
2015-07-06 10:11:57,903 - K:\tools\FTrack\ftrack-event-server\dev_plugins\ethel_and_ernest\hobsoft_ingest.py - [INFO]: 02_Ethel_legs_hand_hold_clean.0025.tga
2015-07-06 10:11:57,904 - K:\tools\FTrack\ftrack-event-server\dev_plugins\ethel_and_ernest\hobsoft_ingest.py - [INFO]: 02_Ethel_legs_hand_hold_clean.0060.tga
2015-07-06 10:11:57,904 - K:\tools\FTrack\ftrack-event-server\dev_plugins\ethel_and_ernest\hobsoft_ingest.py - [INFO]: 02_Ethel_legs_hand_hold_clean.0026.tga
2015-07-06 10:11:57,904 - K:\tools\FTrack\ftrack-event-server\dev_plugins\ethel_and_ernest\hobsoft_ingest.py - [INFO]: 02_Ethel_legs_hand_hold_clean.0061.tga
2015-07-06 10:11:57,904 - K:\tools\FTrack\ftrack-event-server\dev_plugins\ethel_and_ernest\hobsoft_ingest.py - [INFO]: 02_Ethel_legs_hand_hold_clean.0027.tga
2015-07-06 10:11:57,904 - K:\tools\FTrack\ftrack-event-server\dev_plugins\ethel_and_ernest\hobsoft_ingest.py - [INFO]: 02_Ethel_legs_hand_hold_clean.0062.tga
2015-07-06 10:11:57,904 - K:\tools\FTrack\ftrack-event-server\dev_plugins\ethel_and_ernest\hobsoft_ingest.py - [INFO]: 02_Ethel_legs_hand_hold_clean.0028.tga
2015-07-06 10:11:57,905 - K:\tools\FTrack\ftrack-event-server\dev_plugins\ethel_and_ernest\hobsoft_ingest.py - [INFO]: 02_Ethel_legs_hand_hold_clean.0063.tga
2015-07-06 10:11:57,905 - K:\tools\FTrack\ftrack-event-server\dev_plugins\ethel_and_ernest\hobsoft_ingest.py - [INFO]: 02_Ethel_legs_hand_hold_clean.0029.tga
2015-07-06 10:11:57,905 - K:\tools\FTrack\ftrack-event-server\dev_plugins\ethel_and_ernest\hobsoft_ingest.py - [INFO]: 02_Ethel_legs_hand_hold_clean.0064.tga
2015-07-06 10:11:57,907 - K:\tools\FTrack\ftrack-event-server\dev_plugins\ethel_and_ernest\hobsoft_ingest.py - [INFO]: 02_Ethel_legs_hand_hold_clean.0030.tga
2015-07-06 10:11:57,907 - K:\tools\FTrack\ftrack-event-server\dev_plugins\ethel_and_ernest\hobsoft_ingest.py - [INFO]: 02_Ethel_legs_hand_hold_clean.0065.tga
2015-07-06 10:11:57,907 - K:\tools\FTrack\ftrack-event-server\dev_plugins\ethel_and_ernest\hobsoft_ingest.py - [INFO]: 02_Ethel_legs_hand_hold_clean.0031.tga
2015-07-06 10:11:57,907 - K:\tools\FTrack\ftrack-event-server\dev_plugins\ethel_and_ernest\hobsoft_ingest.py - [INFO]: 02_Ethel_legs_hand_hold_clean.0038.tga
2015-07-06 10:11:57,907 - K:\tools\FTrack\ftrack-event-server\dev_plugins\ethel_and_ernest\hobsoft_ingest.py - [INFO]: 02_Ethel_legs_hand_hold_clean.0066.tga
2015-07-06 10:11:57,908 - K:\tools\FTrack\ftrack-event-server\dev_plugins\ethel_and_ernest\hobsoft_ingest.py - [INFO]: 02_Ethel_legs_hand_hold_clean.0039.tga
2015-07-06 10:11:57,908 - K:\tools\FTrack\ftrack-event-server\dev_plugins\ethel_and_ernest\hobsoft_ingest.py - [INFO]: 02_Ethel_legs_hand_hold_clean.0040.tga
2015-07-06 10:11:57,908 - K:\tools\FTrack\ftrack-event-server\dev_plugins\ethel_and_ernest\hobsoft_ingest.py - [INFO]: 02_Ethel_legs_hand_hold_clean.0067.tga
2015-07-06 10:11:57,910 - K:\tools\FTrack\ftrack-event-server\dev_plugins\ethel_and_ernest\hobsoft_ingest.py - [INFO]: 02_Ethel_legs_hand_hold_clean.0068.tga
2015-07-06 10:11:57,910 - K:\tools\FTrack\ftrack-event-server\dev_plugins\ethel_and_ernest\hobsoft_ingest.py - [INFO]: 02_Ethel_legs_hand_hold_clean.0069.tga
2015-07-06 10:11:57,910 - K:\tools\FTrack\ftrack-event-server\dev_plugins\ethel_and_ernest\hobsoft_ingest.py - [INFO]: 02_Ethel_legs_hand_hold_clean.0070.tga
2015-07-06 10:11:57,911 - K:\tools\FTrack\ftrack-event-server\dev_plugins\ethel_and_ernest\hobsoft_ingest.py - [INFO]: 02_Ethel_legs_hand_hold_clean.0071.tga
2015-07-06 10:11:57,911 - K:\tools\FTrack\ftrack-event-server\dev_plugins\ethel_and_ernest\hobsoft_ingest.py - [INFO]: 02_Ethel_legs_hand_hold_clean.0072.tga
2015-07-06 10:11:57,911 - K:\tools\FTrack\ftrack-event-server\dev_plugins\ethel_and_ernest\hobsoft_ingest.py - [INFO]: 02_Ethel_legs_hand_hold_clean.0073.tga
2015-07-06 10:11:57,911 - K:\tools\FTrack\ftrack-event-server\dev_plugins\ethel_and_ernest\hobsoft_ingest.py - [INFO]: 02_Ethel_legs_hand_hold_clean.0074.tga
2015-07-06 10:11:57,911 - K:\tools\FTrack\ftrack-event-server\dev_plugins\ethel_and_ernest\hobsoft_ingest.py - [INFO]: 02_Ethel_legs_hand_hold_clean.0075.tga
2015-07-06 10:11:57,913 - K:\tools\FTrack\ftrack-event-server\dev_plugins\ethel_and_ernest\hobsoft_ingest.py - [INFO]: 02_Ethel_legs_hand_hold_clean.0076.tga
2015-07-06 10:11:57,913 - K:\tools\FTrack\ftrack-event-server\dev_plugins\ethel_and_ernest\hobsoft_ingest.py - [INFO]: 02_Ethel_legs_hand_hold_clean.0077.tga
2015-07-06 10:11:57,914 - K:\tools\FTrack\ftrack-event-server\dev_plugins\ethel_and_ernest\hobsoft_ingest.py - [INFO]: 02_Ethel_legs_hand_hold_clean.0078.tga
2015-07-06 10:11:57,914 - K:\tools\FTrack\ftrack-event-server\dev_plugins\ethel_and_ernest\hobsoft_ingest.py - [INFO]: 02_Ethel_legs_hand_hold_clean.0079.tga
2015-07-06 10:11:57,914 - K:\tools\FTrack\ftrack-event-server\dev_plugins\ethel_and_ernest\hobsoft_ingest.py - [INFO]: 02_Ethel_legs_hand_hold_clean.0080.tga
2015-07-06 10:11:57,914 - K:\tools\FTrack\ftrack-event-server\dev_plugins\ethel_and_ernest\hobsoft_ingest.py - [INFO]: 02_Ethel_legs_hand_hold_clean.0081.tga
2015-07-06 10:11:57,915 - K:\tools\FTrack\ftrack-event-server\dev_plugins\ethel_and_ernest\hobsoft_ingest.py - [INFO]: 02_Ethel_legs_hand_hold_clean.0082.tga
2015-07-06 10:11:57,915 - K:\tools\FTrack\ftrack-event-server\dev_plugins\ethel_and_ernest\hobsoft_ingest.py - [INFO]: 02_Ethel_legs_hand_hold_clean.0083.tga
2015-07-06 10:11:57,917 - K:\tools\FTrack\ftrack-event-server\dev_plugins\ethel_and_ernest\hobsoft_ingest.py - [INFO]: 02_Ethel_legs_hand_hold_clean.0084.tga
2015-07-06 10:11:57,917 - K:\tools\FTrack\ftrack-event-server\dev_plugins\ethel_and_ernest\hobsoft_ingest.py - [INFO]: 02_Ethel_legs_hand_hold_clean.0085.tga
2015-07-06 10:11:57,917 - K:\tools\FTrack\ftrack-event-server\dev_plugins\ethel_and_ernest\hobsoft_ingest.py - [INFO]: 02_Ethel_legs_hand_hold_clean.0086.tga
2015-07-06 10:11:57,918 - K:\tools\FTrack\ftrack-event-server\dev_plugins\ethel_and_ernest\hobsoft_ingest.py - [INFO]: 02_Ethel_legs_hand_hold_clean.0087.tga
2015-07-06 10:11:57,918 - K:\tools\FTrack\ftrack-event-server\dev_plugins\ethel_and_ernest\hobsoft_ingest.py - [INFO]: 02_Ethel_legs_hand_hold_clean.0088.tga
2015-07-06 10:11:57,918 - K:\tools\FTrack\ftrack-event-server\dev_plugins\ethel_and_ernest\hobsoft_ingest.py - [INFO]: 02_Ethel_legs_hand_hold_clean.0089.tga
2015-07-06 10:11:57,920 - K:\tools\FTrack\ftrack-event-server\dev_plugins\ethel_and_ernest\hobsoft_ingest.py - [INFO]: 02_Ethel_legs_hand_hold_clean.0090.tga
2015-07-06 10:11:57,920 - K:\tools\FTrack\ftrack-event-server\dev_plugins\ethel_and_ernest\hobsoft_ingest.py - [INFO]: 02_Ethel_legs_hand_hold_clean.0091.tga
2015-07-06 10:11:57,921 - K:\tools\FTrack\ftrack-event-server\dev_plugins\ethel_and_ernest\hobsoft_ingest.py - [INFO]: 02_Ethel_legs_hand_hold_clean.0092.tga
2015-07-06 10:11:57,921 - K:\tools\FTrack\ftrack-event-server\dev_plugins\ethel_and_ernest\hobsoft_ingest.py - [INFO]: 02_Ethel_legs_hand_hold_clean.0093.tga
2015-07-06 10:11:57,921 - K:\tools\FTrack\ftrack-event-server\dev_plugins\ethel_and_ernest\hobsoft_ingest.py - [INFO]: 02_Ethel_legs_hand_hold_clean.0094.tga
2015-07-06 10:11:57,921 - K:\tools\FTrack\ftrack-event-server\dev_plugins\ethel_and_ernest\hobsoft_ingest.py - [INFO]: 02_Ethel_legs_hand_hold_clean.0095.tga
2015-07-06 10:11:57,921 - K:\tools\FTrack\ftrack-event-server\dev_plugins\ethel_and_ernest\hobsoft_ingest.py - [INFO]: 02_Ethel_legs_hand_hold_clean.0096.tga
2015-07-06 10:11:57,921 - K:\tools\FTrack\ftrack-event-server\dev_plugins\ethel_and_ernest\hobsoft_ingest.py - [INFO]: 02_Ethel_legs_hand_hold_clean.0097.tga
2015-07-06 10:11:57,923 - K:\tools\FTrack\ftrack-event-server\dev_plugins\ethel_and_ernest\hobsoft_ingest.py - [INFO]: 02_Ethel_legs_hand_hold_clean.0098.tga
2015-07-06 10:11:57,923 - K:\tools\FTrack\ftrack-event-server\dev_plugins\ethel_and_ernest\hobsoft_ingest.py - [INFO]: 02_Ethel_legs_hand_hold_clean.0099.tga
2015-07-06 10:11:57,924 - K:\tools\FTrack\ftrack-event-server\dev_plugins\ethel_and_ernest\hobsoft_ingest.py - [INFO]: 02_Ethel_legs_hand_hold_clean.0100.tga
2015-07-06 10:11:57,924 - K:\tools\FTrack\ftrack-event-server\dev_plugins\ethel_and_ernest\hobsoft_ingest.py - [INFO]: 02_Ethel_legs_hand_hold_clean.0101.tga
2015-07-06 10:11:57,924 - K:\tools\FTrack\ftrack-event-server\dev_plugins\ethel_and_ernest\hobsoft_ingest.py - [INFO]: 02_Ethel_legs_hand_hold_clean.0102.tga
2015-07-06 10:11:57,924 - K:\tools\FTrack\ftrack-event-server\dev_plugins\ethel_and_ernest\hobsoft_ingest.py - [INFO]: 02_Ethel_legs_hand_hold_clean.0103.tga
2015-07-06 10:11:57,924 - K:\tools\FTrack\ftrack-event-server\dev_plugins\ethel_and_ernest\hobsoft_ingest.py - [INFO]: 02_Ethel_legs_hand_hold_clean.0104.tga
2015-07-06 10:11:57,924 - K:\tools\FTrack\ftrack-event-server\dev_plugins\ethel_and_ernest\hobsoft_ingest.py - [INFO]: 02_Ethel_legs_hand_hold_clean.0105.tga
2015-07-06 10:11:57,926 - K:\tools\FTrack\ftrack-event-server\dev_plugins\ethel_and_ernest\hobsoft_ingest.py - [INFO]: 02_Ethel_legs_hand_hold_clean.0106.tga
2015-07-06 10:11:57,926 - K:\tools\FTrack\ftrack-event-server\dev_plugins\ethel_and_ernest\hobsoft_ingest.py - [INFO]: 02_Ethel_legs_hand_hold_clean.0107.tga
2015-07-06 10:11:57,926 - K:\tools\FTrack\ftrack-event-server\dev_plugins\ethel_and_ernest\hobsoft_ingest.py - [INFO]: 02_Ethel_legs_hand_hold_clean.0108.tga
2015-07-06 10:11:57,927 - K:\tools\FTrack\ftrack-event-server\dev_plugins\ethel_and_ernest\hobsoft_ingest.py - [INFO]: 02_Ethel_legs_hand_hold_clean.0109.tga
2015-07-06 10:11:57,927 - K:\tools\FTrack\ftrack-event-server\dev_plugins\ethel_and_ernest\hobsoft_ingest.py - [INFO]: 02_Ethel_legs_hand_hold_clean.0110.tga
2015-07-06 10:11:58,384 - K:\tools\FTrack\ftrack-event-server\dev_plugins\ethel_and_ernest\hobsoft_ingest.py - [INFO]: Created new version: <asset_version('{'comment': '', 'assetid': 'acd6d666-23bc-11e5-bdd3-040112b6a801', 'entityType': 'asset_version', 'userid': 'b0fdb9ba-b037-11e4-ac9f-040112b6a801', 'ispublished': False, 'date': <DateTime '20150706T10:11:57' at 2be2b88>, 'versionid': '0d212826-23bf-11e5-89f4-040112b6a801', 'version': 8, 'taskid': '5f1a8568-23bb-11e5-8bba-040112b6a801', 'thumbid': None, 'entityId': '0d212826-23bf-11e5-89f4-040112b6a801', 'statusid': '9aa2b78e-b072-11e4-b8dd-040112b6a801'}')>
2015-07-06 10:12:50,418 - K:\tools\FTrack\ftrack-event-server\server.py - [INFO]: Unloaded dev_plugins.ethel_and_ernest.hobsoft_ingest!
2015-07-06 10:12:50,421 - K:\tools\FTrack\ftrack-event-server\server.py - [INFO]: Loaded dev_plugins.ethel_and_ernest.hobsoft_ingest!
2015-07-06 10:13:17,128 - K:\tools\FTrack\ftrack-event-server\dev_plugins\ethel_and_ernest\hobsoft_ingest.py - [INFO]: Created new version: <asset_version('{'comment': '', 'assetid': 'acd6d666-23bc-11e5-bdd3-040112b6a801', 'entityType': 'asset_version', 'userid': 'b0fdb9ba-b037-11e4-ac9f-040112b6a801', 'ispublished': False, 'date': <DateTime '20150706T10:13:01' at 2bfdf08>, 'versionid': '336ba6c8-23bf-11e5-b9d3-040112b6a801', 'version': 9, 'taskid': '5f1a8568-23bb-11e5-8bba-040112b6a801', 'thumbid': None, 'entityId': '336ba6c8-23bf-11e5-b9d3-040112b6a801', 'statusid': '9aa2b78e-b072-11e4-b8dd-040112b6a801'}')>
2015-07-06 10:14:52,302 - K:\tools\FTrack\ftrack-event-server\server.py - [INFO]: Unloaded dev_plugins.ethel_and_ernest.hobsoft_ingest!
2015-07-06 10:14:52,306 - K:\tools\FTrack\ftrack-event-server\server.py - [INFO]: Loaded dev_plugins.ethel_and_ernest.hobsoft_ingest!
2015-07-06 10:14:55,203 - K:\tools\FTrack\ftrack-event-server\server.py - [INFO]: Unloaded dev_plugins.ethel_and_ernest.hobsoft_ingest!
2015-07-06 10:14:55,206 - K:\tools\FTrack\ftrack-event-server\server.py - [INFO]: Loaded dev_plugins.ethel_and_ernest.hobsoft_ingest!
2015-07-06 10:15:12,017 - K:\tools\FTrack\ftrack-event-server\dev_plugins\ethel_and_ernest\hobsoft_ingest.py - [INFO]: Created new version: <asset_version('{'comment': '', 'assetid': 'acd6d666-23bc-11e5-bdd3-040112b6a801', 'entityType': 'asset_version', 'userid': 'b0fdb9ba-b037-11e4-ac9f-040112b6a801', 'ispublished': False, 'date': <DateTime '20150706T10:15:03' at 2be5508>, 'versionid': '7c89559e-23bf-11e5-89f4-040112b6a801', 'version': 10, 'taskid': '5f1a8568-23bb-11e5-8bba-040112b6a801', 'thumbid': None, 'entityId': '7c89559e-23bf-11e5-89f4-040112b6a801', 'statusid': '9aa2b78e-b072-11e4-b8dd-040112b6a801'}')>
2015-07-06 10:17:30,887 - K:\tools\FTrack\ftrack-event-server\server.py - [INFO]: Unloaded dev_plugins.ethel_and_ernest.hobsoft_ingest!
2015-07-06 10:17:30,890 - K:\tools\FTrack\ftrack-event-server\server.py - [INFO]: Loaded dev_plugins.ethel_and_ernest.hobsoft_ingest!
2015-07-06 10:17:48,095 - K:\tools\FTrack\ftrack-event-server\server.py - [INFO]: Unloaded dev_plugins.ethel_and_ernest.hobsoft_ingest!
2015-07-06 10:17:48,098 - K:\tools\FTrack\ftrack-event-server\server.py - [INFO]: Loaded dev_plugins.ethel_and_ernest.hobsoft_ingest!
2015-07-06 10:26:24,676 - K:\tools\FTrack\ftrack-event-server\dev_plugins\ethel_and_ernest\hobsoft_ingest.py - [INFO]: Created new version: <asset_version('{'comment': '', 'assetid': '042163c0-23c0-11e5-89f4-040112b6a801', 'entityType': 'asset_version', 'userid': 'b0fdb9ba-b037-11e4-ac9f-040112b6a801', 'ispublished': False, 'date': <DateTime '20150706T10:18:51' at 2dc5e08>, 'versionid': '0433103e-23c0-11e5-ac46-040112b6a801', 'version': 1, 'taskid': '5f1a8568-23bb-11e5-8bba-040112b6a801', 'thumbid': None, 'entityId': '0433103e-23c0-11e5-ac46-040112b6a801', 'statusid': '9aa2b78e-b072-11e4-b8dd-040112b6a801'}')>
2015-07-06 10:43:20,384 - K:\tools\FTrack\ftrack-api\requests\packages\urllib3\connectionpool.py - [INFO]: Starting new HTTPS connection (1): bait.ftrackapp.com
2015-07-06 10:43:21,441 - K:\tools\FTrack\ftrack-event-server\server.py - [WARNING]: No "topic" variable found in K:\tools\FTrack\ftrack-event-server\dev_plugins\utils.py
2015-07-06 10:43:21,441 - K:\tools\FTrack\ftrack-event-server\server.py - [WARNING]: No "main" function found in K:\tools\FTrack\ftrack-event-server\dev_plugins\utils.py
2015-07-06 10:43:21,473 - K:\tools\FTrack\ftrack-event-server\server.py - [INFO]: Loaded dev_plugins.ethel_and_ernest.version_up!
2015-07-06 10:43:21,535 - K:\tools\FTrack\ftrack-event-server\server.py - [INFO]: Loaded dev_plugins.ethel_and_ernest.hobsoft_ingest!
2015-07-06 10:43:21,546 - K:\tools\FTrack\ftrack-event-server\server.py - [INFO]: Loaded dev_plugins.ethel_and_ernest.version_notification!
2015-07-06 10:43:21,562 - K:\tools\FTrack\ftrack-event-server\server.py - [INFO]: Loaded dev_plugins.temp.next_task_update!
2015-07-06 10:43:21,566 - K:\tools\FTrack\ftrack-event-server\server.py - [INFO]: Loaded dev_plugins.temp.task_to_shot_update!
2015-07-06 10:43:28,963 - K:\tools\FTrack\ftrack-event-server\dev_plugins\ethel_and_ernest\hobsoft_ingest.py - [INFO]: Created new version: <asset_version('{'comment': '', 'assetid': '74769070-23c3-11e5-8214-040112b6a801', 'entityType': 'asset_version', 'userid': 'b0fdb9ba-b037-11e4-ac9f-040112b6a801', 'ispublished': False, 'date': <DateTime '20150706T10:43:28' at 2b093c8>, 'versionid': '747ff2b4-23c3-11e5-8fc5-040112b6a801', 'version': 1, 'taskid': '5f1a8568-23bb-11e5-8bba-040112b6a801', 'thumbid': None, 'entityId': '747ff2b4-23c3-11e5-8fc5-040112b6a801', 'statusid': '9aa2b78e-b072-11e4-b8dd-040112b6a801'}')>
2015-07-06 10:43:59,877 - K:\tools\FTrack\ftrack-event-server\dev_plugins\ethel_and_ernest\hobsoft_ingest.py - [INFO]: Created new version: <asset_version('{'comment': '', 'assetid': '74769070-23c3-11e5-8214-040112b6a801', 'entityType': 'asset_version', 'userid': 'b0fdb9ba-b037-11e4-ac9f-040112b6a801', 'ispublished': False, 'date': <DateTime '20150706T10:43:59' at 2b09a08>, 'versionid': '86ea553e-23c3-11e5-89f4-040112b6a801', 'version': 2, 'taskid': '5f1a8568-23bb-11e5-8bba-040112b6a801', 'thumbid': None, 'entityId': '86ea553e-23c3-11e5-89f4-040112b6a801', 'statusid': '9aa2b78e-b072-11e4-b8dd-040112b6a801'}')>
2015-07-06 10:45:26,506 - K:\tools\FTrack\ftrack-event-server\server.py - [INFO]: Unloaded dev_plugins.ethel_and_ernest.hobsoft_ingest!
2015-07-06 10:45:26,509 - K:\tools\FTrack\ftrack-event-server\server.py - [INFO]: Loaded dev_plugins.ethel_and_ernest.hobsoft_ingest!
2015-07-06 10:45:35,341 - K:\tools\FTrack\ftrack-event-server\dev_plugins\ethel_and_ernest\hobsoft_ingest.py - [INFO]: Created new version: <asset_version('{'comment': '', 'assetid': '74769070-23c3-11e5-8214-040112b6a801', 'entityType': 'asset_version', 'userid': 'b0fdb9ba-b037-11e4-ac9f-040112b6a801', 'ispublished': False, 'date': <DateTime '20150706T10:45:34' at 2b17448>, 'versionid': 'bfb61e0c-23c3-11e5-b9d3-040112b6a801', 'version': 3, 'taskid': '5f1a8568-23bb-11e5-8bba-040112b6a801', 'thumbid': None, 'entityId': 'bfb61e0c-23c3-11e5-b9d3-040112b6a801', 'statusid': '9aa2b78e-b072-11e4-b8dd-040112b6a801'}')>
2015-07-06 10:46:54,216 - K:\tools\FTrack\ftrack-api\requests\packages\urllib3\connectionpool.py - [INFO]: Starting new HTTPS connection (1): bait.ftrackapp.com
2015-07-06 10:46:55,177 - K:\tools\FTrack\ftrack-event-server\server.py - [WARNING]: No "topic" variable found in K:\tools\FTrack\ftrack-event-server\dev_plugins\utils.py
2015-07-06 10:46:55,177 - K:\tools\FTrack\ftrack-event-server\server.py - [WARNING]: No "main" function found in K:\tools\FTrack\ftrack-event-server\dev_plugins\utils.py
2015-07-06 10:46:55,214 - K:\tools\FTrack\ftrack-event-server\server.py - [INFO]: Loaded dev_plugins.ethel_and_ernest.version_up!
2015-07-06 10:46:55,220 - K:\tools\FTrack\ftrack-event-server\server.py - [INFO]: Loaded dev_plugins.ethel_and_ernest.hobsoft_ingest!
2015-07-06 10:46:55,223 - K:\tools\FTrack\ftrack-event-server\server.py - [INFO]: Loaded dev_plugins.ethel_and_ernest.version_notification!
2015-07-06 10:46:55,242 - K:\tools\FTrack\ftrack-event-server\server.py - [INFO]: Loaded dev_plugins.temp.next_task_update!
2015-07-06 10:46:55,246 - K:\tools\FTrack\ftrack-event-server\server.py - [INFO]: Loaded dev_plugins.temp.task_to_shot_update!
2015-07-06 10:47:02,394 - K:\tools\FTrack\ftrack-event-server\dev_plugins\ethel_and_ernest\hobsoft_ingest.py - [INFO]: Created new version: <asset_version('{'comment': '', 'assetid': 'f39fc0d8-23c3-11e5-a83d-040112b6a801', 'entityType': 'asset_version', 'userid': 'b0fdb9ba-b037-11e4-ac9f-040112b6a801', 'ispublished': False, 'date': <DateTime '20150706T10:47:01' at 2b61b48>, 'versionid': 'f3b00f56-23c3-11e5-88fd-040112b6a801', 'version': 1, 'taskid': '5f1a8568-23bb-11e5-8bba-040112b6a801', 'thumbid': None, 'entityId': 'f3b00f56-23c3-11e5-88fd-040112b6a801', 'statusid': '9aa2b78e-b072-11e4-b8dd-040112b6a801'}')>
2015-07-06 10:47:04,470 - K:\tools\FTrack\ftrack-event-server\dev_plugins\ethel_and_ernest\hobsoft_ingest.py - [INFO]: Created new version: <asset_version('{'comment': '', 'assetid': 'f39fc0d8-23c3-11e5-a83d-040112b6a801', 'entityType': 'asset_version', 'userid': 'b0fdb9ba-b037-11e4-ac9f-040112b6a801', 'ispublished': False, 'date': <DateTime '20150706T10:47:03' at 2b61b88>, 'versionid': 'f4e33db2-23c3-11e5-8214-040112b6a801', 'version': 2, 'taskid': '5f1a8568-23bb-11e5-8bba-040112b6a801', 'thumbid': None, 'entityId': 'f4e33db2-23c3-11e5-8214-040112b6a801', 'statusid': '9aa2b78e-b072-11e4-b8dd-040112b6a801'}')>
2015-07-06 10:50:02,157 - K:\tools\FTrack\ftrack-api\requests\packages\urllib3\connectionpool.py - [INFO]: Starting new HTTPS connection (1): bait.ftrackapp.com
2015-07-06 10:50:03,286 - K:\tools\FTrack\ftrack-event-server\server.py - [WARNING]: No "topic" variable found in K:\tools\FTrack\ftrack-event-server\dev_plugins\utils.py
2015-07-06 10:50:03,286 - K:\tools\FTrack\ftrack-event-server\server.py - [WARNING]: No "main" function found in K:\tools\FTrack\ftrack-event-server\dev_plugins\utils.py
2015-07-06 10:50:03,319 - K:\tools\FTrack\ftrack-event-server\server.py - [INFO]: Loaded dev_plugins.ethel_and_ernest.version_up!
2015-07-06 10:50:03,382 - K:\tools\FTrack\ftrack-event-server\server.py - [INFO]: Loaded dev_plugins.ethel_and_ernest.hobsoft_ingest!
2015-07-06 10:50:03,388 - K:\tools\FTrack\ftrack-event-server\server.py - [INFO]: Loaded dev_plugins.ethel_and_ernest.version_notification!
2015-07-06 10:50:03,405 - K:\tools\FTrack\ftrack-event-server\server.py - [INFO]: Loaded dev_plugins.temp.next_task_update!
2015-07-06 10:50:03,410 - K:\tools\FTrack\ftrack-event-server\server.py - [INFO]: Loaded dev_plugins.temp.task_to_shot_update!
2015-07-06 10:50:07,763 - K:\tools\FTrack\ftrack-event-server\dev_plugins\ethel_and_ernest\hobsoft_ingest.py - [INFO]: creating new version!
2015-07-06 10:51:42,822 - K:\tools\FTrack\ftrack-event-server\dev_plugins\ethel_and_ernest\hobsoft_ingest.py - [INFO]: creating new version!
2015-07-06 10:52:26,351 - K:\tools\FTrack\ftrack-event-server\server.py - [INFO]: Unloaded dev_plugins.ethel_and_ernest.hobsoft_ingest!
2015-07-06 10:52:26,355 - K:\tools\FTrack\ftrack-event-server\server.py - [INFO]: Loaded dev_plugins.ethel_and_ernest.hobsoft_ingest!
2015-07-06 10:52:43,552 - K:\tools\FTrack\ftrack-event-server\dev_plugins\ethel_and_ernest\hobsoft_ingest.py - [INFO]: <Event {'topic': u'ftrack.update', 'source': {u'applicationId': u'ftrack.client.web', u'user': {u'id': u'b0fdb9ba-b037-11e4-ac9f-040112b6a801'}, u'id': None}, 'target': u'', 'sent': None, 'data': {u'entities': [{u'keys': [u'comment', u'assetid', u'userid', u'ispublished', u'versionid', u'version', u'taskid', u'date', u'statusid'], u'objectTypeId': u'assetversion', u'entityType': u'assetversion', u'parents': [{u'entityId': u'bf0ec6ec-23c4-11e5-89f4-040112b6a801', u'entityType': u'assetversion', u'parentId': u'99b35d9a-23c4-11e5-8529-040112b6a801'}, {u'entityId': u'99b35d9a-23c4-11e5-8529-040112b6a801', u'entityType': u'asset', u'parentId': u'4acd6db8-1660-11e5-b96b-040112b6a801'}, {u'entityId': u'4acd6db8-1660-11e5-b96b-040112b6a801', u'entityType': u'task', u'parentId': u'0478aa8c-0b69-11e5-ba39-040112b6a801'}, {u'entityId': u'0478aa8c-0b69-11e5-ba39-040112b6a801', u'entityType': u'task', u'parentId': u'7bbf1c8a-b5f5-11e4-980e-040112b6a801'}, {u'entityId': u'7bbf1c8a-b5f5-11e4-980e-040112b6a801', u'entityType': u'show', u'parentId': None}], u'parentId': u'99b35d9a-23c4-11e5-8529-040112b6a801', u'action': u'add', u'entityId': u'bf0ec6ec-23c4-11e5-89f4-040112b6a801', u'changes': {u'comment': {u'new': u'', u'old': None}, u'assetid': {u'new': u'99b35d9a-23c4-11e5-8529-040112b6a801', u'old': None}, u'userid': {u'new': u'b0fdb9ba-b037-11e4-ac9f-040112b6a801', u'old': None}, u'ispublished': {u'new': False, u'old': True}, u'versionid': {u'new': u'bf0ec6ec-23c4-11e5-89f4-040112b6a801', u'old': None}, u'version': {u'new': 2, u'old': 0}, u'taskid': {u'new': None, u'old': None}, u'date': {u'new': u'2015-07-06T10:52:43.065136', u'old': None}, u'statusid': {u'new': u'9aa2b78e-b072-11e4-b8dd-040112b6a801', u'old': None}}}], u'pushToken': None, u'parents': [u'bf0ec6ec-23c4-11e5-89f4-040112b6a801', u'99b35d9a-23c4-11e5-8529-040112b6a801', u'7bbf1c8a-b5f5-11e4-980e-040112b6a801', u'0478aa8c-0b69-11e5-ba39-040112b6a801', u'4acd6db8-1660-11e5-b96b-040112b6a801'], u'user': {u'userid': u'b0fdb9ba-b037-11e4-ac9f-040112b6a801', u'name': u'Toke Jepsen'}, u'clientToken': None}, 'id': u'6b5683bf2ce74d0eaee11b638e28dcbf', 'inReplyToEvent': None}>
2015-07-06 10:52:43,892 - K:\tools\FTrack\ftrack-event-server\dev_plugins\ethel_and_ernest\hobsoft_ingest.py - [INFO]: <Event {'topic': u'ftrack.update', 'source': {u'applicationId': u'ftrack.client.web', u'user': {u'id': u'b0fdb9ba-b037-11e4-ac9f-040112b6a801'}, u'id': None}, 'target': u'', 'sent': None, 'data': {u'entities': [{u'keys': [u'ispublished'], u'objectTypeId': u'assetversion', u'entityType': u'assetversion', u'parents': [{u'entityId': u'bf0ec6ec-23c4-11e5-89f4-040112b6a801', u'entityType': u'assetversion', u'parentId': u'99b35d9a-23c4-11e5-8529-040112b6a801'}, {u'entityId': u'99b35d9a-23c4-11e5-8529-040112b6a801', u'entityType': u'asset', u'parentId': u'4acd6db8-1660-11e5-b96b-040112b6a801'}, {u'entityId': u'4acd6db8-1660-11e5-b96b-040112b6a801', u'entityType': u'task', u'parentId': u'0478aa8c-0b69-11e5-ba39-040112b6a801'}, {u'entityId': u'0478aa8c-0b69-11e5-ba39-040112b6a801', u'entityType': u'task', u'parentId': u'7bbf1c8a-b5f5-11e4-980e-040112b6a801'}, {u'entityId': u'7bbf1c8a-b5f5-11e4-980e-040112b6a801', u'entityType': u'show', u'parentId': None}], u'parentId': u'99b35d9a-23c4-11e5-8529-040112b6a801', u'action': u'update', u'entityId': u'bf0ec6ec-23c4-11e5-89f4-040112b6a801', u'changes': {u'ispublished': {u'new': True, u'old': False}}}], u'pushToken': None, u'parents': [u'bf0ec6ec-23c4-11e5-89f4-040112b6a801', u'99b35d9a-23c4-11e5-8529-040112b6a801', u'7bbf1c8a-b5f5-11e4-980e-040112b6a801', u'0478aa8c-0b69-11e5-ba39-040112b6a801', u'4acd6db8-1660-11e5-b96b-040112b6a801'], u'user': {u'userid': u'b0fdb9ba-b037-11e4-ac9f-040112b6a801', u'name': u'Toke Jepsen'}, u'clientToken': None}, 'id': u'f64e5513c37d4f7ab89c439554fcd55b', 'inReplyToEvent': None}>
2015-07-06 10:52:44,000 - K:\tools\FTrack\ftrack-event-server\dev_plugins\ethel_and_ernest\hobsoft_ingest.py - [INFO]: creating new version!
2015-07-06 10:52:44,000 - K:\tools\FTrack\ftrack-event-server\dev_plugins\ethel_and_ernest\hobsoft_ingest.py - [INFO]: <Event {'topic': u'ftrack.update', 'source': {u'applicationId': u'ftrack.client.web', u'user': {u'id': None}, u'id': None}, 'target': u'', 'sent': None, 'data': {u'entities': [{u'action': u'update', u'entityType': u'socialfeed'}], u'pushToken': None, u'parents': [u'bf0ec6ec-23c4-11e5-89f4-040112b6a801'], u'clientToken': None}, 'id': u'dc595cd760da4d25b6728c0fc4d35ceb', 'inReplyToEvent': None}>
2015-07-06 10:52:44,002 - K:\tools\FTrack\ftrack-event-server\dev_plugins\ethel_and_ernest\hobsoft_ingest.py - [INFO]: <Event {'topic': u'ftrack.update', 'source': {u'applicationId': u'ftrack.client.web', u'user': {u'id': None}, u'id': None}, 'target': u'', 'sent': None, 'data': {u'entities': [{u'action': u'update', u'entityType': u'socialfeed'}], u'pushToken': None, u'parents': [u'99b35d9a-23c4-11e5-8529-040112b6a801'], u'clientToken': None}, 'id': u'4905885cd09849c18c22ab0aa930fa4e', 'inReplyToEvent': None}>
2015-07-06 10:52:44,003 - K:\tools\FTrack\ftrack-event-server\dev_plugins\ethel_and_ernest\hobsoft_ingest.py - [INFO]: <Event {'topic': u'ftrack.update', 'source': {u'applicationId': u'ftrack.client.web', u'user': {u'id': None}, u'id': None}, 'target': u'', 'sent': None, 'data': {u'entities': [{u'action': u'update', u'entityType': u'socialfeed'}], u'pushToken': None, u'parents': [u'7bbf1c8a-b5f5-11e4-980e-040112b6a801'], u'clientToken': None}, 'id': u'4a5eb7ad2bd342a689dea2739b2f0e7b', 'inReplyToEvent': None}>
2015-07-06 10:52:44,003 - K:\tools\FTrack\ftrack-event-server\dev_plugins\ethel_and_ernest\hobsoft_ingest.py - [INFO]: <Event {'topic': u'ftrack.update', 'source': {u'applicationId': u'ftrack.client.web', u'user': {u'id': None}, u'id': None}, 'target': u'', 'sent': None, 'data': {u'entities': [{u'action': u'update', u'entityType': u'socialfeed'}], u'pushToken': None, u'parents': [u'0478aa8c-0b69-11e5-ba39-040112b6a801'], u'clientToken': None}, 'id': u'940397f9d50a477d9282404d02785be2', 'inReplyToEvent': None}>
2015-07-06 10:52:44,003 - K:\tools\FTrack\ftrack-event-server\dev_plugins\ethel_and_ernest\hobsoft_ingest.py - [INFO]: <Event {'topic': u'ftrack.update', 'source': {u'applicationId': u'ftrack.client.web', u'user': {u'id': None}, u'id': None}, 'target': u'', 'sent': None, 'data': {u'entities': [{u'action': u'update', u'entityType': u'socialfeed'}], u'pushToken': None, u'parents': [u'4acd6db8-1660-11e5-b96b-040112b6a801'], u'clientToken': None}, 'id': u'62a1663d16b44bb280d0b6ae5c32b76a', 'inReplyToEvent': None}>
2015-07-06 10:52:45,079 - K:\tools\FTrack\ftrack-event-server\dev_plugins\ethel_and_ernest\hobsoft_ingest.py - [INFO]: <Event {'topic': u'ftrack.update', 'source': {u'applicationId': u'ftrack.client.web', u'user': {u'id': u'b0fdb9ba-b037-11e4-ac9f-040112b6a801'}, u'id': None}, 'target': u'', 'sent': None, 'data': {u'entities': [{u'keys': [u'triggerdate', u'parent_type', u'userid', u'categoryid', u'parent_id', u'text', u'date', u'noteid', u'noteparentid'], u'objectTypeId': u'note', u'entityType': u'note', u'parents': [{u'entityId': u'bffa533c-23c4-11e5-89f4-040112b6a801', u'entityType': u'note', u'parentId': u'bb46334a-18db-11e5-9165-040112b6a801'}, {u'entityId': u'bb46334a-18db-11e5-9165-040112b6a801', u'entityType': u'task', u'parentId': u'4acd6db8-1660-11e5-b96b-040112b6a801'}, {u'entityId': u'4acd6db8-1660-11e5-b96b-040112b6a801', u'entityType': u'task', u'parentId': u'0478aa8c-0b69-11e5-ba39-040112b6a801'}, {u'entityId': u'0478aa8c-0b69-11e5-ba39-040112b6a801', u'entityType': u'task', u'parentId': u'7bbf1c8a-b5f5-11e4-980e-040112b6a801'}, {u'entityId': u'7bbf1c8a-b5f5-11e4-980e-040112b6a801', u'entityType': u'show', u'parentId': None}], u'parentId': u'bb46334a-18db-11e5-9165-040112b6a801', u'action': u'add', u'entityId': u'bffa533c-23c4-11e5-89f4-040112b6a801', u'changes': {u'triggerdate': {u'new': u'2015-07-06T10:52:44.607779', u'old': None}, u'text': {u'new': u'Event Server (K:\\tools\\FTrack\\ftrack-event-server\\production_plugins\\ethel_and_ernest\\hobsoft_notification.pyc):\n\nNew version of hobsoft layers ready.', u'old': None}, u'userid': {u'new': u'b0fdb9ba-b037-11e4-ac9f-040112b6a801', u'old': None}, u'noteid': {u'new': u'bffa533c-23c4-11e5-89f4-040112b6a801', u'old': None}, u'parent_id': {u'new': u'bb46334a-18db-11e5-9165-040112b6a801', u'old': None}, u'parent_type': {u'new': u'task', u'old': None}, u'date': {u'new': u'2015-07-06T10:52:44.607779', u'old': None}, u'categoryid': {u'new': None, u'old': None}, u'noteparentid': {u'new': None, u'old': None}}}], u'pushToken': None, u'parents': [u'bffa533c-23c4-11e5-89f4-040112b6a801', u'7bbf1c8a-b5f5-11e4-980e-040112b6a801', u'0478aa8c-0b69-11e5-ba39-040112b6a801', u'4acd6db8-1660-11e5-b96b-040112b6a801', u'bb46334a-18db-11e5-9165-040112b6a801'], u'user': {u'userid': u'b0fdb9ba-b037-11e4-ac9f-040112b6a801', u'name': u'Toke Jepsen'}, u'clientToken': None}, 'id': u'd0e94ad383064ab28bf8fd17a41c581c', 'inReplyToEvent': None}>
2015-07-06 10:52:45,081 - K:\tools\FTrack\ftrack-event-server\dev_plugins\ethel_and_ernest\hobsoft_ingest.py - [INFO]: <Event {'topic': u'ftrack.update', 'source': {u'applicationId': u'ftrack.client.web', u'user': {u'id': None}, u'id': None}, 'target': u'', 'sent': None, 'data': {u'entities': [{u'action': u'update', u'entityType': u'socialfeed'}], u'pushToken': None, u'parents': [u'bffa533c-23c4-11e5-89f4-040112b6a801'], u'clientToken': None}, 'id': u'67f53532cf494a3a8225823d9e1038ec', 'inReplyToEvent': None}>
2015-07-06 10:52:46,411 - K:\tools\FTrack\ftrack-event-server\dev_plugins\ethel_and_ernest\hobsoft_ingest.py - [INFO]: <Event {'topic': u'ftrack.update', 'source': {u'applicationId': u'ftrack.client.web', u'user': {u'id': None}, u'id': None}, 'target': u'', 'sent': None, 'data': {u'entities': [{u'action': u'update', u'entityType': u'socialfeed'}], u'pushToken': None, u'parents': [u'7bbf1c8a-b5f5-11e4-980e-040112b6a801'], u'clientToken': None}, 'id': u'57ac5fc4bf2546f58081b824a2e6f3dd', 'inReplyToEvent': None}>
2015-07-06 10:52:47,128 - K:\tools\FTrack\ftrack-event-server\dev_plugins\ethel_and_ernest\hobsoft_ingest.py - [INFO]: <Event {'topic': u'ftrack.update', 'source': {u'applicationId': u'ftrack.client.web', u'user': {u'id': None}, u'id': None}, 'target': u'', 'sent': None, 'data': {u'entities': [{u'action': u'update', u'entityType': u'socialfeed'}], u'pushToken': None, u'parents': [u'0478aa8c-0b69-11e5-ba39-040112b6a801'], u'clientToken': None}, 'id': u'45a3338f18b146b8a371682d4adc0af2', 'inReplyToEvent': None}>
2015-07-06 10:52:47,859 - K:\tools\FTrack\ftrack-event-server\dev_plugins\ethel_and_ernest\hobsoft_ingest.py - [INFO]: <Event {'topic': u'ftrack.update', 'source': {u'applicationId': u'ftrack.client.web', u'user': {u'id': None}, u'id': None}, 'target': u'', 'sent': None, 'data': {u'entities': [{u'action': u'update', u'entityType': u'socialfeed'}], u'pushToken': None, u'parents': [u'4acd6db8-1660-11e5-b96b-040112b6a801'], u'clientToken': None}, 'id': u'e0c308f028e34f3e809122bc9b060544', 'inReplyToEvent': None}>
2015-07-06 10:52:48,423 - K:\tools\FTrack\ftrack-event-server\dev_plugins\ethel_and_ernest\hobsoft_ingest.py - [INFO]: <Event {'topic': u'ftrack.update', 'source': {u'applicationId': u'ftrack.client.web', u'user': {u'id': None}, u'id': None}, 'target': u'', 'sent': None, 'data': {u'entities': [{u'action': u'update', u'entityType': u'socialfeed'}], u'pushToken': None, u'parents': [u'bb46334a-18db-11e5-9165-040112b6a801'], u'clientToken': None}, 'id': u'84bae604cab343369f58ee2ba05cd36d', 'inReplyToEvent': None}>
2015-07-06 10:52:59,473 - K:\tools\FTrack\ftrack-api\requests\packages\urllib3\connectionpool.py - [INFO]: Starting new HTTPS connection (1): bait.ftrackapp.com
2015-07-06 10:53:00,407 - K:\tools\FTrack\ftrack-event-server\server.py - [WARNING]: No "topic" variable found in K:\tools\FTrack\ftrack-event-server\dev_plugins\utils.py
2015-07-06 10:53:00,408 - K:\tools\FTrack\ftrack-event-server\server.py - [WARNING]: No "main" function found in K:\tools\FTrack\ftrack-event-server\dev_plugins\utils.py
2015-07-06 10:53:00,441 - K:\tools\FTrack\ftrack-event-server\server.py - [INFO]: Loaded dev_plugins.ethel_and_ernest.version_up!
2015-07-06 10:53:00,460 - K:\tools\FTrack\ftrack-event-server\server.py - [INFO]: Loaded dev_plugins.ethel_and_ernest.hobsoft_ingest!
2015-07-06 10:53:00,466 - K:\tools\FTrack\ftrack-event-server\server.py - [INFO]: Loaded dev_plugins.ethel_and_ernest.version_notification!
2015-07-06 10:53:00,483 - K:\tools\FTrack\ftrack-event-server\server.py - [INFO]: Loaded dev_plugins.temp.next_task_update!
2015-07-06 10:53:00,489 - K:\tools\FTrack\ftrack-event-server\server.py - [INFO]: Loaded dev_plugins.temp.task_to_shot_update!
2015-07-06 10:53:04,769 - K:\tools\FTrack\ftrack-event-server\dev_plugins\ethel_and_ernest\hobsoft_ingest.py - [INFO]: <Event {'topic': u'ftrack.update', 'source': {u'applicationId': u'ftrack.client.web', u'user': {u'id': u'b0fdb9ba-b037-11e4-ac9f-040112b6a801'}, u'id': None}, 'target': u'', 'sent': None, 'data': {u'entities': [{u'keys': [u'ispublished'], u'objectTypeId': u'assetversion', u'entityType': u'assetversion', u'parents': [{u'entityId': u'cb7502b6-23c4-11e5-8529-040112b6a801', u'entityType': u'assetversion', u'parentId': u'99b35d9a-23c4-11e5-8529-040112b6a801'}, {u'entityId': u'99b35d9a-23c4-11e5-8529-040112b6a801', u'entityType': u'asset', u'parentId': u'4acd6db8-1660-11e5-b96b-040112b6a801'}, {u'entityId': u'4acd6db8-1660-11e5-b96b-040112b6a801', u'entityType': u'task', u'parentId': u'0478aa8c-0b69-11e5-ba39-040112b6a801'}, {u'entityId': u'0478aa8c-0b69-11e5-ba39-040112b6a801', u'entityType': u'task', u'parentId': u'7bbf1c8a-b5f5-11e4-980e-040112b6a801'}, {u'entityId': u'7bbf1c8a-b5f5-11e4-980e-040112b6a801', u'entityType': u'show', u'parentId': None}], u'parentId': u'99b35d9a-23c4-11e5-8529-040112b6a801', u'action': u'update', u'entityId': u'cb7502b6-23c4-11e5-8529-040112b6a801', u'changes': {u'ispublished': {u'new': True, u'old': False}}}], u'pushToken': None, u'parents': [u'99b35d9a-23c4-11e5-8529-040112b6a801', u'7bbf1c8a-b5f5-11e4-980e-040112b6a801', u'0478aa8c-0b69-11e5-ba39-040112b6a801', u'cb7502b6-23c4-11e5-8529-040112b6a801', u'4acd6db8-1660-11e5-b96b-040112b6a801'], u'user': {u'userid': u'b0fdb9ba-b037-11e4-ac9f-040112b6a801', u'name': u'Toke Jepsen'}, u'clientToken': None}, 'id': u'bc56e8e59233438fbffe1bd00f9cf996', 'inReplyToEvent': None}>
2015-07-06 10:53:04,770 - K:\tools\FTrack\ftrack-event-server\dev_plugins\ethel_and_ernest\hobsoft_ingest.py - [INFO]: creating new version!
2015-07-06 10:53:36,319 - K:\tools\FTrack\ftrack-event-server\server.py - [INFO]: Unloaded dev_plugins.ethel_and_ernest.hobsoft_ingest!
2015-07-06 10:53:36,321 - K:\tools\FTrack\ftrack-event-server\server.py - [INFO]: Loaded dev_plugins.ethel_and_ernest.hobsoft_ingest!
2015-07-06 10:53:41,953 - K:\tools\FTrack\ftrack-event-server\dev_plugins\ethel_and_ernest\hobsoft_ingest.py - [INFO]: <Event {'topic': u'ftrack.update', 'source': {u'applicationId': u'ftrack.client.web', u'user': {u'id': u'b0fdb9ba-b037-11e4-ac9f-040112b6a801'}, u'id': None}, 'target': u'', 'sent': None, 'data': {u'entities': [{u'keys': [u'ispublished'], u'objectTypeId': u'assetversion', u'entityType': u'assetversion', u'parents': [{u'entityId': u'e140735a-23c4-11e5-8fc5-040112b6a801', u'entityType': u'assetversion', u'parentId': u'99b35d9a-23c4-11e5-8529-040112b6a801'}, {u'entityId': u'99b35d9a-23c4-11e5-8529-040112b6a801', u'entityType': u'asset', u'parentId': u'4acd6db8-1660-11e5-b96b-040112b6a801'}, {u'entityId': u'4acd6db8-1660-11e5-b96b-040112b6a801', u'entityType': u'task', u'parentId': u'0478aa8c-0b69-11e5-ba39-040112b6a801'}, {u'entityId': u'0478aa8c-0b69-11e5-ba39-040112b6a801', u'entityType': u'task', u'parentId': u'7bbf1c8a-b5f5-11e4-980e-040112b6a801'}, {u'entityId': u'7bbf1c8a-b5f5-11e4-980e-040112b6a801', u'entityType': u'show', u'parentId': None}], u'parentId': u'99b35d9a-23c4-11e5-8529-040112b6a801', u'action': u'update', u'entityId': u'e140735a-23c4-11e5-8fc5-040112b6a801', u'changes': {u'ispublished': {u'new': True, u'old': False}}}], u'pushToken': None, u'parents': [u'99b35d9a-23c4-11e5-8529-040112b6a801', u'7bbf1c8a-b5f5-11e4-980e-040112b6a801', u'0478aa8c-0b69-11e5-ba39-040112b6a801', u'4acd6db8-1660-11e5-b96b-040112b6a801', u'e140735a-23c4-11e5-8fc5-040112b6a801'], u'user': {u'userid': u'b0fdb9ba-b037-11e4-ac9f-040112b6a801', u'name': u'Toke Jepsen'}, u'clientToken': None}, 'id': u'748a18cf8dba4a06b09ea830635ea251', 'inReplyToEvent': None}>
2015-07-06 10:53:41,954 - K:\tools\FTrack\ftrack-event-server\dev_plugins\ethel_and_ernest\hobsoft_ingest.py - [INFO]: 4
2015-07-06 10:53:41,956 - K:\tools\FTrack\ftrack-event-server\dev_plugins\ethel_and_ernest\hobsoft_ingest.py - [INFO]: creating new version!
2015-07-06 10:54:34,108 - K:\tools\FTrack\ftrack-event-server\server.py - [INFO]: Unloaded dev_plugins.ethel_and_ernest.hobsoft_ingest!
2015-07-06 10:54:34,111 - K:\tools\FTrack\ftrack-event-server\server.py - [INFO]: Loaded dev_plugins.ethel_and_ernest.hobsoft_ingest!
2015-07-06 10:55:08,032 - K:\tools\FTrack\ftrack-event-server\dev_plugins\ethel_and_ernest\hobsoft_ingest.py - [INFO]: <Event {'topic': u'ftrack.update', 'source': {u'applicationId': u'ftrack.client.web', u'user': {u'id': u'b0fdb9ba-b037-11e4-ac9f-040112b6a801'}, u'id': None}, 'target': u'', 'sent': None, 'data': {u'entities': [{u'keys': [u'ispublished'], u'objectTypeId': u'assetversion', u'entityType': u'assetversion', u'parents': [{u'entityId': u'1416b6c2-23c5-11e5-88fd-040112b6a801', u'entityType': u'assetversion', u'parentId': u'140ebe72-23c5-11e5-b9d3-040112b6a801'}, {u'entityId': u'140ebe72-23c5-11e5-b9d3-040112b6a801', u'entityType': u'asset', u'parentId': u'4acd6db8-1660-11e5-b96b-040112b6a801'}, {u'entityId': u'4acd6db8-1660-11e5-b96b-040112b6a801', u'entityType': u'task', u'parentId': u'0478aa8c-0b69-11e5-ba39-040112b6a801'}, {u'entityId': u'0478aa8c-0b69-11e5-ba39-040112b6a801', u'entityType': u'task', u'parentId': u'7bbf1c8a-b5f5-11e4-980e-040112b6a801'}, {u'entityId': u'7bbf1c8a-b5f5-11e4-980e-040112b6a801', u'entityType': u'show', u'parentId': None}], u'parentId': u'140ebe72-23c5-11e5-b9d3-040112b6a801', u'action': u'update', u'entityId': u'1416b6c2-23c5-11e5-88fd-040112b6a801', u'changes': {u'ispublished': {u'new': True, u'old': False}}}], u'pushToken': None, u'parents': [u'7bbf1c8a-b5f5-11e4-980e-040112b6a801', u'1416b6c2-23c5-11e5-88fd-040112b6a801', u'140ebe72-23c5-11e5-b9d3-040112b6a801', u'0478aa8c-0b69-11e5-ba39-040112b6a801', u'4acd6db8-1660-11e5-b96b-040112b6a801'], u'user': {u'userid': u'b0fdb9ba-b037-11e4-ac9f-040112b6a801', u'name': u'Toke Jepsen'}, u'clientToken': None}, 'id': u'6dccefdfafbc49498f5d2a1a488ec45c', 'inReplyToEvent': None}>
2015-07-06 10:55:08,032 - K:\tools\FTrack\ftrack-event-server\dev_plugins\ethel_and_ernest\hobsoft_ingest.py - [INFO]: 1
2015-07-06 10:55:08,032 - K:\tools\FTrack\ftrack-event-server\dev_plugins\ethel_and_ernest\hobsoft_ingest.py - [INFO]: creating new version!
2015-07-06 10:55:13,197 - K:\tools\FTrack\ftrack-event-server\server.py - [INFO]: Unloaded dev_plugins.ethel_and_ernest.hobsoft_ingest!
2015-07-06 10:55:13,198 - K:\tools\FTrack\ftrack-event-server\server.py - [INFO]: Loaded dev_plugins.ethel_and_ernest.hobsoft_ingest!
2015-07-06 10:55:27,533 - K:\tools\FTrack\ftrack-event-server\server.py - [INFO]: Unloaded dev_plugins.ethel_and_ernest.hobsoft_ingest!
2015-07-06 10:55:27,536 - K:\tools\FTrack\ftrack-event-server\server.py - [INFO]: Loaded dev_plugins.ethel_and_ernest.hobsoft_ingest!
2015-07-06 10:57:16,619 - K:\tools\FTrack\ftrack-event-server\dev_plugins\ethel_and_ernest\hobsoft_ingest.py - [INFO]: Created new version: <asset_version('{'comment': '', 'assetid': '4cb29cda-23c5-11e5-8fc5-040112b6a801', 'entityType': 'asset_version', 'userid': 'b0fdb9ba-b037-11e4-ac9f-040112b6a801', 'ispublished': False, 'date': <DateTime '20150706T10:56:40' at 2b6d208>, 'versionid': '4cba30da-23c5-11e5-88fd-040112b6a801', 'version': 1, 'taskid': '5f1a8568-23bb-11e5-8bba-040112b6a801', 'thumbid': None, 'entityId': '4cba30da-23c5-11e5-88fd-040112b6a801', 'statusid': '9aa2b78e-b072-11e4-b8dd-040112b6a801'}')>
2015-07-06 10:57:34,573 - K:\tools\FTrack\ftrack-event-server\server.py - [INFO]: Unloaded dev_plugins.ethel_and_ernest.version_notification!
2015-07-06 10:57:34,576 - K:\tools\FTrack\ftrack-event-server\server.py - [INFO]: Loaded dev_plugins.ethel_and_ernest.version_notification!
2015-07-06 10:57:36,102 - K:\tools\FTrack\ftrack-event-server\dev_plugins\ethel_and_ernest\hobsoft_ingest.py - [INFO]: Created new version: <asset_version('{'comment': '', 'assetid': '4cb29cda-23c5-11e5-8fc5-040112b6a801', 'entityType': 'asset_version', 'userid': 'b0fdb9ba-b037-11e4-ac9f-040112b6a801', 'ispublished': False, 'date': <DateTime '20150706T10:57:19' at 2b7c708>, 'versionid': '6407f588-23c5-11e5-8529-040112b6a801', 'version': 2, 'taskid': '5f1a8568-23bb-11e5-8bba-040112b6a801', 'thumbid': None, 'entityId': '6407f588-23c5-11e5-8529-040112b6a801', 'statusid': '9aa2b78e-b072-11e4-b8dd-040112b6a801'}')>
2015-07-06 10:57:56,006 - K:\tools\FTrack\ftrack-event-server\dev_plugins\ethel_and_ernest\hobsoft_ingest.py - [INFO]: Created new version: <asset_version('{'comment': '', 'assetid': '4cb29cda-23c5-11e5-8fc5-040112b6a801', 'entityType': 'asset_version', 'userid': 'b0fdb9ba-b037-11e4-ac9f-040112b6a801', 'ispublished': False, 'date': <DateTime '20150706T10:57:37' at 2d54cc8>, 'versionid': '6ea12b40-23c5-11e5-8529-040112b6a801', 'version': 3, 'taskid': '5f1a8568-23bb-11e5-8bba-040112b6a801', 'thumbid': None, 'entityId': '6ea12b40-23c5-11e5-8529-040112b6a801', 'statusid': '9aa2b78e-b072-11e4-b8dd-040112b6a801'}')>
2015-07-06 11:01:57,214 - K:\tools\FTrack\ftrack-api\requests\packages\urllib3\connectionpool.py - [INFO]: Starting new HTTPS connection (1): bait.ftrackapp.com
2015-07-06 11:01:58,154 - K:\tools\FTrack\ftrack-event-server\server.py - [WARNING]: No "topic" variable found in K:\tools\FTrack\ftrack-event-server\dev_plugins\utils.py
2015-07-06 11:01:58,155 - K:\tools\FTrack\ftrack-event-server\server.py - [WARNING]: No "main" function found in K:\tools\FTrack\ftrack-event-server\dev_plugins\utils.py
2015-07-06 11:01:58,190 - K:\tools\FTrack\ftrack-event-server\server.py - [INFO]: Loaded dev_plugins.ethel_and_ernest.version_up!
2015-07-06 11:01:58,203 - K:\tools\FTrack\ftrack-event-server\server.py - [INFO]: Loaded dev_plugins.ethel_and_ernest.hobsoft_ingest!
2015-07-06 11:01:58,211 - K:\tools\FTrack\ftrack-event-server\server.py - [INFO]: Loaded dev_plugins.ethel_and_ernest.version_notification!
2015-07-06 11:01:58,230 - K:\tools\FTrack\ftrack-event-server\server.py - [INFO]: Loaded dev_plugins.temp.next_task_update!
2015-07-06 11:01:58,236 - K:\tools\FTrack\ftrack-event-server\server.py - [INFO]: Loaded dev_plugins.temp.task_to_shot_update!
2015-07-06 11:02:06,711 - K:\tools\FTrack\ftrack-event-server\dev_plugins\ethel_and_ernest\hobsoft_ingest.py - [INFO]: creating new version!
2015-07-06 11:02:21,382 - K:\tools\FTrack\ftrack-event-server\dev_plugins\ethel_and_ernest\hobsoft_ingest.py - [INFO]: creating new version!
2015-07-06 11:02:48,253 - K:\tools\FTrack\ftrack-event-server\server.py - [INFO]: Unloaded dev_plugins.ethel_and_ernest.hobsoft_ingest!
2015-07-06 11:02:48,256 - K:\tools\FTrack\ftrack-event-server\server.py - [INFO]: Loaded dev_plugins.ethel_and_ernest.hobsoft_ingest!
2015-07-06 11:02:53,755 - K:\tools\FTrack\ftrack-event-server\dev_plugins\ethel_and_ernest\hobsoft_ingest.py - [INFO]: 3
2015-07-06 11:02:53,755 - K:\tools\FTrack\ftrack-event-server\dev_plugins\ethel_and_ernest\hobsoft_ingest.py - [INFO]: hobsoft
2015-07-06 11:02:53,756 - K:\tools\FTrack\ftrack-event-server\dev_plugins\ethel_and_ernest\hobsoft_ingest.py - [INFO]: creating new version!
2015-07-06 11:03:23,628 - K:\tools\FTrack\ftrack-event-server\dev_plugins\ethel_and_ernest\hobsoft_ingest.py - [INFO]: 4
2015-07-06 11:03:23,628 - K:\tools\FTrack\ftrack-event-server\dev_plugins\ethel_and_ernest\hobsoft_ingest.py - [INFO]: hobsoft
2015-07-06 11:03:23,630 - K:\tools\FTrack\ftrack-event-server\dev_plugins\ethel_and_ernest\hobsoft_ingest.py - [INFO]: creating new version!
2015-07-06 11:03:40,240 - K:\tools\FTrack\ftrack-event-server\server.py - [INFO]: Unloaded dev_plugins.ethel_and_ernest.hobsoft_ingest!
2015-07-06 11:03:40,243 - K:\tools\FTrack\ftrack-event-server\server.py - [INFO]: Loaded dev_plugins.ethel_and_ernest.hobsoft_ingest!
2015-07-06 11:04:13,342 - K:\tools\FTrack\ftrack-event-server\dev_plugins\ethel_and_ernest\hobsoft_ingest.py - [INFO]: 1
2015-07-06 11:04:13,344 - K:\tools\FTrack\ftrack-event-server\dev_plugins\ethel_and_ernest\hobsoft_ingest.py - [INFO]: hobsoft
2015-07-06 11:04:13,344 - K:\tools\FTrack\ftrack-event-server\dev_plugins\ethel_and_ernest\hobsoft_ingest.py - [INFO]: creating new version!
2015-07-06 11:04:33,267 - K:\tools\FTrack\ftrack-event-server\server.py - [INFO]: Unloaded dev_plugins.ethel_and_ernest.hobsoft_ingest!
2015-07-06 11:04:33,269 - K:\tools\FTrack\ftrack-event-server\server.py - [INFO]: Loaded dev_plugins.ethel_and_ernest.hobsoft_ingest!
2015-07-06 11:05:51,028 - K:\tools\FTrack\ftrack-event-server\dev_plugins\ethel_and_ernest\hobsoft_ingest.py - [INFO]: Created new version: <asset_version('{'comment': '', 'assetid': '7959f840-23c6-11e5-88fd-040112b6a801', 'entityType': 'asset_version', 'userid': 'b0fdb9ba-b037-11e4-ac9f-040112b6a801', 'ispublished': False, 'date': <DateTime '20150706T11:05:05' at 2c1f208>, 'versionid': '796eb9c4-23c6-11e5-ac46-040112b6a801', 'version': 1, 'taskid': '5f1a8568-23bb-11e5-8bba-040112b6a801', 'thumbid': None, 'entityId': '796eb9c4-23c6-11e5-ac46-040112b6a801', 'statusid': '9aa2b78e-b072-11e4-b8dd-040112b6a801'}')>
