2015-02-17 10:48:04,049 - server - WARNING - InvalidType: Returned ids from {'module': <module 'dev_plugins.utils' from 'K:\tools\FTrack\ftrack-event-server\dev_plugins\utils.pyc'>}.register() was <type 'NoneType'>
2015-02-17 11:24:03,459 - server - WARNING - InvalidType: Returned ids from {'module': <module 'dev_plugins.utils' from 'K:\tools\FTrack\ftrack-event-server\dev_plugins\utils.pyc'>}.register() was <type 'NoneType'>
2015-02-17 15:24:41,799 - server - WARNING - InvalidType: Returned ids from {'module': <module 'dev_plugins.utils' from 'K:\tools\FTrack\ftrack-event-server\dev_plugins\utils.pyc'>}.register() was <type 'NoneType'>
2015-02-17 15:46:46,473 - server - ERROR - Reload of version_to_task_statuses failed: u'version_to_task_statuses'
2015-02-17 15:46:46,503 - server - ERROR - Reload of version_to_task_statuses failed: u'version_to_task_statuses'
2015-02-17 15:46:55,038 - server - WARNING - InvalidType: Returned ids from {'module': <module 'dev_plugins.utils' from 'K:\tools\FTrack\ftrack-event-server\dev_plugins\utils.pyc'>}.register() was <type 'NoneType'>
2015-02-17 15:47:40,046 - server - INFO - Reloaded version_to_task_statuses
2015-02-17 15:47:40,059 - server - INFO - Reloaded version_to_task_statuses
2015-02-17 15:47:40,068 - server - INFO - Reloaded version_to_task_statuses
2015-02-17 16:56:30,032 - server - ERROR - Reload of New folder failed: u'New folder'
2015-02-17 16:56:35,907 - server - ERROR - Reload of version_to_task_statuses - Copy failed: u'version_to_task_statuses - Copy'
2015-02-17 16:56:48,723 - server - ERROR - Reload of version_up failed: u'version_up'
2015-02-17 16:56:48,724 - server - ERROR - Reload of version_up failed: u'version_up'
2015-02-17 16:57:46,640 - server - ERROR - Reload of version_up failed: u'version_up'
2015-02-17 16:57:56,140 - server - WARNING - InvalidType: Returned ids from {'module': <module 'dev_plugins.utils' from 'K:\tools\FTrack\ftrack-event-server\dev_plugins\utils.pyc'>}.register() was <type 'NoneType'>
2015-02-17 16:59:15,154 - server - INFO - Reloaded version_up
2015-02-17 16:59:15,165 - server - INFO - Reloaded version_up
2015-02-17 16:59:40,575 - server - INFO - Reloaded version_up
2015-02-17 16:59:40,588 - server - INFO - Reloaded version_up
2015-02-17 17:00:38,596 - server - INFO - Reloaded version_up
2015-02-17 17:00:38,608 - server - INFO - Reloaded version_up
2015-02-17 17:00:54,045 - server - INFO - Reloaded version_up
2015-02-17 17:00:54,056 - server - INFO - Reloaded version_up
2015-02-17 17:00:54,065 - server - INFO - Reloaded version_up
2015-02-17 17:03:28,525 - server - INFO - Reloaded version_up
2015-02-17 17:03:28,536 - server - INFO - Reloaded version_up
2015-02-17 17:05:39,467 - server - INFO - Reloaded version_up
2015-02-17 17:05:39,479 - server - INFO - Reloaded version_up
2015-02-17 17:05:57,819 - server - INFO - Reloaded version_up
2015-02-17 17:05:57,831 - server - INFO - Reloaded version_up
2015-02-17 17:05:57,839 - server - INFO - Reloaded version_up
2015-02-17 17:06:55,703 - server - INFO - Reloaded version_up
2015-02-17 17:06:55,714 - server - INFO - Reloaded version_up
2015-02-17 17:08:31,096 - server - INFO - Reloaded version_up
2015-02-17 17:08:31,108 - server - INFO - Reloaded version_up
2015-02-17 17:10:23,450 - server - INFO - Reloaded version_up
2015-02-17 17:10:23,461 - server - INFO - Reloaded version_up
2015-02-17 17:10:23,470 - server - INFO - Reloaded version_up
2015-02-17 17:20:49,657 - server - INFO - Reloaded version_up
2015-02-17 17:20:49,668 - server - INFO - Reloaded version_up
2015-02-17 17:20:49,677 - server - INFO - Reloaded version_up
2015-02-17 17:21:33,400 - server - INFO - Reloaded version_up
2015-02-17 17:21:33,411 - server - INFO - Reloaded version_up
2015-02-17 17:22:34,256 - server - INFO - Reloaded version_up
2015-02-17 17:22:34,267 - server - INFO - Reloaded version_up
2015-02-17 17:22:34,276 - server - INFO - Reloaded version_up
2015-02-17 17:22:48,707 - server - INFO - Reloaded version_up
2015-02-17 17:22:48,720 - server - INFO - Reloaded version_up
2015-02-17 17:22:48,727 - server - INFO - Reloaded version_up
2015-02-17 17:27:12,331 - server - INFO - Reloaded version_up
2015-02-17 17:27:12,344 - server - INFO - Reloaded version_up
2015-02-17 17:27:12,352 - server - INFO - Reloaded version_up
2015-02-17 17:29:53,249 - server - INFO - Reloaded version_up
2015-02-17 17:29:53,260 - server - INFO - Reloaded version_up
2015-02-17 17:31:11,596 - server - ERROR - Reload of version_up failed: name 'fileKnob' is not defined
2015-02-17 17:31:11,608 - server - ERROR - Reload of version_up failed: Cannot unsubscribe missing subscriber with identifier 110e4135e7fc4cdabd16289f4ee0d260
2015-02-17 17:31:18,936 - server - ERROR - Reload of version_up failed: Cannot unsubscribe missing subscriber with identifier 110e4135e7fc4cdabd16289f4ee0d260
2015-02-17 17:31:18,940 - server - ERROR - Reload of version_up failed: Cannot unsubscribe missing subscriber with identifier 110e4135e7fc4cdabd16289f4ee0d260
2015-02-17 17:31:31,605 - server - ERROR - Reload of version_up failed: Cannot unsubscribe missing subscriber with identifier 110e4135e7fc4cdabd16289f4ee0d260
2015-02-17 17:32:50,572 - server - ERROR - Reload of version_up failed: Cannot unsubscribe missing subscriber with identifier 110e4135e7fc4cdabd16289f4ee0d260
2015-02-17 17:32:50,578 - server - ERROR - Reload of version_up failed: Cannot unsubscribe missing subscriber with identifier 110e4135e7fc4cdabd16289f4ee0d260
2015-02-17 17:38:50,267 - server - WARNING - InvalidType: Returned ids from {'module': <module 'dev_plugins.version_up' from 'K:\tools\FTrack\ftrack-event-server\dev_plugins\version_up.py'>}.register() was <type 'NoneType'>
2015-02-17 17:38:50,269 - server - WARNING - InvalidType: Returned ids from {'module': <module 'dev_plugins.utils' from 'K:\tools\FTrack\ftrack-event-server\dev_plugins\utils.pyc'>}.register() was <type 'NoneType'>
2015-02-17 17:39:08,947 - server - ERROR - Reload of version_up failed: 'ids'
2015-02-17 17:39:08,950 - server - ERROR - Reload of version_up failed: 'ids'
2015-02-17 17:39:16,352 - server - WARNING - InvalidType: Returned ids from {'module': <module 'dev_plugins.utils' from 'K:\tools\FTrack\ftrack-event-server\dev_plugins\utils.pyc'>}.register() was <type 'NoneType'>
2015-02-17 17:51:22,459 - server - INFO - Reloaded version_up
2015-02-17 17:51:22,470 - server - INFO - Reloaded version_up
2015-02-17 17:51:22,479 - server - INFO - Reloaded version_up
2015-02-17 17:55:07,391 - server - INFO - Reloaded version_up
2015-02-17 17:55:07,403 - server - INFO - Reloaded version_up
2015-02-17 18:00:34,494 - server - INFO - Reloaded version_up
2015-02-17 18:00:34,506 - server - INFO - Reloaded version_up
2015-02-17 18:00:34,516 - server - INFO - Reloaded version_up
2015-02-17 18:02:06,755 - server - INFO - Reloaded version_up
2015-02-17 18:02:06,767 - server - INFO - Reloaded version_up
2015-02-17 18:02:06,776 - server - INFO - Reloaded version_up
2015-02-17 18:02:45,010 - server - INFO - Reloaded version_up
2015-02-17 18:02:45,023 - server - INFO - Reloaded version_up
