2015-07-02 11:32:15,003 - K:\tools\FTrack\ftrack-api\requests\packages\urllib3\connectionpool.py - [INFO]: Starting new HTTPS connection (1): bait.ftrackapp.com
2015-07-02 11:32:16,019 - K:\tools\FTrack\ftrack-event-server\server.py - [WARNING]: No "topic" variable found in K:\tools\FTrack\ftrack-event-server\dev_plugins\utils.py
2015-07-02 11:32:16,019 - K:\tools\FTrack\ftrack-event-server\server.py - [WARNING]: No "main" function found in K:\tools\FTrack\ftrack-event-server\dev_plugins\utils.py
2015-07-02 11:32:16,114 - K:\tools\FTrack\ftrack-event-server\server.py - [INFO]: Loaded dev_plugins.ethel_and_ernest.version_up!
2015-07-02 11:32:16,148 - K:\tools\FTrack\ftrack-event-server\server.py - [INFO]: Loaded dev_plugins.temp.next_task_update!
2015-07-02 11:32:16,164 - K:\tools\FTrack\ftrack-event-server\server.py - [INFO]: Loaded dev_plugins.temp.task_to_shot_update!
2015-07-02 11:36:58,059 - K:\tools\FTrack\ftrack-event-server\server.py - [INFO]: Unloaded dev_plugins.ethel_and_ernest.version_up!
2015-07-02 11:36:58,062 - K:\tools\FTrack\ftrack-event-server\server.py - [INFO]: Loaded dev_plugins.ethel_and_ernest.version_up!
2015-07-02 11:37:06,092 - K:\tools\FTrack\ftrack-api\FTrackCore.egg\FTrackCore\api\event\hub.py - [ERROR]: Error calling subscriber <Subscriber metadata={'id': '9d8e95fe86c148dc9939656a469d5393'} subscription=topic=ftrack.update> for event <Event {'topic': u'ftrack.update', 'source': {u'applicationId': u'ftrack.client.web', u'user': {u'id': u'b0fdb9ba-b037-11e4-ac9f-040112b6a801'}, u'id': u'5114ca0a-20a0-11e5-91a9-040112b6a801'}, 'target': u'', 'sent': None, 'data': {u'entities': [{u'keys': [u'statusid'], u'objectTypeId': u'11c137c0-ee7e-4f9c-91c5-8c77cec22b2c', u'entityType': u'task', u'parents': [{u'entityId': u'd8ac2e42-09c9-11e5-aa44-040112b6a801', u'entityType': u'task', u'parentId': u'd8a5d506-09c9-11e5-aa44-040112b6a801'}, {u'entityId': u'd8a5d506-09c9-11e5-aa44-040112b6a801', u'entityType': u'task', u'parentId': u'7bc76818-b5f5-11e4-980e-040112b6a801'}, {u'entityId': u'7bc76818-b5f5-11e4-980e-040112b6a801', u'entityType': u'task', u'parentId': u'7bbf1c8a-b5f5-11e4-980e-040112b6a801'}, {u'entityId': u'7bbf1c8a-b5f5-11e4-980e-040112b6a801', u'entityType': u'show', u'parentId': None}], u'parentId': u'd8a5d506-09c9-11e5-aa44-040112b6a801', u'action': u'update', u'entityId': u'd8ac2e42-09c9-11e5-aa44-040112b6a801', u'changes': {u'statusid': {u'new': u'44ddd0fe-4164-11df-9218-0019bb4983d8', u'old': u'1639e788-aaeb-11e4-8b45-040112b6a801'}}}], u'pushToken': u'6cb7764a-20a0-11e5-96da-040112b6a801', u'parents': [u'd8ac2e42-09c9-11e5-aa44-040112b6a801', u'7bbf1c8a-b5f5-11e4-980e-040112b6a801', u'5389fe42-b75d-11e4-b148-040112b6a801', u'7bc76818-b5f5-11e4-980e-040112b6a801', u'd8a5d506-09c9-11e5-aa44-040112b6a801'], u'user': {u'userid': u'b0fdb9ba-b037-11e4-ac9f-040112b6a801', u'name': u'Toke Jepsen'}, u'clientToken': u'5114ca0a-20a0-11e5-91a9-040112b6a801'}, 'id': u'9bd6aae75196499da56ace22f0432958', 'inReplyToEvent': None}>.
Traceback (most recent call last):
  File "K:\tools\FTrack\ftrack-api\FTrackCore.egg\FTrackCore\api\event\hub.py", line 656, in _handle
    response = subscriber.callback(event)
  File "K:\tools\FTrack\ftrack-event-server\dev_plugins\ethel_and_ernest\version_up.py", line 147, in main
    callback(event)
  File "K:\tools\FTrack\ftrack-event-server\dev_plugins\ethel_and_ernest\version_up.py", line 113, in callback
    self.log.info(scene_asset)
NameError: global name 'self' is not defined
2015-07-02 11:37:26,645 - K:\tools\FTrack\ftrack-event-server\server.py - [INFO]: Unloaded dev_plugins.ethel_and_ernest.version_up!
2015-07-02 11:37:26,648 - K:\tools\FTrack\ftrack-event-server\server.py - [INFO]: Loaded dev_plugins.ethel_and_ernest.version_up!
2015-07-02 11:37:31,993 - K:\tools\FTrack\ftrack-event-server\dev_plugins\ethel_and_ernest\version_up.py - [INFO]: None
2015-07-02 11:37:53,697 - K:\tools\FTrack\ftrack-event-server\server.py - [INFO]: Unloaded dev_plugins.ethel_and_ernest.version_up!
2015-07-02 11:37:53,700 - K:\tools\FTrack\ftrack-event-server\server.py - [INFO]: Loaded dev_plugins.ethel_and_ernest.version_up!
2015-07-02 11:37:57,351 - K:\tools\FTrack\ftrack-event-server\dev_plugins\ethel_and_ernest\version_up.py - [INFO]: None
2015-07-02 11:38:06,530 - K:\tools\FTrack\ftrack-event-server\dev_plugins\ethel_and_ernest\version_up.py - [INFO]: None
2015-07-02 11:38:31,334 - K:\tools\FTrack\ftrack-event-server\server.py - [INFO]: Unloaded dev_plugins.ethel_and_ernest.version_up!
2015-07-02 11:38:31,336 - K:\tools\FTrack\ftrack-event-server\server.py - [INFO]: Loaded dev_plugins.ethel_and_ernest.version_up!
2015-07-02 11:38:36,240 - K:\tools\FTrack\ftrack-event-server\dev_plugins\ethel_and_ernest\version_up.py - [INFO]: False
2015-07-02 11:38:36,240 - K:\tools\FTrack\ftrack-event-server\dev_plugins\ethel_and_ernest\version_up.py - [INFO]: None
2015-07-02 11:38:40,592 - K:\tools\FTrack\ftrack-event-server\dev_plugins\ethel_and_ernest\version_up.py - [INFO]: True
2015-07-02 11:38:40,592 - K:\tools\FTrack\ftrack-event-server\dev_plugins\ethel_and_ernest\version_up.py - [INFO]: None
2015-07-02 11:39:07,571 - K:\tools\FTrack\ftrack-event-server\server.py - [INFO]: Unloaded dev_plugins.ethel_and_ernest.version_up!
2015-07-02 11:39:07,572 - K:\tools\FTrack\ftrack-event-server\server.py - [INFO]: Loaded dev_plugins.ethel_and_ernest.version_up!
2015-07-02 11:39:12,019 - K:\tools\FTrack\ftrack-event-server\dev_plugins\ethel_and_ernest\version_up.py - [INFO]: None
2015-07-02 11:39:17,835 - K:\tools\FTrack\ftrack-event-server\dev_plugins\ethel_and_ernest\version_up.py - [INFO]: <asset('{'typeid': 'ee47fa1c-13d3-11e3-93e0-f23c91dfaa16', 'name': 'Modeling', 'assetid': '95979070-209d-11e5-91a9-040112b6a801', 'context_id': 'd8a5d506-09c9-11e5-aa44-040112b6a801', 'entityType': 'asset', 'taskid': 'd8ac2e42-09c9-11e5-aa44-040112b6a801', 'entityId': '95979070-209d-11e5-91a9-040112b6a801'}')>
2015-07-02 11:39:17,836 - K:\tools\FTrack\ftrack-event-server\dev_plugins\ethel_and_ernest\version_up.py - [INFO]: <asset('{'typeid': 'ee47fa1c-13d3-11e3-93e0-f23c91dfaa16', 'name': 'Modeling', 'assetid': '95979070-209d-11e5-91a9-040112b6a801', 'context_id': 'd8a5d506-09c9-11e5-aa44-040112b6a801', 'entityType': 'asset', 'taskid': 'd8ac2e42-09c9-11e5-aa44-040112b6a801', 'entityId': '95979070-209d-11e5-91a9-040112b6a801'}')>
2015-07-02 11:39:23,354 - K:\tools\FTrack\ftrack-event-server\server.py - [INFO]: Unloaded dev_plugins.ethel_and_ernest.version_up!
2015-07-02 11:39:23,357 - K:\tools\FTrack\ftrack-event-server\server.py - [INFO]: Loaded dev_plugins.ethel_and_ernest.version_up!
2015-07-02 11:42:27,598 - K:\tools\FTrack\ftrack-event-server\server.py - [INFO]: Unloaded dev_plugins.ethel_and_ernest.version_up!
2015-07-02 11:42:27,599 - K:\tools\FTrack\ftrack-event-server\server.py - [INFO]: Loaded dev_plugins.ethel_and_ernest.version_up!
2015-07-02 11:42:37,448 - K:\tools\FTrack\ftrack-event-server\dev_plugins\ethel_and_ernest\version_up.py - [INFO]: [<component('{'container_id': None, 'name': 'maya_work', 'filetype': '.mb', 'entityType': 'component', 'version_id': '95a92664-209d-11e5-91a9-040112b6a801', 'system_type': 'file', 'entityId': '96463c38-209d-11e5-ad36-040112b6a801', 'id': '96463c38-209d-11e5-ad36-040112b6a801', 'size': 5312360}')>]
2015-07-02 11:44:09,279 - K:\tools\FTrack\ftrack-event-server\server.py - [INFO]: Unloaded dev_plugins.ethel_and_ernest.version_up!
2015-07-02 11:44:09,282 - K:\tools\FTrack\ftrack-event-server\server.py - [INFO]: Loaded dev_plugins.ethel_and_ernest.version_up!
2015-07-02 11:45:32,115 - K:\tools\FTrack\ftrack-event-server\server.py - [INFO]: Unloaded dev_plugins.ethel_and_ernest.version_up!
2015-07-02 11:45:32,117 - K:\tools\FTrack\ftrack-event-server\server.py - [INFO]: Loaded dev_plugins.ethel_and_ernest.version_up!
