2015-02-25 09:00:07,157 - server - WARNING - InvalidType: Returned ids from {'module': <module 'dev_plugins.utils' from 'K:\tools\FTrack\ftrack-event-server\dev_plugins\utils.pyc'>}.register() was <type 'NoneType'>
2015-02-25 11:27:26,654 - server - WARNING - InvalidType: Returned ids from {'module': <module 'dev_plugins.utils' from 'K:\tools\FTrack\ftrack-event-server\dev_plugins\utils.pyc'>}.register() was <type 'NoneType'>
2015-02-25 12:47:14,706 - server - WARNING - InvalidType: Returned ids from {'module': <module 'plugins.utils' from 'K:\tools\FTrack\ftrack-event-server\plugins\utils.pyc'>}.register() was <type 'NoneType'>
2015-02-25 12:53:23,058 - server - INFO - Reloaded version_up
2015-02-25 12:53:23,102 - server - INFO - Reloaded version_up
2015-02-25 12:55:36,349 - server - INFO - Reloaded version_up
2015-02-25 12:55:36,368 - server - INFO - Reloaded version_up
2015-02-25 12:57:54,878 - server - INFO - Reloaded version_up
2015-02-25 12:57:54,891 - server - INFO - Reloaded version_up
2015-02-25 12:57:54,904 - server - INFO - Reloaded version_up
2015-02-25 13:00:42,059 - server - INFO - Reloaded version_up
2015-02-25 13:00:42,072 - server - INFO - Reloaded version_up
2015-02-25 13:00:42,085 - server - INFO - Reloaded version_up
2015-02-25 13:02:55,099 - server - INFO - Reloaded version_up
2015-02-25 13:02:55,115 - server - INFO - Reloaded version_up
2015-02-25 13:02:55,130 - server - INFO - Reloaded version_up
2015-02-25 14:02:03,647 - server - WARNING - InvalidType: Returned ids from {'module': <module 'plugins.utils' from 'K:\tools\FTrack\ftrack-event-server\plugins\utils.pyc'>}.register() was <type 'NoneType'>
2015-02-25 14:05:59,686 - server - WARNING - Importing toot_production failed: No module named plugins.toot_production
2015-02-25 14:05:59,700 - server - WARNING - Importing utils failed: No module named plugins.utils
2015-02-25 14:06:32,293 - server - WARNING - InvalidType: Returned ids from {'module': <module 'main_plugins.utils' from 'K:\tools\FTrack\ftrack-event-server\main_plugins\utils.pyc'>}.register() was <type 'NoneType'>
