2015-02-10 08:35:35 - server: WARNING: InvalidType: Returned ids from {'module': <module 'plugins.utils' from 'K:\tools\FTrack\ftrack-server\plugins\utils.pyc'>}.register() was <type 'NoneType'>
2015-02-10 08:35:36 - requests.packages.urllib3.connectionpool: INFO: Starting new HTTPS connection (1): bait.ftrackapp.com
2015-02-10 08:37:15 - server: INFO: Reloaded event_logging
2015-02-10 08:37:15 - server: INFO: Reloaded event_logging
2015-02-10 08:37:29 - plugins.event_logging: INFO: {u'keys': [u'typeid', u'showid', u'workload', u'enddate', u'description', u'isopen', u'parent_id', u'context_type', u'startdate', u'bid', u'taskid', u'priorityid', u'statusid', u'isrequirecomment', u'object_typeid', u'istimeless', u'id', u'name'], u'entityType': u'task', u'parents': [{u'entityId': u'0af24bf2-b100-11e4-af9b-040112b6a801', u'entityType': u'task', u'parentId': u'26d1ccf6-b07b-11e4-b40c-040112b6a801'}, {u'entityId': u'26d1ccf6-b07b-11e4-b40c-040112b6a801', u'entityType': u'show', u'parentId': None}], u'parentId': u'26d1ccf6-b07b-11e4-b40c-040112b6a801', u'action': u'add', u'entityId': u'0af24bf2-b100-11e4-af9b-040112b6a801'}
2015-02-10 08:37:29 - plugins.event_logging: INFO: {u'action': u'update', u'entityType': u'socialfeed'}
2015-02-10 08:38:03 - server: INFO: Reloaded event_logging
2015-02-10 08:38:03 - server: INFO: Reloaded event_logging
2015-02-10 08:38:11 - server: INFO: Reloaded event_logging
2015-02-10 08:38:11 - server: INFO: Reloaded event_logging
2015-02-10 08:38:24 - plugins.event_logging: INFO: {u'entityId': u'26d1ccf6-b07b-11e4-b40c-040112b6a801', u'entityType': u'show', u'parentId': None}
2015-02-10 08:38:24 - FTrackCore.api.event.hub.EventHub: ERROR: Error calling subscriber <Subscriber metadata={'id': '4e29be2c003e4233843e552c13983e3a'} subscription=topic=ftrack.update> for event <Event {'topic': u'ftrack.update', 'source': {u'applicationId': u'ftrack.client.web', u'user': {u'id': None}, u'id': None}, 'target': u'', 'sent': None, 'data': {u'entities': [{u'action': u'update', u'entityType': u'socialfeed'}], u'pushToken': None, u'parents': [u'2a14b02e-b100-11e4-b8dd-040112b6a801'], u'clientToken': None}, 'id': u'fb4cff11ccea47cbad5b570cf2d98d24', 'inReplyToEvent': None}>.
Traceback (most recent call last):
  File "K:\tools\FTrack\ftrack-api\FTrackCore.egg\FTrackCore\api\event\hub.py", line 649, in _handle
    response = subscriber.callback(event)
  File "K:\tools\FTrack\ftrack-server\plugins\event_logging.py", line 10, in callback
    log.info(entity.get('parents')[-1])
TypeError: 'NoneType' object has no attribute '__getitem__'
2015-02-10 08:39:03 - server: INFO: Reloaded event_logging
2015-02-10 08:39:03 - server: INFO: Reloaded event_logging
2015-02-10 08:39:03 - server: INFO: Reloaded event_logging
2015-02-10 08:39:12 - plugins.event_logging: INFO: [{u'entityId': u'48b57608-b100-11e4-a54f-040112b6a801', u'entityType': u'task', u'parentId': u'26d1ccf6-b07b-11e4-b40c-040112b6a801'}, {u'entityId': u'26d1ccf6-b07b-11e4-b40c-040112b6a801', u'entityType': u'show', u'parentId': None}]
2015-02-10 08:39:12 - plugins.event_logging: INFO: None
2015-02-10 08:39:28 - server: INFO: Reloaded event_logging
2015-02-10 08:39:28 - server: INFO: Reloaded event_logging
2015-02-10 08:40:00 - server: INFO: Reloaded event_logging
2015-02-10 08:40:00 - server: INFO: Reloaded event_logging
2015-02-10 08:40:10 - plugins.event_logging: INFO: {u'entityId': u'6b22c1a0-b100-11e4-a54f-040112b6a801', u'entityType': u'task', u'parentId': u'26d1ccf6-b07b-11e4-b40c-040112b6a801'}
2015-02-10 08:40:28 - server: INFO: Reloaded event_logging
2015-02-10 08:40:28 - server: INFO: Reloaded event_logging
2015-02-10 08:41:01 - server: INFO: Reloaded event_logging
2015-02-10 08:41:01 - server: INFO: Reloaded event_logging
2015-02-10 08:41:11 - plugins.event_logging: INFO: {u'entityId': u'26d1ccf6-b07b-11e4-b40c-040112b6a801', u'entityType': u'show', u'parentId': None}
2015-02-10 08:50:18 - server: INFO: Reloaded event_logging
2015-02-10 08:50:18 - server: INFO: Reloaded event_logging
2015-02-10 08:50:32 - plugins.event_logging: INFO: <show('{'status': 'active', 'startdate': <DateTime '20150209T00:00:00' at 2c39148>, 'showid': '26d1ccf6-b07b-11e4-b40c-040112b6a801', 'enddate': <DateTime '20150311T00:00:00' at 2c39c88>, 'name': 'the_call_up', 'context_type': 'show', 'entityType': 'show', 'isglobal': False, 'id': '26d1ccf6-b07b-11e4-b40c-040112b6a801', 'parent_id': None, 'thumbid': None, 'projectschemeid': 'c998748a-aaea-11e4-b051-040112b6a801', 'root': 'the_call_up_00897', 'fullname': 'The Call Up', 'diskid': '10ea2852-b07b-11e4-869b-040112b6a801', 'entityId': '26d1ccf6-b07b-11e4-b40c-040112b6a801'}')>
2015-02-10 08:51:38 - server: INFO: Reloaded event_logging
2015-02-10 08:51:38 - server: INFO: Reloaded event_logging
2015-02-10 08:51:44 - server: INFO: Reloaded event_logging
2015-02-10 08:51:44 - server: INFO: Reloaded event_logging
2015-02-10 08:51:55 - plugins.event_logging: INFO: the_call_up_00897
2015-02-10 08:56:44 - server: INFO: Reloaded event_logging
2015-02-10 08:56:44 - server: INFO: Reloaded event_logging
2015-02-10 08:56:49 - plugins.event_logging: INFO: <disk('{'name': 'Toot drive', 'windows': 'Q:\\', 'entityType': 'disk', 'unix': '', 'entityId': '781f67f0-b35e-11e3-b411-040112b6a801', 'diskid': '781f67f0-b35e-11e3-b411-040112b6a801'}')>
2015-02-10 08:56:49 - plugins.event_logging: INFO: 
2015-02-10 08:56:54 - plugins.event_logging: INFO: <disk('{'name': 'VFX drive', 'windows': 'Y:\\projects', 'entityType': 'disk', 'unix': '\\\\198.168.25.25\\projects', 'entityId': '10ea2852-b07b-11e4-869b-040112b6a801', 'diskid': '10ea2852-b07b-11e4-869b-040112b6a801'}')>
2015-02-10 08:56:54 - plugins.event_logging: INFO: the_call_up_00897
2015-02-10 08:59:40 - server: INFO: Reloaded event_logging
2015-02-10 08:59:40 - server: INFO: Reloaded event_logging
2015-02-10 08:59:58 - plugins.event_logging: INFO: \\198.168.25.25\projects\the_call_up_00897
2015-02-10 09:01:02 - server: INFO: Reloaded event_logging
2015-02-10 09:01:02 - server: INFO: Reloaded event_logging
2015-02-10 09:01:17 - plugins.event_logging: INFO: Y:\projects\the_call_up_00897
2015-02-10 09:03:05 - server: INFO: Reloaded event_logging
2015-02-10 09:03:05 - server: INFO: Reloaded event_logging
2015-02-10 09:04:27 - plugins.event_logging: INFO: Q:\
2015-02-10 09:09:01 - plugins.event_logging: INFO: Q:\
2015-02-10 09:09:11 - plugins.event_logging: INFO: Q:\
2015-02-10 09:09:12 - plugins.event_logging: INFO: Q:\
2015-02-10 09:09:13 - plugins.event_logging: INFO: Q:\
2015-02-10 09:09:14 - plugins.event_logging: INFO: Q:\
2015-02-10 09:10:59 - plugins.event_logging: INFO: Q:\
2015-02-10 09:10:59 - plugins.event_logging: INFO: Q:\
2015-02-10 09:11:01 - plugins.event_logging: INFO: Q:\
2015-02-10 09:11:01 - plugins.event_logging: INFO: Q:\
2015-02-10 09:11:07 - plugins.event_logging: INFO: Q:\
2015-02-10 09:11:09 - plugins.event_logging: INFO: Q:\
2015-02-10 09:11:44 - plugins.event_logging: INFO: Q:\
2015-02-10 09:12:05 - plugins.event_logging: INFO: Q:\
2015-02-10 09:12:41 - plugins.event_logging: INFO: Q:\
2015-02-10 09:12:41 - plugins.event_logging: INFO: Q:\
2015-02-10 09:14:59 - plugins.event_logging: INFO: Q:\
2015-02-10 09:14:59 - plugins.event_logging: INFO: Q:\
2015-02-10 09:15:14 - plugins.event_logging: INFO: Q:\
2015-02-10 09:15:15 - plugins.event_logging: INFO: Q:\
2015-02-10 09:15:17 - plugins.event_logging: INFO: Q:\
2015-02-10 09:15:17 - plugins.event_logging: INFO: Q:\
2015-02-10 09:19:12 - plugins.event_logging: INFO: Q:\
2015-02-10 09:21:05 - plugins.event_logging: INFO: Q:\
2015-02-10 09:23:54 - plugins.event_logging: INFO: Q:\
2015-02-10 09:23:55 - plugins.event_logging: INFO: Q:\
2015-02-10 09:31:38 - plugins.event_logging: INFO: Q:\
2015-02-10 09:31:38 - plugins.event_logging: INFO: Q:\
2015-02-10 09:31:39 - plugins.event_logging: INFO: Q:\
2015-02-10 09:31:39 - plugins.event_logging: INFO: Q:\
2015-02-10 09:33:30 - plugins.event_logging: INFO: Q:\
2015-02-10 09:34:01 - plugins.event_logging: INFO: Q:\
2015-02-10 09:34:01 - plugins.event_logging: INFO: Q:\
2015-02-10 09:34:01 - plugins.event_logging: INFO: Q:\
2015-02-10 09:36:55 - server: ERROR: Reload of event_logging failed: expected an indented block (event_logging.py, line 25)
2015-02-10 09:36:55 - server: ERROR: Reload of event_logging failed: Cannot unsubscribe missing subscriber with identifier a4a72ec507564d13b433cbad6640c020
2015-02-10 09:37:20 - server: ERROR: Reload of event_logging failed: Cannot unsubscribe missing subscriber with identifier a4a72ec507564d13b433cbad6640c020
2015-02-10 09:37:47 - server: WARNING: InvalidType: Returned ids from {'module': <module 'plugins.utils' from 'K:\tools\FTrack\ftrack-server\plugins\utils.pyc'>}.register() was <type 'NoneType'>
2015-02-10 09:37:47 - requests.packages.urllib3.connectionpool: INFO: Starting new HTTPS connection (1): bait.ftrackapp.com
2015-02-10 10:03:01 - server: WARNING: InvalidType: Returned ids from {'module': <module 'plugins.utils' from 'K:\tools\FTrack\ftrack-server\plugins\utils.pyc'>}.register() was <type 'NoneType'>
2015-02-10 10:03:01 - requests.packages.urllib3.connectionpool: INFO: Starting new HTTPS connection (1): bait.ftrackapp.com
2015-02-10 11:44:02 - server: WARNING: InvalidType: Returned ids from {'module': <module 'plugins.utils' from 'K:\tools\FTrack\ftrack-server\plugins\utils.pyc'>}.register() was <type 'NoneType'>
2015-02-10 11:44:02 - requests.packages.urllib3.connectionpool: INFO: Starting new HTTPS connection (1): bait.ftrackapp.com
2015-02-10 12:02:36 - server: WARNING: InvalidType: Returned ids from {'module': <module 'plugins.utils' from 'K:\tools\FTrack\ftrack-server\plugins\utils.pyc'>}.register() was <type 'NoneType'>
2015-02-10 12:02:36 - requests.packages.urllib3.connectionpool: INFO: Starting new HTTPS connection (1): bait.ftrackapp.com
2015-02-10 14:08:01 - server: WARNING: InvalidType: Returned ids from {'module': <module 'plugins.utils' from 'K:\tools\FTrack\ftrack-server\plugins\utils.pyc'>}.register() was <type 'NoneType'>
2015-02-10 14:08:01 - requests.packages.urllib3.connectionpool: INFO: Starting new HTTPS connection (1): bait.ftrackapp.com
2015-02-10 14:14:50,852 - foo: ERROR: Please don't try to divide by zero
Traceback (most recent call last):
  File "K:\tools\FTrack\ftrack-server\temp.py", line 20, in foo
    y = 10 / x
ZeroDivisionError: integer division or modulo by zero
2015-02-10 14:14:51,358 - myapp.area1: DEBUG: Quick zephyrs blow, vexing daft Jim.
2015-02-10 14:14:51,358 - myapp.area1: INFO: How quickly daft jumping zebras vex.
2015-02-10 14:14:51,358 - myapp.area2: WARNING: Jail zesty vixen who grabbed pay from quack.
2015-02-10 14:14:51,358 - myapp.area2: ERROR: The five boxing wizards jump quickly.
2015-02-10 14:14:56,418 - foo: ERROR: Please don't try to divide by zero
Traceback (most recent call last):
  File "K:\tools\FTrack\ftrack-server\temp.py", line 20, in foo
    y = 10 / x
ZeroDivisionError: integer division or modulo by zero
2015-02-10 14:14:56,420 - myapp.area1: DEBUG: Quick zephyrs blow, vexing daft Jim.
2015-02-10 14:14:56,420 - myapp.area1: INFO: How quickly daft jumping zebras vex.
2015-02-10 14:14:56,420 - myapp.area2: WARNING: Jail zesty vixen who grabbed pay from quack.
2015-02-10 14:14:56,420 - myapp.area2: ERROR: The five boxing wizards jump quickly.
2015-02-10 14:17:33,099 - FTrackCore.api.event.hub.EventHub: DEBUG: Failed to notify server about new subscriber 5a09af0451494a2e87c069c9d2a2e940 as server not currently reachable.
2015-02-10 14:17:33,101 - FTrackCore.api.event.hub.EventHub: DEBUG: Failed to notify server about new subscriber a9a5af875d8b4f70a8e96d5ecff94500 as server not currently reachable.
2015-02-10 14:17:33,102 - FTrackCore.api.event.hub.EventHub: DEBUG: Failed to notify server about new subscriber ea154dce452445a8b3627ead7516b049 as server not currently reachable.
2015-02-10 14:17:33,102 - FTrackCore.api.event.hub.EventHub: DEBUG: Failed to notify server about new subscriber 6846d65adc1a4245a3744703141d77cc as server not currently reachable.
2015-02-10 14:17:33,104 - FTrackCore.api.event.hub.EventHub: DEBUG: Failed to notify server about new subscriber 37a6006d73774d8b9f932f3bda849523 as server not currently reachable.
2015-02-10 14:17:33,104 - server: WARNING: InvalidType: Returned ids from {'module': <module 'plugins.utils' from 'K:\tools\FTrack\ftrack-server\plugins\utils.pyc'>}.register() was <type 'NoneType'>
2015-02-10 14:17:33,104 - FTrackCore.api.event.hub.EventHub: DEBUG: Failed to notify server about new subscriber 3e2d7ddb48ba42bb81b3ad48a7e7be8b as server not currently reachable.
2015-02-10 14:17:33,134 - requests.packages.urllib3.connectionpool: INFO: Starting new HTTPS connection (1): bait.ftrackapp.com
2015-02-10 14:17:33,595 - requests.packages.urllib3.connectionpool: DEBUG: "GET /socket.io/1/ HTTP/1.1" 200 83
2015-02-10 14:17:33,697 - FTrackCore.api.event.hub.EventHub: DEBUG: Sent packet: 5:1+::{"args": [{"topic": "ftrack.meta.subscribe", "source": {"id": "a9b24dfe678345f6a9dad56681a8ed8d", "user": {"username": "toke.jepsen"}}, "target": "", "sent": null, "data": {"subscriber": {"id": "5a09af0451494a2e87c069c9d2a2e940"}, "subscription": "topic=ftrack.update"}, "id": "d80981d99481450fb7f1544310d39069", "inReplyToEvent": null}], "name": "ftrack.event"}
2015-02-10 14:17:33,697 - FTrackCore.api.event.hub.EventHub: DEBUG: Sent packet: 5:2+::{"args": [{"topic": "ftrack.meta.subscribe", "source": {"id": "a9b24dfe678345f6a9dad56681a8ed8d", "user": {"username": "toke.jepsen"}}, "target": "", "sent": null, "data": {"subscriber": {"id": "a9a5af875d8b4f70a8e96d5ecff94500"}, "subscription": "topic=ftrack.update"}, "id": "97d815508e4844ac83347a7e58f7b409", "inReplyToEvent": null}], "name": "ftrack.event"}
2015-02-10 14:17:33,697 - FTrackCore.api.event.hub.EventHub: DEBUG: Sent packet: 5:3+::{"args": [{"topic": "ftrack.meta.subscribe", "source": {"id": "a9b24dfe678345f6a9dad56681a8ed8d", "user": {"username": "toke.jepsen"}}, "target": "", "sent": null, "data": {"subscriber": {"id": "ea154dce452445a8b3627ead7516b049"}, "subscription": "topic=ftrack.update"}, "id": "04992e972cfd45fda1330166d318e532", "inReplyToEvent": null}], "name": "ftrack.event"}
2015-02-10 14:17:33,697 - FTrackCore.api.event.hub.EventHub: DEBUG: Sent packet: 5:4+::{"args": [{"topic": "ftrack.meta.subscribe", "source": {"id": "a9b24dfe678345f6a9dad56681a8ed8d", "user": {"username": "toke.jepsen"}}, "target": "", "sent": null, "data": {"subscriber": {"id": "6846d65adc1a4245a3744703141d77cc"}, "subscription": "topic=ftrack.update"}, "id": "1ff9986b0bcf464f92704059727a12be", "inReplyToEvent": null}], "name": "ftrack.event"}
2015-02-10 14:17:33,698 - FTrackCore.api.event.hub.EventHub: DEBUG: Sent packet: 5:5+::{"args": [{"topic": "ftrack.meta.subscribe", "source": {"id": "a9b24dfe678345f6a9dad56681a8ed8d", "user": {"username": "toke.jepsen"}}, "target": "", "sent": null, "data": {"subscriber": {"id": "37a6006d73774d8b9f932f3bda849523"}, "subscription": "topic=ftrack.update"}, "id": "2dd97aecd1d54db99f6005883062379c", "inReplyToEvent": null}], "name": "ftrack.event"}
2015-02-10 14:17:33,698 - FTrackCore.api.event.hub.EventHub: DEBUG: Sent packet: 5:6+::{"args": [{"topic": "ftrack.meta.subscribe", "source": {"id": "a9b24dfe678345f6a9dad56681a8ed8d", "user": {"username": "toke.jepsen"}}, "target": "", "sent": null, "data": {"subscriber": {"id": "3e2d7ddb48ba42bb81b3ad48a7e7be8b"}, "subscription": "topic=ftrack.update"}, "id": "4d3bfa48cbc84cfcb2306f2093a61af3", "inReplyToEvent": null}], "name": "ftrack.event"}
2015-02-10 14:17:33,698 - FTrackCore.api.event.hub.EventHub: DEBUG: Sent packet: 5:7+::{"args": [{"topic": "ftrack.meta.subscribe", "source": {"id": "a9b24dfe678345f6a9dad56681a8ed8d", "user": {"username": "toke.jepsen"}}, "target": "", "sent": null, "data": {"subscriber": {"id": "a9b24dfe678345f6a9dad56681a8ed8d"}, "subscription": "topic=ftrack.meta.reply"}, "id": "093dff920562406689ca7d84b477ec09", "inReplyToEvent": null}], "name": "ftrack.event"}
2015-02-10 14:17:33,713 - FTrackCore.api.event.hub.EventHub: DEBUG: Received packet: 1::
2015-02-10 14:17:33,713 - FTrackCore.api.event.hub.EventHub: DEBUG: Connected to event server.
2015-02-10 14:17:33,713 - FTrackCore.api.event.hub.EventHub: DEBUG: Received packet: 3:::Welcome from the ftrack server.
2015-02-10 14:17:33,713 - FTrackCore.api.event.hub.EventHub: DEBUG: Message received: Welcome from the ftrack server.
2015-02-10 14:17:33,727 - FTrackCore.api.event.hub.EventHub: DEBUG: Received packet: 6:::1+[{"message": "", "success": true}]
2015-02-10 14:17:33,727 - FTrackCore.api.event.hub.EventHub: DEBUG: Received packet: 6:::2+[{"message": "", "success": true}]
2015-02-10 14:17:33,727 - FTrackCore.api.event.hub.EventHub: DEBUG: Received packet: 6:::3+[{"message": "", "success": true}]
2015-02-10 14:17:33,943 - FTrackCore.api.event.hub.EventHub: DEBUG: Received packet: 6:::4+[{"message": "", "success": true}]
2015-02-10 14:17:33,943 - FTrackCore.api.event.hub.EventHub: DEBUG: Received packet: 6:::5+[{"message": "", "success": true}]
2015-02-10 14:17:33,943 - FTrackCore.api.event.hub.EventHub: DEBUG: Received packet: 6:::6+[{"message": "", "success": true}]
2015-02-10 14:17:33,943 - FTrackCore.api.event.hub.EventHub: DEBUG: Received packet: 6:::7+[{"message": "", "success": true}]
2015-02-10 14:17:45,693 - FTrackCore.api.event.hub.EventHub: DEBUG: Received packet: 2::
2015-02-10 14:17:45,693 - FTrackCore.api.event.hub.EventHub: DEBUG: Sent packet: 2:::
2015-02-10 14:18:15,266 - server: WARNING: InvalidType: Returned ids from {'module': <module 'plugins.utils' from 'K:\tools\FTrack\ftrack-server\plugins\utils.pyc'>}.register() was <type 'NoneType'>
2015-02-10 14:18:15,299 - requests.packages.urllib3.connectionpool: INFO: Starting new HTTPS connection (1): bait.ftrackapp.com
2015-02-10 14:19:39,816 - server: INFO: Reloaded event_logging
2015-02-10 14:19:39,831 - server: INFO: Reloaded event_logging
2015-02-10 14:19:39 - server: INFO: Reloaded event_logging
2015-02-10 14:19:40 - server: INFO: Reloaded event_logging
2015-02-10 14:20:18 - server: INFO: Reloaded event_logging
2015-02-10 14:20:18,177 - server: INFO: Reloaded event_logging
2015-02-10 14:20:18,197 - server: INFO: Reloaded event_logging
2015-02-10 14:20:18,210 - server: INFO: Reloaded event_logging
2015-02-10 14:20:18 - server: INFO: Reloaded event_logging
2015-02-10 14:20:18 - server: INFO: Reloaded event_logging
2015-02-10 14:20:29,404 - plugins.event_logging: INFO: Y:\projects\the_call_up_00897
2015-02-10 14:20:29 - plugins.event_logging: INFO: Y:\projects\the_call_up_00897
2015-02-10 14:23:31 - plugins.event_logging: INFO: Q:\
2015-02-10 14:23:46,302 - server: WARNING: InvalidType: Returned ids from {'module': <module 'plugins.utils' from 'K:\tools\FTrack\ftrack-server\plugins\utils.pyc'>}.register() was <type 'NoneType'>
2015-02-10 14:23:46,334 - requests.packages.urllib3.connectionpool: INFO: Starting new HTTPS connection (1): bait.ftrackapp.com
2015-02-10 14:24:11,450 - server: WARNING: InvalidType: Returned ids from {'module': <module 'plugins.utils' from 'K:\tools\FTrack\ftrack-server\plugins\utils.pyc'>}.register() was <type 'NoneType'>
2015-02-10 14:24:11,483 - requests.packages.urllib3.connectionpool: INFO: Starting new HTTPS connection (1): bait.ftrackapp.com
2015-02-10 14:24:32,671 - plugins.event_logging: INFO: Q:\
2015-02-10 14:24:33 - plugins.event_logging: INFO: Q:\
2015-02-10 14:25:15 - plugins.event_logging: INFO: Y:\projects\the_call_up_00897
2015-02-10 14:25:16 - plugins.event_logging: INFO: Q:\
2015-02-10 14:25:39 - plugins.event_logging: INFO: Q:\
2015-02-10 14:25:39 - plugins.event_logging: INFO: Q:\
2015-02-10 14:26:39,996 - server: WARNING: InvalidType: Returned ids from {'module': <module 'plugins.utils' from 'K:\tools\FTrack\ftrack-server\plugins\utils.pyc'>}.register() was <type 'NoneType'>
2015-02-10 14:26:40,059 - requests.packages.urllib3.connectionpool: INFO: Starting new HTTPS connection (1): bait.ftrackapp.com
2015-02-10 14:27:27,871 - plugins.event_logging: INFO: Q:\
2015-02-10 14:27:50,246 - plugins.event_logging: INFO: Q:\
2015-02-10 14:27:50,358 - plugins.event_logging: INFO: Q:\
2015-02-10 14:32:06,009 - plugins.event_logging: INFO: Q:\
2015-02-10 14:32:06,128 - plugins.event_logging: INFO: Q:\
2015-02-10 14:39:11,967 - plugins.event_logging: INFO: Q:\
2015-02-10 14:39:29,865 - plugins.event_logging: INFO: Q:\
2015-02-10 14:39:30,283 - plugins.event_logging: INFO: Q:\
2015-02-10 14:39:31,775 - plugins.event_logging: INFO: Q:\
2015-02-10 14:39:32,122 - plugins.event_logging: INFO: Q:\
2015-02-10 14:40:53,993 - plugins.event_logging: INFO: Q:\
2015-02-10 14:41:02,792 - plugins.event_logging: INFO: Q:\
2015-02-10 14:41:03,914 - plugins.event_logging: INFO: Q:\
2015-02-10 14:41:06,032 - plugins.event_logging: INFO: Q:\
2015-02-10 14:41:06,247 - plugins.event_logging: INFO: Q:\
2015-02-10 14:41:08,684 - plugins.event_logging: INFO: Q:\
2015-02-10 14:41:08,772 - plugins.event_logging: INFO: Q:\
2015-02-10 14:43:20,538 - plugins.event_logging: INFO: Q:\
2015-02-10 14:43:33,816 - plugins.event_logging: INFO: Q:\
2015-02-10 14:43:33,903 - plugins.event_logging: INFO: Q:\
2015-02-10 14:43:35,487 - plugins.event_logging: INFO: Q:\
2015-02-10 14:44:30,953 - server: INFO: Reloaded toot_production
2015-02-10 14:44:30,970 - server: INFO: Reloaded toot_production
2015-02-10 14:45:38,490 - plugins.event_logging: INFO: Q:\
2015-02-10 14:45:38,694 - plugins.event_logging: INFO: Q:\
2015-02-10 14:45:40,211 - plugins.event_logging: INFO: Q:\
2015-02-10 14:45:40,433 - plugins.event_logging: INFO: Q:\
2015-02-10 14:49:11,654 - server: WARNING: InvalidType: Returned ids from {'module': <module 'plugins.utils' from 'K:\tools\FTrack\ftrack-server\plugins\utils.pyc'>}.register() was <type 'NoneType'>
2015-02-10 14:49:11,686 - requests.packages.urllib3.connectionpool: INFO: Starting new HTTPS connection (1): bait.ftrackapp.com
2015-02-10 14:50:16,471 - plugins.event_logging: INFO: Q:\
2015-02-10 14:50:16,822 - plugins.event_logging: INFO: Q:\
2015-02-10 14:50:18,914 - plugins.event_logging: INFO: Q:\
2015-02-10 14:50:19,122 - plugins.event_logging: INFO: Q:\
2015-02-10 14:50:49,016 - server: INFO: Reloaded event_logging
2015-02-10 14:50:49,026 - server: INFO: Reloaded event_logging
2015-02-10 14:59:43,607 - server: INFO: Reloaded toot_production
2015-02-10 14:59:43,618 - server: INFO: Reloaded toot_production
2015-02-10 15:00:04,726 - server: INFO: Reloaded toot_production
2015-02-10 15:00:04,736 - server: INFO: Reloaded toot_production
2015-02-10 15:03:44,473 - plugins.toot_production: INFO: Updating sc01sh006/Animation to Complete
2015-02-10 15:05:32,845 - plugins.toot_production: INFO: Updating sc01sh007/Animation to In Progress
2015-02-10 15:13:08,890 - server: WARNING: InvalidType: Returned ids from {'module': <module 'plugins.utils' from 'K:\tools\FTrack\ftrack-server\plugins\utils.pyc'>}.register() was <type 'NoneType'>
2015-02-10 15:13:08,921 - requests.packages.urllib3.connectionpool: INFO: Starting new HTTPS connection (1): bait.ftrackapp.com
2015-02-10 15:13:43,644 - plugins.toot_production: INFO: Updating sc01sh009/Animation to In Progress
2015-02-10 15:20:33,342 - plugins.toot_production: INFO: Updating sc02sh016/Animation to In Progress
2015-02-10 15:27:16,102 - plugins.toot_production: INFO: Updating sc02sh029/Animation to In Progress
2015-02-10 15:27:28,644 - FTrackCore.api.event.hub.EventHub: ERROR: Error calling subscriber <Subscriber metadata={'id': '5f91df5d8b71497a8a1b01d4fa8d5c1e'} subscription=topic=ftrack.update> for event <Event {'topic': u'ftrack.update', 'source': {u'applicationId': u'ftrack.client.web', u'user': {u'id': u'b0fdb9ba-b037-11e4-ac9f-040112b6a801'}, u'id': u'3e34ae7c-b139-11e4-9b27-040112b6a801'}, 'target': u'', 'sent': None, 'data': {u'entities': [{u'keys': [u'name'], u'entityType': u'task', u'parents': [{u'entityId': u'99fad748-b07d-11e4-8803-040112b6a801', u'entityType': u'task', u'parentId': u'159148f2-b07d-11e4-a5df-040112b6a801'}, {u'entityId': u'26d1ccf6-b07b-11e4-b40c-040112b6a801', u'entityType': u'show', u'parentId': None}, {u'entityId': u'159148f2-b07d-11e4-a5df-040112b6a801', u'entityType': u'task', u'parentId': u'fd8b3d9e-b07c-11e4-81de-040112b6a801'}, {u'entityId': u'fd8b3d9e-b07c-11e4-81de-040112b6a801', u'entityType': u'task', u'parentId': u'26d1ccf6-b07b-11e4-b40c-040112b6a801'}], u'parentId': u'159148f2-b07d-11e4-a5df-040112b6a801', u'action': u'remove', u'entityId': u'99fad748-b07d-11e4-8803-040112b6a801'}, {u'keys': [u'name'], u'entityType': u'task', u'parents': [{u'entityId': u'159148f2-b07d-11e4-a5df-040112b6a801', u'entityType': u'task', u'parentId': u'fd8b3d9e-b07c-11e4-81de-040112b6a801'}, {u'entityId': u'26d1ccf6-b07b-11e4-b40c-040112b6a801', u'entityType': u'show', u'parentId': None}, {u'entityId': u'fd8b3d9e-b07c-11e4-81de-040112b6a801', u'entityType': u'task', u'parentId': u'26d1ccf6-b07b-11e4-b40c-040112b6a801'}], u'parentId': u'fd8b3d9e-b07c-11e4-81de-040112b6a801', u'action': u'remove', u'entityId': u'159148f2-b07d-11e4-a5df-040112b6a801'}, {u'keys': [u'name'], u'entityType': u'task', u'parents': [{u'entityId': u'fd8b3d9e-b07c-11e4-81de-040112b6a801', u'entityType': u'task', u'parentId': u'26d1ccf6-b07b-11e4-b40c-040112b6a801'}, {u'entityId': u'26d1ccf6-b07b-11e4-b40c-040112b6a801', u'entityType': u'show', u'parentId': None}], u'parentId': u'26d1ccf6-b07b-11e4-b40c-040112b6a801', u'action': u'remove', u'entityId': u'fd8b3d9e-b07c-11e4-81de-040112b6a801'}, {u'keys': [u'name'], u'entityType': u'task', u'parents': [{u'entityId': u'f0bf60a0-b080-11e4-8803-040112b6a801', u'entityType': u'task', u'parentId': u'26d1ccf6-b07b-11e4-b40c-040112b6a801'}, {u'entityId': u'26d1ccf6-b07b-11e4-b40c-040112b6a801', u'entityType': u'show', u'parentId': None}], u'parentId': u'26d1ccf6-b07b-11e4-b40c-040112b6a801', u'action': u'remove', u'entityId': u'f0bf60a0-b080-11e4-8803-040112b6a801'}, {u'keys': [u'name'], u'entityType': u'task', u'parents': [{u'entityId': u'0ebc38f8-b081-11e4-8803-040112b6a801', u'entityType': u'task', u'parentId': u'26d1ccf6-b07b-11e4-b40c-040112b6a801'}, {u'entityId': u'26d1ccf6-b07b-11e4-b40c-040112b6a801', u'entityType': u'show', u'parentId': None}], u'parentId': u'26d1ccf6-b07b-11e4-b40c-040112b6a801', u'action': u'remove', u'entityId': u'0ebc38f8-b081-11e4-8803-040112b6a801'}, {u'keys': [u'name'], u'entityType': u'task', u'parents': [{u'entityId': u'764347aa-b081-11e4-af9b-040112b6a801', u'entityType': u'task', u'parentId': u'26d1ccf6-b07b-11e4-b40c-040112b6a801'}, {u'entityId': u'26d1ccf6-b07b-11e4-b40c-040112b6a801', u'entityType': u'show', u'parentId': None}], u'parentId': u'26d1ccf6-b07b-11e4-b40c-040112b6a801', u'action': u'remove', u'entityId': u'764347aa-b081-11e4-af9b-040112b6a801'}, {u'keys': [u'name'], u'entityType': u'task', u'parents': [{u'entityId': u'9e97d784-b081-11e4-869b-040112b6a801', u'entityType': u'task', u'parentId': u'26d1ccf6-b07b-11e4-b40c-040112b6a801'}, {u'entityId': u'26d1ccf6-b07b-11e4-b40c-040112b6a801', u'entityType': u'show', u'parentId': None}], u'parentId': u'26d1ccf6-b07b-11e4-b40c-040112b6a801', u'action': u'remove', u'entityId': u'9e97d784-b081-11e4-869b-040112b6a801'}, {u'keys': [u'name'], u'entityType': u'task', u'parents': [{u'entityId': u'b5cfab3e-b081-11e4-8803-040112b6a801', u'entityType': u'task', u'parentId': u'26d1ccf6-b07b-11e4-b40c-040112b6a801'}, {u'entityId': u'26d1ccf6-b07b-11e4-b40c-040112b6a801', u'entityType': u'show', u'parentId': None}], u'parentId': u'26d1ccf6-b07b-11e4-b40c-040112b6a801', u'action': u'remove', u'entityId': u'b5cfab3e-b081-11e4-8803-040112b6a801'}, {u'keys': [u'name'], u'entityType': u'task', u'parents': [{u'entityId': u'e20bcafc-b081-11e4-b8dd-040112b6a801', u'entityType': u'task', u'parentId': u'26d1ccf6-b07b-11e4-b40c-040112b6a801'}, {u'entityId': u'26d1ccf6-b07b-11e4-b40c-040112b6a801', u'entityType': u'show', u'parentId': None}], u'parentId': u'26d1ccf6-b07b-11e4-b40c-040112b6a801', u'action': u'remove', u'entityId': u'e20bcafc-b081-11e4-b8dd-040112b6a801'}, {u'keys': [u'name'], u'entityType': u'task', u'parents': [{u'entityId': u'1f339ea2-b085-11e4-968a-040112b6a801', u'entityType': u'task', u'parentId': u'26d1ccf6-b07b-11e4-b40c-040112b6a801'}, {u'entityId': u'26d1ccf6-b07b-11e4-b40c-040112b6a801', u'entityType': u'show', u'parentId': None}], u'parentId': u'26d1ccf6-b07b-11e4-b40c-040112b6a801', u'action': u'remove', u'entityId': u'1f339ea2-b085-11e4-968a-040112b6a801'}, {u'keys': [u'name'], u'entityType': u'task', u'parents': [{u'entityId': u'2ca1a1ce-b085-11e4-af9b-040112b6a801', u'entityType': u'task', u'parentId': u'26d1ccf6-b07b-11e4-b40c-040112b6a801'}, {u'entityId': u'26d1ccf6-b07b-11e4-b40c-040112b6a801', u'entityType': u'show', u'parentId': None}], u'parentId': u'26d1ccf6-b07b-11e4-b40c-040112b6a801', u'action': u'remove', u'entityId': u'2ca1a1ce-b085-11e4-af9b-040112b6a801'}, {u'keys': [u'name'], u'entityType': u'task', u'parents': [{u'entityId': u'a3eac2f6-b085-11e4-81de-040112b6a801', u'entityType': u'task', u'parentId': u'26d1ccf6-b07b-11e4-b40c-040112b6a801'}, {u'entityId': u'26d1ccf6-b07b-11e4-b40c-040112b6a801', u'entityType': u'show', u'parentId': None}], u'parentId': u'26d1ccf6-b07b-11e4-b40c-040112b6a801', u'action': u'remove', u'entityId': u'a3eac2f6-b085-11e4-81de-040112b6a801'}, {u'keys': [u'name'], u'entityType': u'task', u'parents': [{u'entityId': u'0af24bf2-b100-11e4-af9b-040112b6a801', u'entityType': u'task', u'parentId': u'26d1ccf6-b07b-11e4-b40c-040112b6a801'}, {u'entityId': u'26d1ccf6-b07b-11e4-b40c-040112b6a801', u'entityType': u'show', u'parentId': None}], u'parentId': u'26d1ccf6-b07b-11e4-b40c-040112b6a801', u'action': u'remove', u'entityId': u'0af24bf2-b100-11e4-af9b-040112b6a801'}, {u'keys': [u'name'], u'entityType': u'task', u'parents': [{u'entityId': u'2a14b02e-b100-11e4-b8dd-040112b6a801', u'entityType': u'task', u'parentId': u'26d1ccf6-b07b-11e4-b40c-040112b6a801'}, {u'entityId': u'26d1ccf6-b07b-11e4-b40c-040112b6a801', u'entityType': u'show', u'parentId': None}], u'parentId': u'26d1ccf6-b07b-11e4-b40c-040112b6a801', u'action': u'remove', u'entityId': u'2a14b02e-b100-11e4-b8dd-040112b6a801'}, {u'keys': [u'name'], u'entityType': u'task', u'parents': [{u'entityId': u'48b57608-b100-11e4-a54f-040112b6a801', u'entityType': u'task', u'parentId': u'26d1ccf6-b07b-11e4-b40c-040112b6a801'}, {u'entityId': u'26d1ccf6-b07b-11e4-b40c-040112b6a801', u'entityType': u'show', u'parentId': None}], u'parentId': u'26d1ccf6-b07b-11e4-b40c-040112b6a801', u'action': u'remove', u'entityId': u'48b57608-b100-11e4-a54f-040112b6a801'}, {u'keys': [u'name'], u'entityType': u'task', u'parents': [{u'entityId': u'6b22c1a0-b100-11e4-a54f-040112b6a801', u'entityType': u'task', u'parentId': u'26d1ccf6-b07b-11e4-b40c-040112b6a801'}, {u'entityId': u'26d1ccf6-b07b-11e4-b40c-040112b6a801', u'entityType': u'show', u'parentId': None}], u'parentId': u'26d1ccf6-b07b-11e4-b40c-040112b6a801', u'action': u'remove', u'entityId': u'6b22c1a0-b100-11e4-a54f-040112b6a801'}, {u'keys': [u'name'], u'entityType': u'task', u'parents': [{u'entityId': u'900a0122-b100-11e4-a54f-040112b6a801', u'entityType': u'task', u'parentId': u'26d1ccf6-b07b-11e4-b40c-040112b6a801'}, {u'entityId': u'26d1ccf6-b07b-11e4-b40c-040112b6a801', u'entityType': u'show', u'parentId': None}], u'parentId': u'26d1ccf6-b07b-11e4-b40c-040112b6a801', u'action': u'remove', u'entityId': u'900a0122-b100-11e4-a54f-040112b6a801'}, {u'keys': [u'name'], u'entityType': u'task', u'parents': [{u'entityId': u'de2e62b6-b101-11e4-a770-040112b6a801', u'entityType': u'task', u'parentId': u'26d1ccf6-b07b-11e4-b40c-040112b6a801'}, {u'entityId': u'26d1ccf6-b07b-11e4-b40c-040112b6a801', u'entityType': u'show', u'parentId': None}], u'parentId': u'26d1ccf6-b07b-11e4-b40c-040112b6a801', u'action': u'remove', u'entityId': u'de2e62b6-b101-11e4-a770-040112b6a801'}, {u'keys': [u'name'], u'entityType': u'task', u'parents': [{u'entityId': u'1086b0ba-b102-11e4-a54f-040112b6a801', u'entityType': u'task', u'parentId': u'26d1ccf6-b07b-11e4-b40c-040112b6a801'}, {u'entityId': u'26d1ccf6-b07b-11e4-b40c-040112b6a801', u'entityType': u'show', u'parentId': None}], u'parentId': u'26d1ccf6-b07b-11e4-b40c-040112b6a801', u'action': u'remove', u'entityId': u'1086b0ba-b102-11e4-a54f-040112b6a801'}, {u'keys': [u'name'], u'entityType': u'task', u'parents': [{u'entityId': u'c25998de-b102-11e4-a770-040112b6a801', u'entityType': u'task', u'parentId': u'26d1ccf6-b07b-11e4-b40c-040112b6a801'}, {u'entityId': u'26d1ccf6-b07b-11e4-b40c-040112b6a801', u'entityType': u'show', u'parentId': None}], u'parentId': u'26d1ccf6-b07b-11e4-b40c-040112b6a801', u'action': u'remove', u'entityId': u'c25998de-b102-11e4-a770-040112b6a801'}, {u'keys': [u'name'], u'entityType': u'task', u'parents': [{u'entityId': u'2fdddd8e-b103-11e4-a5d9-040112b6a801', u'entityType': u'task', u'parentId': u'26d1ccf6-b07b-11e4-b40c-040112b6a801'}, {u'entityId': u'26d1ccf6-b07b-11e4-b40c-040112b6a801', u'entityType': u'show', u'parentId': None}], u'parentId': u'26d1ccf6-b07b-11e4-b40c-040112b6a801', u'action': u'remove', u'entityId': u'2fdddd8e-b103-11e4-a5d9-040112b6a801'}, {u'keys': [u'name'], u'entityType': u'task', u'parents': [{u'entityId': u'5f2bc664-b103-11e4-a0ea-040112b6a801', u'entityType': u'task', u'parentId': u'26d1ccf6-b07b-11e4-b40c-040112b6a801'}, {u'entityId': u'26d1ccf6-b07b-11e4-b40c-040112b6a801', u'entityType': u'show', u'parentId': None}], u'parentId': u'26d1ccf6-b07b-11e4-b40c-040112b6a801', u'action': u'remove', u'entityId': u'5f2bc664-b103-11e4-a0ea-040112b6a801'}, {u'keys': [u'name'], u'entityType': u'task', u'parents': [{u'entityId': u'06535a04-b12e-11e4-bf88-040112b6a801', u'entityType': u'task', u'parentId': u'26d1ccf6-b07b-11e4-b40c-040112b6a801'}, {u'entityId': u'26d1ccf6-b07b-11e4-b40c-040112b6a801', u'entityType': u'show', u'parentId': None}], u'parentId': u'26d1ccf6-b07b-11e4-b40c-040112b6a801', u'action': u'remove', u'entityId': u'06535a04-b12e-11e4-bf88-040112b6a801'}, {u'keys': [u'name'], u'entityType': u'task', u'parents': [{u'entityId': u'f68552c4-b12f-11e4-8a71-040112b6a801', u'entityType': u'task', u'parentId': u'26d1ccf6-b07b-11e4-b40c-040112b6a801'}, {u'entityId': u'26d1ccf6-b07b-11e4-b40c-040112b6a801', u'entityType': u'show', u'parentId': None}], u'parentId': u'26d1ccf6-b07b-11e4-b40c-040112b6a801', u'action': u'remove', u'entityId': u'f68552c4-b12f-11e4-8a71-040112b6a801'}, {u'keys': [u'name'], u'entityType': u'task', u'parents': [{u'entityId': u'a0c94d12-b130-11e4-80d7-040112b6a801', u'entityType': u'task', u'parentId': u'26d1ccf6-b07b-11e4-b40c-040112b6a801'}, {u'entityId': u'26d1ccf6-b07b-11e4-b40c-040112b6a801', u'entityType': u'show', u'parentId': None}], u'parentId': u'26d1ccf6-b07b-11e4-b40c-040112b6a801', u'action': u'remove', u'entityId': u'a0c94d12-b130-11e4-80d7-040112b6a801'}], u'pushToken': u'3fd7ea0ab13911e4bf88040112b6a801', u'parents': [u'a3eac2f6-b085-11e4-81de-040112b6a801', u'26d1ccf6-b07b-11e4-b40c-040112b6a801', u'99fad748-b07d-11e4-8803-040112b6a801', u'a0c94d12-b130-11e4-80d7-040112b6a801', u'900a0122-b100-11e4-a54f-040112b6a801', u'f68552c4-b12f-11e4-8a71-040112b6a801', u'764347aa-b081-11e4-af9b-040112b6a801', u'0af24bf2-b100-11e4-af9b-040112b6a801', u'b5cfab3e-b081-11e4-8803-040112b6a801', u'2a14b02e-b100-11e4-b8dd-040112b6a801', u'06535a04-b12e-11e4-bf88-040112b6a801', u'2ca1a1ce-b085-11e4-af9b-040112b6a801', u'1f339ea2-b085-11e4-968a-040112b6a801', u'de2e62b6-b101-11e4-a770-040112b6a801', u'fd8b3d9e-b07c-11e4-81de-040112b6a801', u'9e97d784-b081-11e4-869b-040112b6a801', u'f0bf60a0-b080-11e4-8803-040112b6a801', u'e20bcafc-b081-11e4-b8dd-040112b6a801', u'2fdddd8e-b103-11e4-a5d9-040112b6a801', u'1086b0ba-b102-11e4-a54f-040112b6a801', u'c25998de-b102-11e4-a770-040112b6a801', u'48b57608-b100-11e4-a54f-040112b6a801', u'0ebc38f8-b081-11e4-8803-040112b6a801', u'6b22c1a0-b100-11e4-a54f-040112b6a801', u'5f2bc664-b103-11e4-a0ea-040112b6a801', u'159148f2-b07d-11e4-a5df-040112b6a801'], u'user': {u'userid': u'b0fdb9ba-b037-11e4-ac9f-040112b6a801', u'name': u'Toke Jepsen'}, u'clientToken': u'3e34ae7c-b139-11e4-9b27-040112b6a801'}, 'id': u'89ddd528df0b40ad9dfece5ec2294888', 'inReplyToEvent': None}>.
Traceback (most recent call last):
  File "K:\tools\FTrack\ftrack-api\FTrackCore.egg\FTrackCore\api\event\hub.py", line 649, in _handle
    response = subscriber.callback(event)
  File "K:\tools\FTrack\ftrack-server\plugins\task_to_shot_update.py", line 27, in callback
    task = ftrack.Task(id=entity.get('entityId'))
  File "K:\tools\FTrack\ftrack-api\FTrackCore.egg\FTrackCore\api\ftobject.py", line 78, in __init__
    self.dict = self.xmlServer.action('get',data)
  File "K:\tools\FTrack\ftrack-api\FTrackCore.egg\FTrackCore\api\xmlserver.py", line 303, in action
    return self._verifyResponse(response)
  File "K:\tools\FTrack\ftrack-api\FTrackCore.egg\FTrackCore\api\xmlserver.py", line 189, in _verifyResponse
    raise FTrackError(response['detail'])
FTrackError: Object with id: 99fad748-b07d-11e4-8803-040112b6a801 and type: task was not found
2015-02-10 15:27:28,703 - FTrackCore.api.event.hub.EventHub: ERROR: Error calling subscriber <Subscriber metadata={'id': 'a1a7e577195147de8bd4f663149f82f0'} subscription=topic=ftrack.update> for event <Event {'topic': u'ftrack.update', 'source': {u'applicationId': u'ftrack.client.web', u'user': {u'id': u'b0fdb9ba-b037-11e4-ac9f-040112b6a801'}, u'id': u'3e34ae7c-b139-11e4-9b27-040112b6a801'}, 'target': u'', 'sent': None, 'data': {u'entities': [{u'keys': [u'name'], u'entityType': u'task', u'parents': [{u'entityId': u'99fad748-b07d-11e4-8803-040112b6a801', u'entityType': u'task', u'parentId': u'159148f2-b07d-11e4-a5df-040112b6a801'}, {u'entityId': u'26d1ccf6-b07b-11e4-b40c-040112b6a801', u'entityType': u'show', u'parentId': None}, {u'entityId': u'159148f2-b07d-11e4-a5df-040112b6a801', u'entityType': u'task', u'parentId': u'fd8b3d9e-b07c-11e4-81de-040112b6a801'}, {u'entityId': u'fd8b3d9e-b07c-11e4-81de-040112b6a801', u'entityType': u'task', u'parentId': u'26d1ccf6-b07b-11e4-b40c-040112b6a801'}], u'parentId': u'159148f2-b07d-11e4-a5df-040112b6a801', u'action': u'remove', u'entityId': u'99fad748-b07d-11e4-8803-040112b6a801'}, {u'keys': [u'name'], u'entityType': u'task', u'parents': [{u'entityId': u'159148f2-b07d-11e4-a5df-040112b6a801', u'entityType': u'task', u'parentId': u'fd8b3d9e-b07c-11e4-81de-040112b6a801'}, {u'entityId': u'26d1ccf6-b07b-11e4-b40c-040112b6a801', u'entityType': u'show', u'parentId': None}, {u'entityId': u'fd8b3d9e-b07c-11e4-81de-040112b6a801', u'entityType': u'task', u'parentId': u'26d1ccf6-b07b-11e4-b40c-040112b6a801'}], u'parentId': u'fd8b3d9e-b07c-11e4-81de-040112b6a801', u'action': u'remove', u'entityId': u'159148f2-b07d-11e4-a5df-040112b6a801'}, {u'keys': [u'name'], u'entityType': u'task', u'parents': [{u'entityId': u'fd8b3d9e-b07c-11e4-81de-040112b6a801', u'entityType': u'task', u'parentId': u'26d1ccf6-b07b-11e4-b40c-040112b6a801'}, {u'entityId': u'26d1ccf6-b07b-11e4-b40c-040112b6a801', u'entityType': u'show', u'parentId': None}], u'parentId': u'26d1ccf6-b07b-11e4-b40c-040112b6a801', u'action': u'remove', u'entityId': u'fd8b3d9e-b07c-11e4-81de-040112b6a801'}, {u'keys': [u'name'], u'entityType': u'task', u'parents': [{u'entityId': u'f0bf60a0-b080-11e4-8803-040112b6a801', u'entityType': u'task', u'parentId': u'26d1ccf6-b07b-11e4-b40c-040112b6a801'}, {u'entityId': u'26d1ccf6-b07b-11e4-b40c-040112b6a801', u'entityType': u'show', u'parentId': None}], u'parentId': u'26d1ccf6-b07b-11e4-b40c-040112b6a801', u'action': u'remove', u'entityId': u'f0bf60a0-b080-11e4-8803-040112b6a801'}, {u'keys': [u'name'], u'entityType': u'task', u'parents': [{u'entityId': u'0ebc38f8-b081-11e4-8803-040112b6a801', u'entityType': u'task', u'parentId': u'26d1ccf6-b07b-11e4-b40c-040112b6a801'}, {u'entityId': u'26d1ccf6-b07b-11e4-b40c-040112b6a801', u'entityType': u'show', u'parentId': None}], u'parentId': u'26d1ccf6-b07b-11e4-b40c-040112b6a801', u'action': u'remove', u'entityId': u'0ebc38f8-b081-11e4-8803-040112b6a801'}, {u'keys': [u'name'], u'entityType': u'task', u'parents': [{u'entityId': u'764347aa-b081-11e4-af9b-040112b6a801', u'entityType': u'task', u'parentId': u'26d1ccf6-b07b-11e4-b40c-040112b6a801'}, {u'entityId': u'26d1ccf6-b07b-11e4-b40c-040112b6a801', u'entityType': u'show', u'parentId': None}], u'parentId': u'26d1ccf6-b07b-11e4-b40c-040112b6a801', u'action': u'remove', u'entityId': u'764347aa-b081-11e4-af9b-040112b6a801'}, {u'keys': [u'name'], u'entityType': u'task', u'parents': [{u'entityId': u'9e97d784-b081-11e4-869b-040112b6a801', u'entityType': u'task', u'parentId': u'26d1ccf6-b07b-11e4-b40c-040112b6a801'}, {u'entityId': u'26d1ccf6-b07b-11e4-b40c-040112b6a801', u'entityType': u'show', u'parentId': None}], u'parentId': u'26d1ccf6-b07b-11e4-b40c-040112b6a801', u'action': u'remove', u'entityId': u'9e97d784-b081-11e4-869b-040112b6a801'}, {u'keys': [u'name'], u'entityType': u'task', u'parents': [{u'entityId': u'b5cfab3e-b081-11e4-8803-040112b6a801', u'entityType': u'task', u'parentId': u'26d1ccf6-b07b-11e4-b40c-040112b6a801'}, {u'entityId': u'26d1ccf6-b07b-11e4-b40c-040112b6a801', u'entityType': u'show', u'parentId': None}], u'parentId': u'26d1ccf6-b07b-11e4-b40c-040112b6a801', u'action': u'remove', u'entityId': u'b5cfab3e-b081-11e4-8803-040112b6a801'}, {u'keys': [u'name'], u'entityType': u'task', u'parents': [{u'entityId': u'e20bcafc-b081-11e4-b8dd-040112b6a801', u'entityType': u'task', u'parentId': u'26d1ccf6-b07b-11e4-b40c-040112b6a801'}, {u'entityId': u'26d1ccf6-b07b-11e4-b40c-040112b6a801', u'entityType': u'show', u'parentId': None}], u'parentId': u'26d1ccf6-b07b-11e4-b40c-040112b6a801', u'action': u'remove', u'entityId': u'e20bcafc-b081-11e4-b8dd-040112b6a801'}, {u'keys': [u'name'], u'entityType': u'task', u'parents': [{u'entityId': u'1f339ea2-b085-11e4-968a-040112b6a801', u'entityType': u'task', u'parentId': u'26d1ccf6-b07b-11e4-b40c-040112b6a801'}, {u'entityId': u'26d1ccf6-b07b-11e4-b40c-040112b6a801', u'entityType': u'show', u'parentId': None}], u'parentId': u'26d1ccf6-b07b-11e4-b40c-040112b6a801', u'action': u'remove', u'entityId': u'1f339ea2-b085-11e4-968a-040112b6a801'}, {u'keys': [u'name'], u'entityType': u'task', u'parents': [{u'entityId': u'2ca1a1ce-b085-11e4-af9b-040112b6a801', u'entityType': u'task', u'parentId': u'26d1ccf6-b07b-11e4-b40c-040112b6a801'}, {u'entityId': u'26d1ccf6-b07b-11e4-b40c-040112b6a801', u'entityType': u'show', u'parentId': None}], u'parentId': u'26d1ccf6-b07b-11e4-b40c-040112b6a801', u'action': u'remove', u'entityId': u'2ca1a1ce-b085-11e4-af9b-040112b6a801'}, {u'keys': [u'name'], u'entityType': u'task', u'parents': [{u'entityId': u'a3eac2f6-b085-11e4-81de-040112b6a801', u'entityType': u'task', u'parentId': u'26d1ccf6-b07b-11e4-b40c-040112b6a801'}, {u'entityId': u'26d1ccf6-b07b-11e4-b40c-040112b6a801', u'entityType': u'show', u'parentId': None}], u'parentId': u'26d1ccf6-b07b-11e4-b40c-040112b6a801', u'action': u'remove', u'entityId': u'a3eac2f6-b085-11e4-81de-040112b6a801'}, {u'keys': [u'name'], u'entityType': u'task', u'parents': [{u'entityId': u'0af24bf2-b100-11e4-af9b-040112b6a801', u'entityType': u'task', u'parentId': u'26d1ccf6-b07b-11e4-b40c-040112b6a801'}, {u'entityId': u'26d1ccf6-b07b-11e4-b40c-040112b6a801', u'entityType': u'show', u'parentId': None}], u'parentId': u'26d1ccf6-b07b-11e4-b40c-040112b6a801', u'action': u'remove', u'entityId': u'0af24bf2-b100-11e4-af9b-040112b6a801'}, {u'keys': [u'name'], u'entityType': u'task', u'parents': [{u'entityId': u'2a14b02e-b100-11e4-b8dd-040112b6a801', u'entityType': u'task', u'parentId': u'26d1ccf6-b07b-11e4-b40c-040112b6a801'}, {u'entityId': u'26d1ccf6-b07b-11e4-b40c-040112b6a801', u'entityType': u'show', u'parentId': None}], u'parentId': u'26d1ccf6-b07b-11e4-b40c-040112b6a801', u'action': u'remove', u'entityId': u'2a14b02e-b100-11e4-b8dd-040112b6a801'}, {u'keys': [u'name'], u'entityType': u'task', u'parents': [{u'entityId': u'48b57608-b100-11e4-a54f-040112b6a801', u'entityType': u'task', u'parentId': u'26d1ccf6-b07b-11e4-b40c-040112b6a801'}, {u'entityId': u'26d1ccf6-b07b-11e4-b40c-040112b6a801', u'entityType': u'show', u'parentId': None}], u'parentId': u'26d1ccf6-b07b-11e4-b40c-040112b6a801', u'action': u'remove', u'entityId': u'48b57608-b100-11e4-a54f-040112b6a801'}, {u'keys': [u'name'], u'entityType': u'task', u'parents': [{u'entityId': u'6b22c1a0-b100-11e4-a54f-040112b6a801', u'entityType': u'task', u'parentId': u'26d1ccf6-b07b-11e4-b40c-040112b6a801'}, {u'entityId': u'26d1ccf6-b07b-11e4-b40c-040112b6a801', u'entityType': u'show', u'parentId': None}], u'parentId': u'26d1ccf6-b07b-11e4-b40c-040112b6a801', u'action': u'remove', u'entityId': u'6b22c1a0-b100-11e4-a54f-040112b6a801'}, {u'keys': [u'name'], u'entityType': u'task', u'parents': [{u'entityId': u'900a0122-b100-11e4-a54f-040112b6a801', u'entityType': u'task', u'parentId': u'26d1ccf6-b07b-11e4-b40c-040112b6a801'}, {u'entityId': u'26d1ccf6-b07b-11e4-b40c-040112b6a801', u'entityType': u'show', u'parentId': None}], u'parentId': u'26d1ccf6-b07b-11e4-b40c-040112b6a801', u'action': u'remove', u'entityId': u'900a0122-b100-11e4-a54f-040112b6a801'}, {u'keys': [u'name'], u'entityType': u'task', u'parents': [{u'entityId': u'de2e62b6-b101-11e4-a770-040112b6a801', u'entityType': u'task', u'parentId': u'26d1ccf6-b07b-11e4-b40c-040112b6a801'}, {u'entityId': u'26d1ccf6-b07b-11e4-b40c-040112b6a801', u'entityType': u'show', u'parentId': None}], u'parentId': u'26d1ccf6-b07b-11e4-b40c-040112b6a801', u'action': u'remove', u'entityId': u'de2e62b6-b101-11e4-a770-040112b6a801'}, {u'keys': [u'name'], u'entityType': u'task', u'parents': [{u'entityId': u'1086b0ba-b102-11e4-a54f-040112b6a801', u'entityType': u'task', u'parentId': u'26d1ccf6-b07b-11e4-b40c-040112b6a801'}, {u'entityId': u'26d1ccf6-b07b-11e4-b40c-040112b6a801', u'entityType': u'show', u'parentId': None}], u'parentId': u'26d1ccf6-b07b-11e4-b40c-040112b6a801', u'action': u'remove', u'entityId': u'1086b0ba-b102-11e4-a54f-040112b6a801'}, {u'keys': [u'name'], u'entityType': u'task', u'parents': [{u'entityId': u'c25998de-b102-11e4-a770-040112b6a801', u'entityType': u'task', u'parentId': u'26d1ccf6-b07b-11e4-b40c-040112b6a801'}, {u'entityId': u'26d1ccf6-b07b-11e4-b40c-040112b6a801', u'entityType': u'show', u'parentId': None}], u'parentId': u'26d1ccf6-b07b-11e4-b40c-040112b6a801', u'action': u'remove', u'entityId': u'c25998de-b102-11e4-a770-040112b6a801'}, {u'keys': [u'name'], u'entityType': u'task', u'parents': [{u'entityId': u'2fdddd8e-b103-11e4-a5d9-040112b6a801', u'entityType': u'task', u'parentId': u'26d1ccf6-b07b-11e4-b40c-040112b6a801'}, {u'entityId': u'26d1ccf6-b07b-11e4-b40c-040112b6a801', u'entityType': u'show', u'parentId': None}], u'parentId': u'26d1ccf6-b07b-11e4-b40c-040112b6a801', u'action': u'remove', u'entityId': u'2fdddd8e-b103-11e4-a5d9-040112b6a801'}, {u'keys': [u'name'], u'entityType': u'task', u'parents': [{u'entityId': u'5f2bc664-b103-11e4-a0ea-040112b6a801', u'entityType': u'task', u'parentId': u'26d1ccf6-b07b-11e4-b40c-040112b6a801'}, {u'entityId': u'26d1ccf6-b07b-11e4-b40c-040112b6a801', u'entityType': u'show', u'parentId': None}], u'parentId': u'26d1ccf6-b07b-11e4-b40c-040112b6a801', u'action': u'remove', u'entityId': u'5f2bc664-b103-11e4-a0ea-040112b6a801'}, {u'keys': [u'name'], u'entityType': u'task', u'parents': [{u'entityId': u'06535a04-b12e-11e4-bf88-040112b6a801', u'entityType': u'task', u'parentId': u'26d1ccf6-b07b-11e4-b40c-040112b6a801'}, {u'entityId': u'26d1ccf6-b07b-11e4-b40c-040112b6a801', u'entityType': u'show', u'parentId': None}], u'parentId': u'26d1ccf6-b07b-11e4-b40c-040112b6a801', u'action': u'remove', u'entityId': u'06535a04-b12e-11e4-bf88-040112b6a801'}, {u'keys': [u'name'], u'entityType': u'task', u'parents': [{u'entityId': u'f68552c4-b12f-11e4-8a71-040112b6a801', u'entityType': u'task', u'parentId': u'26d1ccf6-b07b-11e4-b40c-040112b6a801'}, {u'entityId': u'26d1ccf6-b07b-11e4-b40c-040112b6a801', u'entityType': u'show', u'parentId': None}], u'parentId': u'26d1ccf6-b07b-11e4-b40c-040112b6a801', u'action': u'remove', u'entityId': u'f68552c4-b12f-11e4-8a71-040112b6a801'}, {u'keys': [u'name'], u'entityType': u'task', u'parents': [{u'entityId': u'a0c94d12-b130-11e4-80d7-040112b6a801', u'entityType': u'task', u'parentId': u'26d1ccf6-b07b-11e4-b40c-040112b6a801'}, {u'entityId': u'26d1ccf6-b07b-11e4-b40c-040112b6a801', u'entityType': u'show', u'parentId': None}], u'parentId': u'26d1ccf6-b07b-11e4-b40c-040112b6a801', u'action': u'remove', u'entityId': u'a0c94d12-b130-11e4-80d7-040112b6a801'}], u'pushToken': u'3fd7ea0ab13911e4bf88040112b6a801', u'parents': [u'a3eac2f6-b085-11e4-81de-040112b6a801', u'26d1ccf6-b07b-11e4-b40c-040112b6a801', u'99fad748-b07d-11e4-8803-040112b6a801', u'a0c94d12-b130-11e4-80d7-040112b6a801', u'900a0122-b100-11e4-a54f-040112b6a801', u'f68552c4-b12f-11e4-8a71-040112b6a801', u'764347aa-b081-11e4-af9b-040112b6a801', u'0af24bf2-b100-11e4-af9b-040112b6a801', u'b5cfab3e-b081-11e4-8803-040112b6a801', u'2a14b02e-b100-11e4-b8dd-040112b6a801', u'06535a04-b12e-11e4-bf88-040112b6a801', u'2ca1a1ce-b085-11e4-af9b-040112b6a801', u'1f339ea2-b085-11e4-968a-040112b6a801', u'de2e62b6-b101-11e4-a770-040112b6a801', u'fd8b3d9e-b07c-11e4-81de-040112b6a801', u'9e97d784-b081-11e4-869b-040112b6a801', u'f0bf60a0-b080-11e4-8803-040112b6a801', u'e20bcafc-b081-11e4-b8dd-040112b6a801', u'2fdddd8e-b103-11e4-a5d9-040112b6a801', u'1086b0ba-b102-11e4-a54f-040112b6a801', u'c25998de-b102-11e4-a770-040112b6a801', u'48b57608-b100-11e4-a54f-040112b6a801', u'0ebc38f8-b081-11e4-8803-040112b6a801', u'6b22c1a0-b100-11e4-a54f-040112b6a801', u'5f2bc664-b103-11e4-a0ea-040112b6a801', u'159148f2-b07d-11e4-a5df-040112b6a801'], u'user': {u'userid': u'b0fdb9ba-b037-11e4-ac9f-040112b6a801', u'name': u'Toke Jepsen'}, u'clientToken': u'3e34ae7c-b139-11e4-9b27-040112b6a801'}, 'id': u'89ddd528df0b40ad9dfece5ec2294888', 'inReplyToEvent': None}>.
Traceback (most recent call last):
  File "K:\tools\FTrack\ftrack-api\FTrackCore.egg\FTrackCore\api\event\hub.py", line 649, in _handle
    response = subscriber.callback(event)
  File "K:\tools\FTrack\ftrack-server\plugins\create_directories.py", line 19, in callback
    task = ftrack.Task(id=entity['entityId'])
  File "K:\tools\FTrack\ftrack-api\FTrackCore.egg\FTrackCore\api\ftobject.py", line 78, in __init__
    self.dict = self.xmlServer.action('get',data)
  File "K:\tools\FTrack\ftrack-api\FTrackCore.egg\FTrackCore\api\xmlserver.py", line 303, in action
    return self._verifyResponse(response)
  File "K:\tools\FTrack\ftrack-api\FTrackCore.egg\FTrackCore\api\xmlserver.py", line 189, in _verifyResponse
    raise FTrackError(response['detail'])
FTrackError: Object with id: 99fad748-b07d-11e4-8803-040112b6a801 and type: task was not found
2015-02-10 15:27:28,796 - FTrackCore.api.event.hub.EventHub: ERROR: Error calling subscriber <Subscriber metadata={'id': 'e94480e1f02842d793b76082cf297869'} subscription=topic=ftrack.update> for event <Event {'topic': u'ftrack.update', 'source': {u'applicationId': u'ftrack.client.web', u'user': {u'id': u'b0fdb9ba-b037-11e4-ac9f-040112b6a801'}, u'id': u'3e34ae7c-b139-11e4-9b27-040112b6a801'}, 'target': u'', 'sent': None, 'data': {u'entities': [{u'keys': [u'name'], u'entityType': u'task', u'parents': [{u'entityId': u'99fad748-b07d-11e4-8803-040112b6a801', u'entityType': u'task', u'parentId': u'159148f2-b07d-11e4-a5df-040112b6a801'}, {u'entityId': u'26d1ccf6-b07b-11e4-b40c-040112b6a801', u'entityType': u'show', u'parentId': None}, {u'entityId': u'159148f2-b07d-11e4-a5df-040112b6a801', u'entityType': u'task', u'parentId': u'fd8b3d9e-b07c-11e4-81de-040112b6a801'}, {u'entityId': u'fd8b3d9e-b07c-11e4-81de-040112b6a801', u'entityType': u'task', u'parentId': u'26d1ccf6-b07b-11e4-b40c-040112b6a801'}], u'parentId': u'159148f2-b07d-11e4-a5df-040112b6a801', u'action': u'remove', u'entityId': u'99fad748-b07d-11e4-8803-040112b6a801'}, {u'keys': [u'name'], u'entityType': u'task', u'parents': [{u'entityId': u'159148f2-b07d-11e4-a5df-040112b6a801', u'entityType': u'task', u'parentId': u'fd8b3d9e-b07c-11e4-81de-040112b6a801'}, {u'entityId': u'26d1ccf6-b07b-11e4-b40c-040112b6a801', u'entityType': u'show', u'parentId': None}, {u'entityId': u'fd8b3d9e-b07c-11e4-81de-040112b6a801', u'entityType': u'task', u'parentId': u'26d1ccf6-b07b-11e4-b40c-040112b6a801'}], u'parentId': u'fd8b3d9e-b07c-11e4-81de-040112b6a801', u'action': u'remove', u'entityId': u'159148f2-b07d-11e4-a5df-040112b6a801'}, {u'keys': [u'name'], u'entityType': u'task', u'parents': [{u'entityId': u'fd8b3d9e-b07c-11e4-81de-040112b6a801', u'entityType': u'task', u'parentId': u'26d1ccf6-b07b-11e4-b40c-040112b6a801'}, {u'entityId': u'26d1ccf6-b07b-11e4-b40c-040112b6a801', u'entityType': u'show', u'parentId': None}], u'parentId': u'26d1ccf6-b07b-11e4-b40c-040112b6a801', u'action': u'remove', u'entityId': u'fd8b3d9e-b07c-11e4-81de-040112b6a801'}, {u'keys': [u'name'], u'entityType': u'task', u'parents': [{u'entityId': u'f0bf60a0-b080-11e4-8803-040112b6a801', u'entityType': u'task', u'parentId': u'26d1ccf6-b07b-11e4-b40c-040112b6a801'}, {u'entityId': u'26d1ccf6-b07b-11e4-b40c-040112b6a801', u'entityType': u'show', u'parentId': None}], u'parentId': u'26d1ccf6-b07b-11e4-b40c-040112b6a801', u'action': u'remove', u'entityId': u'f0bf60a0-b080-11e4-8803-040112b6a801'}, {u'keys': [u'name'], u'entityType': u'task', u'parents': [{u'entityId': u'0ebc38f8-b081-11e4-8803-040112b6a801', u'entityType': u'task', u'parentId': u'26d1ccf6-b07b-11e4-b40c-040112b6a801'}, {u'entityId': u'26d1ccf6-b07b-11e4-b40c-040112b6a801', u'entityType': u'show', u'parentId': None}], u'parentId': u'26d1ccf6-b07b-11e4-b40c-040112b6a801', u'action': u'remove', u'entityId': u'0ebc38f8-b081-11e4-8803-040112b6a801'}, {u'keys': [u'name'], u'entityType': u'task', u'parents': [{u'entityId': u'764347aa-b081-11e4-af9b-040112b6a801', u'entityType': u'task', u'parentId': u'26d1ccf6-b07b-11e4-b40c-040112b6a801'}, {u'entityId': u'26d1ccf6-b07b-11e4-b40c-040112b6a801', u'entityType': u'show', u'parentId': None}], u'parentId': u'26d1ccf6-b07b-11e4-b40c-040112b6a801', u'action': u'remove', u'entityId': u'764347aa-b081-11e4-af9b-040112b6a801'}, {u'keys': [u'name'], u'entityType': u'task', u'parents': [{u'entityId': u'9e97d784-b081-11e4-869b-040112b6a801', u'entityType': u'task', u'parentId': u'26d1ccf6-b07b-11e4-b40c-040112b6a801'}, {u'entityId': u'26d1ccf6-b07b-11e4-b40c-040112b6a801', u'entityType': u'show', u'parentId': None}], u'parentId': u'26d1ccf6-b07b-11e4-b40c-040112b6a801', u'action': u'remove', u'entityId': u'9e97d784-b081-11e4-869b-040112b6a801'}, {u'keys': [u'name'], u'entityType': u'task', u'parents': [{u'entityId': u'b5cfab3e-b081-11e4-8803-040112b6a801', u'entityType': u'task', u'parentId': u'26d1ccf6-b07b-11e4-b40c-040112b6a801'}, {u'entityId': u'26d1ccf6-b07b-11e4-b40c-040112b6a801', u'entityType': u'show', u'parentId': None}], u'parentId': u'26d1ccf6-b07b-11e4-b40c-040112b6a801', u'action': u'remove', u'entityId': u'b5cfab3e-b081-11e4-8803-040112b6a801'}, {u'keys': [u'name'], u'entityType': u'task', u'parents': [{u'entityId': u'e20bcafc-b081-11e4-b8dd-040112b6a801', u'entityType': u'task', u'parentId': u'26d1ccf6-b07b-11e4-b40c-040112b6a801'}, {u'entityId': u'26d1ccf6-b07b-11e4-b40c-040112b6a801', u'entityType': u'show', u'parentId': None}], u'parentId': u'26d1ccf6-b07b-11e4-b40c-040112b6a801', u'action': u'remove', u'entityId': u'e20bcafc-b081-11e4-b8dd-040112b6a801'}, {u'keys': [u'name'], u'entityType': u'task', u'parents': [{u'entityId': u'1f339ea2-b085-11e4-968a-040112b6a801', u'entityType': u'task', u'parentId': u'26d1ccf6-b07b-11e4-b40c-040112b6a801'}, {u'entityId': u'26d1ccf6-b07b-11e4-b40c-040112b6a801', u'entityType': u'show', u'parentId': None}], u'parentId': u'26d1ccf6-b07b-11e4-b40c-040112b6a801', u'action': u'remove', u'entityId': u'1f339ea2-b085-11e4-968a-040112b6a801'}, {u'keys': [u'name'], u'entityType': u'task', u'parents': [{u'entityId': u'2ca1a1ce-b085-11e4-af9b-040112b6a801', u'entityType': u'task', u'parentId': u'26d1ccf6-b07b-11e4-b40c-040112b6a801'}, {u'entityId': u'26d1ccf6-b07b-11e4-b40c-040112b6a801', u'entityType': u'show', u'parentId': None}], u'parentId': u'26d1ccf6-b07b-11e4-b40c-040112b6a801', u'action': u'remove', u'entityId': u'2ca1a1ce-b085-11e4-af9b-040112b6a801'}, {u'keys': [u'name'], u'entityType': u'task', u'parents': [{u'entityId': u'a3eac2f6-b085-11e4-81de-040112b6a801', u'entityType': u'task', u'parentId': u'26d1ccf6-b07b-11e4-b40c-040112b6a801'}, {u'entityId': u'26d1ccf6-b07b-11e4-b40c-040112b6a801', u'entityType': u'show', u'parentId': None}], u'parentId': u'26d1ccf6-b07b-11e4-b40c-040112b6a801', u'action': u'remove', u'entityId': u'a3eac2f6-b085-11e4-81de-040112b6a801'}, {u'keys': [u'name'], u'entityType': u'task', u'parents': [{u'entityId': u'0af24bf2-b100-11e4-af9b-040112b6a801', u'entityType': u'task', u'parentId': u'26d1ccf6-b07b-11e4-b40c-040112b6a801'}, {u'entityId': u'26d1ccf6-b07b-11e4-b40c-040112b6a801', u'entityType': u'show', u'parentId': None}], u'parentId': u'26d1ccf6-b07b-11e4-b40c-040112b6a801', u'action': u'remove', u'entityId': u'0af24bf2-b100-11e4-af9b-040112b6a801'}, {u'keys': [u'name'], u'entityType': u'task', u'parents': [{u'entityId': u'2a14b02e-b100-11e4-b8dd-040112b6a801', u'entityType': u'task', u'parentId': u'26d1ccf6-b07b-11e4-b40c-040112b6a801'}, {u'entityId': u'26d1ccf6-b07b-11e4-b40c-040112b6a801', u'entityType': u'show', u'parentId': None}], u'parentId': u'26d1ccf6-b07b-11e4-b40c-040112b6a801', u'action': u'remove', u'entityId': u'2a14b02e-b100-11e4-b8dd-040112b6a801'}, {u'keys': [u'name'], u'entityType': u'task', u'parents': [{u'entityId': u'48b57608-b100-11e4-a54f-040112b6a801', u'entityType': u'task', u'parentId': u'26d1ccf6-b07b-11e4-b40c-040112b6a801'}, {u'entityId': u'26d1ccf6-b07b-11e4-b40c-040112b6a801', u'entityType': u'show', u'parentId': None}], u'parentId': u'26d1ccf6-b07b-11e4-b40c-040112b6a801', u'action': u'remove', u'entityId': u'48b57608-b100-11e4-a54f-040112b6a801'}, {u'keys': [u'name'], u'entityType': u'task', u'parents': [{u'entityId': u'6b22c1a0-b100-11e4-a54f-040112b6a801', u'entityType': u'task', u'parentId': u'26d1ccf6-b07b-11e4-b40c-040112b6a801'}, {u'entityId': u'26d1ccf6-b07b-11e4-b40c-040112b6a801', u'entityType': u'show', u'parentId': None}], u'parentId': u'26d1ccf6-b07b-11e4-b40c-040112b6a801', u'action': u'remove', u'entityId': u'6b22c1a0-b100-11e4-a54f-040112b6a801'}, {u'keys': [u'name'], u'entityType': u'task', u'parents': [{u'entityId': u'900a0122-b100-11e4-a54f-040112b6a801', u'entityType': u'task', u'parentId': u'26d1ccf6-b07b-11e4-b40c-040112b6a801'}, {u'entityId': u'26d1ccf6-b07b-11e4-b40c-040112b6a801', u'entityType': u'show', u'parentId': None}], u'parentId': u'26d1ccf6-b07b-11e4-b40c-040112b6a801', u'action': u'remove', u'entityId': u'900a0122-b100-11e4-a54f-040112b6a801'}, {u'keys': [u'name'], u'entityType': u'task', u'parents': [{u'entityId': u'de2e62b6-b101-11e4-a770-040112b6a801', u'entityType': u'task', u'parentId': u'26d1ccf6-b07b-11e4-b40c-040112b6a801'}, {u'entityId': u'26d1ccf6-b07b-11e4-b40c-040112b6a801', u'entityType': u'show', u'parentId': None}], u'parentId': u'26d1ccf6-b07b-11e4-b40c-040112b6a801', u'action': u'remove', u'entityId': u'de2e62b6-b101-11e4-a770-040112b6a801'}, {u'keys': [u'name'], u'entityType': u'task', u'parents': [{u'entityId': u'1086b0ba-b102-11e4-a54f-040112b6a801', u'entityType': u'task', u'parentId': u'26d1ccf6-b07b-11e4-b40c-040112b6a801'}, {u'entityId': u'26d1ccf6-b07b-11e4-b40c-040112b6a801', u'entityType': u'show', u'parentId': None}], u'parentId': u'26d1ccf6-b07b-11e4-b40c-040112b6a801', u'action': u'remove', u'entityId': u'1086b0ba-b102-11e4-a54f-040112b6a801'}, {u'keys': [u'name'], u'entityType': u'task', u'parents': [{u'entityId': u'c25998de-b102-11e4-a770-040112b6a801', u'entityType': u'task', u'parentId': u'26d1ccf6-b07b-11e4-b40c-040112b6a801'}, {u'entityId': u'26d1ccf6-b07b-11e4-b40c-040112b6a801', u'entityType': u'show', u'parentId': None}], u'parentId': u'26d1ccf6-b07b-11e4-b40c-040112b6a801', u'action': u'remove', u'entityId': u'c25998de-b102-11e4-a770-040112b6a801'}, {u'keys': [u'name'], u'entityType': u'task', u'parents': [{u'entityId': u'2fdddd8e-b103-11e4-a5d9-040112b6a801', u'entityType': u'task', u'parentId': u'26d1ccf6-b07b-11e4-b40c-040112b6a801'}, {u'entityId': u'26d1ccf6-b07b-11e4-b40c-040112b6a801', u'entityType': u'show', u'parentId': None}], u'parentId': u'26d1ccf6-b07b-11e4-b40c-040112b6a801', u'action': u'remove', u'entityId': u'2fdddd8e-b103-11e4-a5d9-040112b6a801'}, {u'keys': [u'name'], u'entityType': u'task', u'parents': [{u'entityId': u'5f2bc664-b103-11e4-a0ea-040112b6a801', u'entityType': u'task', u'parentId': u'26d1ccf6-b07b-11e4-b40c-040112b6a801'}, {u'entityId': u'26d1ccf6-b07b-11e4-b40c-040112b6a801', u'entityType': u'show', u'parentId': None}], u'parentId': u'26d1ccf6-b07b-11e4-b40c-040112b6a801', u'action': u'remove', u'entityId': u'5f2bc664-b103-11e4-a0ea-040112b6a801'}, {u'keys': [u'name'], u'entityType': u'task', u'parents': [{u'entityId': u'06535a04-b12e-11e4-bf88-040112b6a801', u'entityType': u'task', u'parentId': u'26d1ccf6-b07b-11e4-b40c-040112b6a801'}, {u'entityId': u'26d1ccf6-b07b-11e4-b40c-040112b6a801', u'entityType': u'show', u'parentId': None}], u'parentId': u'26d1ccf6-b07b-11e4-b40c-040112b6a801', u'action': u'remove', u'entityId': u'06535a04-b12e-11e4-bf88-040112b6a801'}, {u'keys': [u'name'], u'entityType': u'task', u'parents': [{u'entityId': u'f68552c4-b12f-11e4-8a71-040112b6a801', u'entityType': u'task', u'parentId': u'26d1ccf6-b07b-11e4-b40c-040112b6a801'}, {u'entityId': u'26d1ccf6-b07b-11e4-b40c-040112b6a801', u'entityType': u'show', u'parentId': None}], u'parentId': u'26d1ccf6-b07b-11e4-b40c-040112b6a801', u'action': u'remove', u'entityId': u'f68552c4-b12f-11e4-8a71-040112b6a801'}, {u'keys': [u'name'], u'entityType': u'task', u'parents': [{u'entityId': u'a0c94d12-b130-11e4-80d7-040112b6a801', u'entityType': u'task', u'parentId': u'26d1ccf6-b07b-11e4-b40c-040112b6a801'}, {u'entityId': u'26d1ccf6-b07b-11e4-b40c-040112b6a801', u'entityType': u'show', u'parentId': None}], u'parentId': u'26d1ccf6-b07b-11e4-b40c-040112b6a801', u'action': u'remove', u'entityId': u'a0c94d12-b130-11e4-80d7-040112b6a801'}], u'pushToken': u'3fd7ea0ab13911e4bf88040112b6a801', u'parents': [u'a3eac2f6-b085-11e4-81de-040112b6a801', u'26d1ccf6-b07b-11e4-b40c-040112b6a801', u'99fad748-b07d-11e4-8803-040112b6a801', u'a0c94d12-b130-11e4-80d7-040112b6a801', u'900a0122-b100-11e4-a54f-040112b6a801', u'f68552c4-b12f-11e4-8a71-040112b6a801', u'764347aa-b081-11e4-af9b-040112b6a801', u'0af24bf2-b100-11e4-af9b-040112b6a801', u'b5cfab3e-b081-11e4-8803-040112b6a801', u'2a14b02e-b100-11e4-b8dd-040112b6a801', u'06535a04-b12e-11e4-bf88-040112b6a801', u'2ca1a1ce-b085-11e4-af9b-040112b6a801', u'1f339ea2-b085-11e4-968a-040112b6a801', u'de2e62b6-b101-11e4-a770-040112b6a801', u'fd8b3d9e-b07c-11e4-81de-040112b6a801', u'9e97d784-b081-11e4-869b-040112b6a801', u'f0bf60a0-b080-11e4-8803-040112b6a801', u'e20bcafc-b081-11e4-b8dd-040112b6a801', u'2fdddd8e-b103-11e4-a5d9-040112b6a801', u'1086b0ba-b102-11e4-a54f-040112b6a801', u'c25998de-b102-11e4-a770-040112b6a801', u'48b57608-b100-11e4-a54f-040112b6a801', u'0ebc38f8-b081-11e4-8803-040112b6a801', u'6b22c1a0-b100-11e4-a54f-040112b6a801', u'5f2bc664-b103-11e4-a0ea-040112b6a801', u'159148f2-b07d-11e4-a5df-040112b6a801'], u'user': {u'userid': u'b0fdb9ba-b037-11e4-ac9f-040112b6a801', u'name': u'Toke Jepsen'}, u'clientToken': u'3e34ae7c-b139-11e4-9b27-040112b6a801'}, 'id': u'89ddd528df0b40ad9dfece5ec2294888', 'inReplyToEvent': None}>.
Traceback (most recent call last):
  File "K:\tools\FTrack\ftrack-api\FTrackCore.egg\FTrackCore\api\event\hub.py", line 649, in _handle
    response = subscriber.callback(event)
  File "K:\tools\FTrack\ftrack-server\plugins\next_task_update.py", line 31, in callback
    task = ftrack.Task(id=entity['entityId'])
  File "K:\tools\FTrack\ftrack-api\FTrackCore.egg\FTrackCore\api\ftobject.py", line 78, in __init__
    self.dict = self.xmlServer.action('get',data)
  File "K:\tools\FTrack\ftrack-api\FTrackCore.egg\FTrackCore\api\xmlserver.py", line 303, in action
    return self._verifyResponse(response)
  File "K:\tools\FTrack\ftrack-api\FTrackCore.egg\FTrackCore\api\xmlserver.py", line 189, in _verifyResponse
    raise FTrackError(response['detail'])
FTrackError: Object with id: 99fad748-b07d-11e4-8803-040112b6a801 and type: task was not found
2015-02-10 15:29:30,864 - server: WARNING: InvalidType: Returned ids from {'module': <module 'plugins.utils' from 'K:\tools\FTrack\ftrack-server\plugins\utils.pyc'>}.register() was <type 'NoneType'>
2015-02-10 15:29:30,904 - requests.packages.urllib3.connectionpool: INFO: Starting new HTTPS connection (1): bait.ftrackapp.com
2015-02-10 15:31:26,358 - plugins.toot_production: INFO: Updating sc02sh030/Animation to In Progress
2015-02-10 15:32:15,269 - plugins.toot_production: INFO: Updating sc02sh031/Animation to Complete
2015-02-10 15:56:26,418 - server: WARNING: InvalidType: Returned ids from {'module': <module 'plugins.utils' from 'K:\tools\FTrack\ftrack-server\plugins\utils.pyc'>}.register() was <type 'NoneType'>
2015-02-10 15:56:29,421 - requests.packages.urllib3.connectionpool: INFO: Starting new HTTPS connection (1): bait.ftrackapp.com
2015-02-10 15:57:55,905 - plugins.toot_production: INFO: Updating sc11sh007/Animation to In Progress
2015-02-10 16:04:26,072 - plugins.toot_production: INFO: Updating sc11sh011/Animation to Complete
2015-02-10 16:09:25,144 - plugins.toot_production: INFO: Updating sc12sh001/Animation to Complete
2015-02-10 16:09:26,076 - plugins.toot_production: INFO: Updating sc12sh002/Animation to Complete
2015-02-10 16:21:40,480 - plugins.toot_production: INFO: Updating sc01sh004/Animation to In Progress
2015-02-10 16:24:03,019 - plugins.toot_production: INFO: Updating sc01sh007/Animation to Complete
2015-02-10 16:26:29,316 - plugins.toot_production: INFO: Updating sc01sh009/Animation to Complete
2015-02-10 16:26:47,357 - plugins.toot_production: INFO: Updating sc11sh007/Animation to Complete
2015-02-10 16:29:11,559 - plugins.toot_production: INFO: Updating sc02sh016/Animation to Complete
2015-02-10 16:39:16,170 - server: WARNING: InvalidType: Returned ids from {'module': <module 'plugins.utils' from 'K:\tools\FTrack\ftrack-server\plugins\utils.pyc'>}.register() was <type 'NoneType'>
2015-02-10 16:39:19,174 - requests.packages.urllib3.connectionpool: INFO: Starting new HTTPS connection (1): bait.ftrackapp.com
2015-02-10 17:03:30,572 - plugins.toot_production: INFO: Updating sc02sh030/Animation to In Progress
2015-02-10 17:10:43,390 - plugins.toot_production: INFO: Updating sc01sh001/Animation to Complete
2015-02-10 17:11:25,276 - plugins.toot_production: INFO: Updating sc06sh004/Animation to Complete
2015-02-10 17:12:07,529 - plugins.toot_production: INFO: Updating sc02sh030/Animation to Complete
2015-02-10 17:14:28,569 - plugins.toot_production: INFO: Updating sc01sh005/Animation to Pending Review
2015-02-10 17:24:35,180 - plugins.toot_production: INFO: Updating sc06sh010/Animation to Complete
2015-02-10 17:25:25,974 - plugins.toot_production: INFO: Updating sc02sh007/Animation to Pending Review
2015-02-10 17:26:05,960 - plugins.toot_production: INFO: Updating sc06sh008/Animation to Complete
2015-02-10 17:26:17,765 - plugins.toot_production: INFO: Updating sc06sh008/Animation to Complete
2015-02-10 17:26:42,931 - plugins.toot_production: INFO: Updating sc12sh004/Animation to Complete
2015-02-10 17:26:57,038 - plugins.toot_production: INFO: Updating sc11sh003/Animation to Complete
2015-02-10 17:28:37,874 - plugins.toot_production: INFO: Updating sc06sh001/Animation to In Progress
2015-02-10 17:29:46,970 - plugins.toot_production: INFO: Updating sc06sh002/Animation to In Progress
2015-02-10 17:41:04,539 - plugins.task_to_shot_update: INFO: the_call_up/sq001/sh001 updated to "Not Ready"
2015-02-10 17:44:20,622 - plugins.toot_production: INFO: Updating sc04sh006/Animation to Pending Review
2015-02-10 17:46:48,457 - plugins.toot_production: INFO: Updating sc04sh007/Animation to Pending Review
2015-02-10 17:47:42,042 - plugins.toot_production: INFO: Updating sc04sh008/Animation to Pending Review
2015-02-10 17:58:19,904 - plugins.toot_production: INFO: Updating sc05sh001/Animation to Pending Review
2015-02-10 17:58:21,940 - plugins.toot_production: INFO: Updating sc06sh001/Animation to Pending Review
