2015-02-13 08:37:44,404 - server - WARNING - InvalidType: Returned ids from {'module': <module 'dev_plugins.utils' from 'K:\tools\FTrack\ftrack-event-server\dev_plugins\utils.pyc'>}.register() was <type 'NoneType'>
2015-02-13 08:38:03,562 - server - INFO - Reloaded version_to_task_render_status
2015-02-13 08:38:03,594 - server - INFO - Reloaded version_to_task_render_status
2015-02-13 08:39:15,184 - server - INFO - Reloaded version_to_task_render_status
2015-02-13 08:39:15,184 - server - INFO - Reloaded version_to_task_render_status
2015-02-13 08:40:21,496 - server - ERROR - Reload of version_to_task_render_statuses failed: u'version_to_task_render_statuses'
2015-02-13 08:40:21,513 - server - ERROR - Reload of version_to_task_render_statuses failed: u'version_to_task_render_statuses'
2015-02-13 08:43:50,523 - server - ERROR - Reload of version_to_task_render_statuses failed: u'version_to_task_render_statuses'
2015-02-13 08:44:16,957 - server - WARNING - InvalidType: Returned ids from {'module': <module 'dev_plugins.utils' from 'K:\tools\FTrack\ftrack-event-server\dev_plugins\utils.pyc'>}.register() was <type 'NoneType'>
2015-02-13 10:05:39,194 - server - ERROR - Reload of version_to_task_render_statuses - Copy failed: u'version_to_task_render_statuses - Copy'
2015-02-13 10:05:39,203 - server - ERROR - Reload of version_to_task_render_statuses - Copy failed: u'version_to_task_render_statuses - Copy'
2015-02-13 10:06:10,365 - server - ERROR - Reload of component_switch_movie failed: u'component_switch_movie'
2015-02-13 10:06:10,367 - server - ERROR - Reload of component_switch_movie failed: u'component_switch_movie'
2015-02-13 10:06:31,051 - server - WARNING - InvalidType: Returned ids from {'module': <module 'dev_plugins.utils' from 'K:\tools\FTrack\ftrack-event-server\dev_plugins\utils.pyc'>}.register() was <type 'NoneType'>
2015-02-13 10:06:46,316 - server - INFO - Reloaded component_switch_movie
2015-02-13 10:06:46,328 - server - INFO - Reloaded component_switch_movie
2015-02-13 10:07:44,693 - server - ERROR - Reload of version_switch_playable_component failed: u'version_switch_playable_component'
2015-02-13 10:07:44,694 - server - ERROR - Reload of version_switch_playable_component failed: u'version_switch_playable_component'
2015-02-13 10:08:02,555 - server - WARNING - InvalidType: Returned ids from {'module': <module 'dev_plugins.utils' from 'K:\tools\FTrack\ftrack-event-server\dev_plugins\utils.pyc'>}.register() was <type 'NoneType'>
2015-02-13 10:21:51,359 - server - INFO - Reloaded version_switch_playable_component
2015-02-13 10:21:51,372 - server - INFO - Reloaded version_switch_playable_component
2015-02-13 10:29:49,290 - server - INFO - Reloaded version_switch_playable_component
2015-02-13 10:29:49,302 - server - INFO - Reloaded version_switch_playable_component
2015-02-13 10:30:07,967 - server - INFO - Reloaded version_switch_playable_component
2015-02-13 10:30:07,976 - server - INFO - Reloaded version_switch_playable_component
2015-02-13 10:30:07,984 - server - INFO - Reloaded version_switch_playable_component
2015-02-13 10:33:33,250 - server - INFO - Reloaded version_switch_playable_component
2015-02-13 10:33:33,262 - server - INFO - Reloaded version_switch_playable_component
2015-02-13 10:34:30,989 - server - INFO - Reloaded version_switch_playable_component
2015-02-13 10:34:31,000 - server - INFO - Reloaded version_switch_playable_component
2015-02-13 10:43:23,016 - server - ERROR - Reload of version_switch_playable_component failed: unexpected indent (version_switch_playable_component.py, line 32)
2015-02-13 10:43:56,348 - server - WARNING - Importing version_switch_playable_component failed: unexpected indent (version_switch_playable_component.py, line 32)
2015-02-13 10:43:56,388 - server - WARNING - InvalidType: Returned ids from {'module': <module 'dev_plugins.utils' from 'K:\tools\FTrack\ftrack-event-server\dev_plugins\utils.pyc'>}.register() was <type 'NoneType'>
2015-02-13 10:44:43,005 - server - ERROR - Reload of version_switch_playable_component failed: u'version_switch_playable_component'
2015-02-13 10:45:36,700 - server - WARNING - InvalidType: Returned ids from {'module': <module 'dev_plugins.utils' from 'K:\tools\FTrack\ftrack-event-server\dev_plugins\utils.pyc'>}.register() was <type 'NoneType'>
2015-02-13 10:50:38,954 - server - INFO - Reloaded version_deadline_create_playable_component
2015-02-13 10:50:38,967 - server - INFO - Reloaded version_deadline_create_playable_component
2015-02-13 10:50:38,974 - server - INFO - Reloaded version_deadline_create_playable_component
2015-02-13 10:52:46,286 - server - WARNING - InvalidType: Returned ids from {'module': <module 'dev_plugins.utils' from 'K:\tools\FTrack\ftrack-event-server\dev_plugins\utils.pyc'>}.register() was <type 'NoneType'>
2015-02-13 10:57:51,414 - server - INFO - Reloaded version_deadline_create_playable_component
2015-02-13 10:57:51,426 - server - INFO - Reloaded version_deadline_create_playable_component
2015-02-13 10:58:09,102 - server - INFO - Reloaded version_deadline_create_playable_component
2015-02-13 10:58:09,118 - server - INFO - Reloaded version_deadline_create_playable_component
2015-02-13 10:59:06,186 - server - INFO - Reloaded version_deadline_create_playable_component
2015-02-13 10:59:06,198 - server - INFO - Reloaded version_deadline_create_playable_component
2015-02-13 10:59:06,207 - server - INFO - Reloaded version_deadline_create_playable_component
2015-02-13 10:59:46,273 - server - INFO - Reloaded version_deadline_create_playable_component
2015-02-13 10:59:46,286 - server - INFO - Reloaded version_deadline_create_playable_component
2015-02-13 10:59:46,293 - server - INFO - Reloaded version_deadline_create_playable_component
2015-02-13 11:00:46,263 - server - INFO - Reloaded version_deadline_create_playable_component
2015-02-13 11:00:46,275 - server - INFO - Reloaded version_deadline_create_playable_component
2015-02-13 11:02:32,447 - server - INFO - Reloaded version_deadline_create_playable_component
2015-02-13 11:02:32,460 - server - INFO - Reloaded version_deadline_create_playable_component
2015-02-13 11:02:43,651 - server - INFO - Reloaded version_deadline_create_playable_component
2015-02-13 11:02:43,663 - server - INFO - Reloaded version_deadline_create_playable_component
2015-02-13 11:02:58,839 - server - INFO - Reloaded version_deadline_create_playable_component
2015-02-13 11:02:58,851 - server - INFO - Reloaded version_deadline_create_playable_component
2015-02-13 11:03:28,880 - server - INFO - Reloaded version_deadline_create_playable_component
2015-02-13 11:03:28,891 - server - INFO - Reloaded version_deadline_create_playable_component
2015-02-13 11:03:48,252 - server - INFO - Reloaded version_deadline_create_playable_component
2015-02-13 11:03:48,263 - server - INFO - Reloaded version_deadline_create_playable_component
2015-02-13 11:04:23,742 - server - INFO - Reloaded version_deadline_create_playable_component
2015-02-13 11:04:23,753 - server - INFO - Reloaded version_deadline_create_playable_component
2015-02-13 11:04:47,598 - server - INFO - Reloaded version_deadline_create_playable_component
2015-02-13 11:04:47,609 - server - INFO - Reloaded version_deadline_create_playable_component
2015-02-13 11:04:47,618 - server - INFO - Reloaded version_deadline_create_playable_component
2015-02-13 11:05:51,525 - server - INFO - Reloaded version_deadline_create_playable_component
2015-02-13 11:05:51,536 - server - INFO - Reloaded version_deadline_create_playable_component
2015-02-13 11:06:29,969 - server - INFO - Reloaded version_deadline_create_playable_component
2015-02-13 11:06:29,980 - server - INFO - Reloaded version_deadline_create_playable_component
2015-02-13 11:06:29,989 - server - INFO - Reloaded version_deadline_create_playable_component
2015-02-13 11:07:13,186 - server - INFO - Reloaded version_deadline_create_playable_component
2015-02-13 11:07:13,197 - server - INFO - Reloaded version_deadline_create_playable_component
2015-02-13 11:07:13,206 - server - INFO - Reloaded version_deadline_create_playable_component
2015-02-13 11:31:32,112 - server - INFO - Reloaded version_deadline_create_playable_component
2015-02-13 11:31:32,125 - server - INFO - Reloaded version_deadline_create_playable_component
2015-02-13 11:31:32,134 - server - INFO - Reloaded version_deadline_create_playable_component
2015-02-13 11:35:31,717 - server - WARNING - InvalidType: Returned ids from {'module': <module 'dev_plugins.utils' from 'K:\tools\FTrack\ftrack-event-server\dev_plugins\utils.pyc'>}.register() was <type 'NoneType'>
2015-02-13 12:25:47,516 - server - WARNING - InvalidType: Returned ids from {'module': <module 'dev_plugins.utils' from 'K:\tools\FTrack\ftrack-event-server\dev_plugins\utils.pyc'>}.register() was <type 'NoneType'>
2015-02-13 12:31:51,295 - server - INFO - Reloaded version_deadline_create_playable_component
2015-02-13 12:31:51,341 - server - INFO - Reloaded version_deadline_create_playable_component
2015-02-13 12:37:53,934 - server - INFO - Reloaded version_deadline_create_playable_component
2015-02-13 12:37:53,946 - server - INFO - Reloaded version_deadline_create_playable_component
2015-02-13 12:39:11,211 - server - INFO - Reloaded version_deadline_create_playable_component
2015-02-13 12:39:11,223 - server - INFO - Reloaded version_deadline_create_playable_component
2015-02-13 12:39:54,479 - server - INFO - Reloaded version_deadline_create_playable_component
2015-02-13 12:39:54,490 - server - INFO - Reloaded version_deadline_create_playable_component
2015-02-13 12:39:54,499 - server - INFO - Reloaded version_deadline_create_playable_component
2015-02-13 12:40:30,226 - server - INFO - Reloaded version_deadline_create_playable_component
2015-02-13 12:40:30,237 - server - INFO - Reloaded version_deadline_create_playable_component
2015-02-13 12:41:33,209 - server - WARNING - InvalidType: Returned ids from {'module': <module 'dev_plugins.utils' from 'K:\tools\FTrack\ftrack-event-server\dev_plugins\utils.pyc'>}.register() was <type 'NoneType'>
2015-02-13 14:12:12,217 - server - WARNING - InvalidType: Returned ids from {'module': <module 'dev_plugins.utils' from 'K:\tools\FTrack\ftrack-event-server\dev_plugins\utils.pyc'>}.register() was <type 'NoneType'>
2015-02-13 15:14:03,088 - server - WARNING - InvalidType: Returned ids from {'module': <module 'dev_plugins.utils' from 'K:\tools\FTrack\ftrack-event-server\dev_plugins\utils.py'>}.register() was <type 'NoneType'>
2015-02-13 16:11:43,266 - server - WARNING - InvalidType: Returned ids from {'module': <module 'dev_plugins.utils' from 'K:\tools\FTrack\ftrack-event-server\dev_plugins\utils.pyc'>}.register() was <type 'NoneType'>
2015-02-13 16:44:21,532 - server - ERROR - Reload of version_to_task_comp_add - Copy failed: u'version_to_task_comp_add - Copy'
2015-02-13 16:44:55,244 - server - ERROR - Reload of task_to_task_complete_status failed: u'task_to_task_complete_status'
2015-02-13 16:44:55,249 - server - ERROR - Reload of task_to_task_complete_status failed: u'task_to_task_complete_status'
2015-02-13 16:45:49,072 - server - WARNING - InvalidType: Returned ids from {'module': <module 'dev_plugins.utils' from 'K:\tools\FTrack\ftrack-event-server\dev_plugins\utils.pyc'>}.register() was <type 'NoneType'>
2015-02-13 16:50:00,052 - server - INFO - Reloaded task_to_task_complete_status
2015-02-13 16:50:00,063 - server - INFO - Reloaded task_to_task_complete_status
2015-02-13 16:51:57,098 - server - INFO - Reloaded task_to_task_complete_status
2015-02-13 16:51:57,108 - server - INFO - Reloaded task_to_task_complete_status
2015-02-13 16:51:57,117 - server - INFO - Reloaded task_to_task_complete_status
2015-02-13 16:53:28,336 - server - INFO - Reloaded task_to_task_complete_status
2015-02-13 16:53:28,348 - server - INFO - Reloaded task_to_task_complete_status
