2015-02-05 15:34:38 - __main__: ERROR: InvalidType: Returned ids from {'module': <module 'plugins.utils' from 'K:\tools\FTrack\ftrack-server\plugins\utils.pyc'>}.register() was <type 'NoneType'>
2015-02-05 15:34:38 - requests.packages.urllib3.connectionpool: INFO: Starting new HTTPS connection (1): beta-bait.ftrackapp.com
2015-02-05 15:35:24 - server: ERROR: InvalidType: Returned ids from {'module': <module 'plugins.utils' from 'K:\tools\FTrack\ftrack-server\plugins\utils.pyc'>}.register() was <type 'NoneType'>
2015-02-05 15:35:24 - requests.packages.urllib3.connectionpool: INFO: Starting new HTTPS connection (1): beta-bait.ftrackapp.com
2015-02-05 15:36:31 - server: ERROR: InvalidType: Returned ids from {'module': <module 'plugins.utils' from 'K:\tools\FTrack\ftrack-server\plugins\utils.pyc'>}.register() was <type 'NoneType'>
2015-02-05 15:36:31 - requests.packages.urllib3.connectionpool: INFO: Starting new HTTPS connection (1): beta-bait.ftrackapp.com
2015-02-05 15:51:07 - server: ERROR: InvalidType: Returned ids from {'module': <module 'plugins.utils' from 'K:\tools\FTrack\ftrack-server\plugins\utils.pyc'>}.register() was <type 'NoneType'>
2015-02-05 15:51:07 - requests.packages.urllib3.connectionpool: INFO: Starting new HTTPS connection (1): beta-bait.ftrackapp.com
2015-02-05 15:51:24 - FTrackCore.api.event.hub.EventHub: DEBUG: Failed to notify server about new subscriber 41798f18d5ea4433b2b6f0a027f24d6b as server not currently reachable.
2015-02-05 15:51:24 - FTrackCore.api.event.hub.EventHub: DEBUG: Failed to notify server about new subscriber d6ffcbca1f5a418baab431269dcd3499 as server not currently reachable.
2015-02-05 15:51:24 - FTrackCore.api.event.hub.EventHub: DEBUG: Failed to notify server about new subscriber a20fcf55913a4ca2a7ca8dbc23e1a8be as server not currently reachable.
2015-02-05 15:51:24 - server: ERROR: InvalidType: Returned ids from {'module': <module 'plugins.utils' from 'K:\tools\FTrack\ftrack-server\plugins\utils.pyc'>}.register() was <type 'NoneType'>
2015-02-05 15:51:24 - FTrackCore.api.event.hub.EventHub: DEBUG: Failed to notify server about new subscriber 083510c09e8c4176ba4495e797c0754f as server not currently reachable.
2015-02-05 15:51:24 - requests.packages.urllib3.connectionpool: INFO: Starting new HTTPS connection (1): beta-bait.ftrackapp.com
2015-02-05 15:51:24 - requests.packages.urllib3.connectionpool: DEBUG: "GET /socket.io/1/ HTTP/1.1" 200 83
2015-02-05 15:51:24 - FTrackCore.api.event.hub.EventHub: DEBUG: Sent packet: 5:1+::{"args": [{"topic": "ftrack.meta.subscribe", "source": {"id": "fb6b1b11d3b84456b6d448ccb32f31c9", "user": {"username": "toke.jepsen"}}, "target": "", "sent": null, "data": {"subscriber": {"id": "41798f18d5ea4433b2b6f0a027f24d6b"}, "subscription": "topic=ftrack.update"}, "id": "23be701b74db4e3f9863129a1c8dea93", "inReplyToEvent": null}], "name": "ftrack.event"}
2015-02-05 15:51:24 - FTrackCore.api.event.hub.EventHub: DEBUG: Sent packet: 5:2+::{"args": [{"topic": "ftrack.meta.subscribe", "source": {"id": "fb6b1b11d3b84456b6d448ccb32f31c9", "user": {"username": "toke.jepsen"}}, "target": "", "sent": null, "data": {"subscriber": {"id": "d6ffcbca1f5a418baab431269dcd3499"}, "subscription": "topic=ftrack.update"}, "id": "33472a64c3024ed98e4592c8681b3449", "inReplyToEvent": null}], "name": "ftrack.event"}
2015-02-05 15:51:24 - FTrackCore.api.event.hub.EventHub: DEBUG: Sent packet: 5:3+::{"args": [{"topic": "ftrack.meta.subscribe", "source": {"id": "fb6b1b11d3b84456b6d448ccb32f31c9", "user": {"username": "toke.jepsen"}}, "target": "", "sent": null, "data": {"subscriber": {"id": "a20fcf55913a4ca2a7ca8dbc23e1a8be"}, "subscription": "topic=ftrack.update"}, "id": "cb5b473c582849f591016fdf53bb1f5b", "inReplyToEvent": null}], "name": "ftrack.event"}
2015-02-05 15:51:24 - FTrackCore.api.event.hub.EventHub: DEBUG: Sent packet: 5:4+::{"args": [{"topic": "ftrack.meta.subscribe", "source": {"id": "fb6b1b11d3b84456b6d448ccb32f31c9", "user": {"username": "toke.jepsen"}}, "target": "", "sent": null, "data": {"subscriber": {"id": "083510c09e8c4176ba4495e797c0754f"}, "subscription": "topic=ftrack.update"}, "id": "e35dd3b5c28d482a996b7f059e658c48", "inReplyToEvent": null}], "name": "ftrack.event"}
2015-02-05 15:51:24 - FTrackCore.api.event.hub.EventHub: DEBUG: Sent packet: 5:5+::{"args": [{"topic": "ftrack.meta.subscribe", "source": {"id": "fb6b1b11d3b84456b6d448ccb32f31c9", "user": {"username": "toke.jepsen"}}, "target": "", "sent": null, "data": {"subscriber": {"id": "fb6b1b11d3b84456b6d448ccb32f31c9"}, "subscription": "topic=ftrack.meta.reply"}, "id": "8adc6d11dc3745c2b4ddca47cd3a7c28", "inReplyToEvent": null}], "name": "ftrack.event"}
2015-02-05 15:51:24 - FTrackCore.api.event.hub.EventHub: DEBUG: Received packet: 1::
2015-02-05 15:51:24 - FTrackCore.api.event.hub.EventHub: DEBUG: Connected to event server.
2015-02-05 15:51:24 - FTrackCore.api.event.hub.EventHub: DEBUG: Received packet: 3:::Welcome from the ftrack server.
2015-02-05 15:51:24 - FTrackCore.api.event.hub.EventHub: DEBUG: Message received: Welcome from the ftrack server.
2015-02-05 15:51:25 - FTrackCore.api.event.hub.EventHub: DEBUG: Received packet: 6:::1+[{"message": "", "success": true}]
2015-02-05 15:51:25 - FTrackCore.api.event.hub.EventHub: DEBUG: Received packet: 6:::2+[{"message": "", "success": true}]
2015-02-05 15:51:25 - FTrackCore.api.event.hub.EventHub: DEBUG: Received packet: 6:::3+[{"message": "", "success": true}]
2015-02-05 15:51:25 - FTrackCore.api.event.hub.EventHub: DEBUG: Received packet: 6:::4+[{"message": "", "success": true}]
2015-02-05 15:51:25 - FTrackCore.api.event.hub.EventHub: DEBUG: Received packet: 6:::5+[{"message": "", "success": true}]
2015-02-05 15:51:36 - FTrackCore.api.event.hub.EventHub: DEBUG: Received packet: 2::
2015-02-05 15:51:36 - FTrackCore.api.event.hub.EventHub: DEBUG: Sent packet: 2:::
2015-02-05 15:51:48 - FTrackCore.api.event.hub.EventHub: DEBUG: Received packet: 2::
2015-02-05 15:51:48 - FTrackCore.api.event.hub.EventHub: DEBUG: Sent packet: 2:::
2015-02-05 15:52:00 - FTrackCore.api.event.hub.EventHub: DEBUG: Received packet: 5:::{"args": [{"target": "", "inReplyToEvent": null, "topic": "ftrack.update", "source": {"applicationId": "ftrack.client.web", "user": {"id": "58289fe6-a815-11e4-afc9-04013c27e701"}, "id": "5879cb50-ad4c-11e4-a9de-04013c27e701"}, "data": {"entities": [{"keys": ["statusid"], "entityType": "task", "parents": [{"entityId": "13b3f33a-ab79-11e4-9215-04013c27e701", "entityType": "task", "parentId": "e6c58f3c-ab78-11e4-a9de-04013c27e701"}, {"entityId": "e6c58f3c-ab78-11e4-a9de-04013c27e701", "entityType": "task", "parentId": "c627729a-ab78-11e4-b8a7-04013c27e701"}, {"entityId": "c627729a-ab78-11e4-b8a7-04013c27e701", "entityType": "task", "parentId": "1552f58e-ab78-11e4-b8a7-04013c27e701"}, {"entityId": "1552f58e-ab78-11e4-b8a7-04013c27e701", "entityType": "show", "parentId": null}], "parentId": "e6c58f3c-ab78-11e4-a9de-04013c27e701", "action": "update", "entityId": "13b3f33a-ab79-11e4-9215-04013c27e701"}], "pushToken": "5ae586b8ad4c11e48da304013c27e701", "parents": ["13b3f33a-ab79-11e4-9215-04013c27e701", "1552f58e-ab78-11e4-b8a7-04013c27e701", "c627729a-ab78-11e4-b8a7-04013c27e701", "58289fe6-a815-11e4-afc9-04013c27e701", "e6c58f3c-ab78-11e4-a9de-04013c27e701"], "user": {"userid": "58289fe6-a815-11e4-afc9-04013c27e701", "name": "Toke Jepsen"}, "clientToken": "5879cb50-ad4c-11e4-a9de-04013c27e701"}, "id": "8cb052d514b647e6988eb2ed4ab6d20a", "sent": null}], "name": "ftrack.event"}
2015-02-05 15:52:00 - FTrackCore.api.event.hub.EventHub: DEBUG: Received packet: 2::
2015-02-05 15:52:00 - FTrackCore.api.event.hub.EventHub: DEBUG: Sent packet: 2:::
2015-02-05 15:52:01 - plugins.event_logging: DEBUG: <Event {'topic': u'ftrack.update', 'source': {u'applicationId': u'ftrack.client.web', u'user': {u'id': u'58289fe6-a815-11e4-afc9-04013c27e701'}, u'id': u'5879cb50-ad4c-11e4-a9de-04013c27e701'}, 'target': u'', 'sent': None, 'data': {u'entities': [{u'keys': [u'statusid'], u'entityType': u'task', u'parents': [{u'entityId': u'13b3f33a-ab79-11e4-9215-04013c27e701', u'entityType': u'task', u'parentId': u'e6c58f3c-ab78-11e4-a9de-04013c27e701'}, {u'entityId': u'e6c58f3c-ab78-11e4-a9de-04013c27e701', u'entityType': u'task', u'parentId': u'c627729a-ab78-11e4-b8a7-04013c27e701'}, {u'entityId': u'c627729a-ab78-11e4-b8a7-04013c27e701', u'entityType': u'task', u'parentId': u'1552f58e-ab78-11e4-b8a7-04013c27e701'}, {u'entityId': u'1552f58e-ab78-11e4-b8a7-04013c27e701', u'entityType': u'show', u'parentId': None}], u'parentId': u'e6c58f3c-ab78-11e4-a9de-04013c27e701', u'action': u'update', u'entityId': u'13b3f33a-ab79-11e4-9215-04013c27e701'}], u'pushToken': u'5ae586b8ad4c11e48da304013c27e701', u'parents': [u'13b3f33a-ab79-11e4-9215-04013c27e701', u'1552f58e-ab78-11e4-b8a7-04013c27e701', u'c627729a-ab78-11e4-b8a7-04013c27e701', u'58289fe6-a815-11e4-afc9-04013c27e701', u'e6c58f3c-ab78-11e4-a9de-04013c27e701'], u'user': {u'userid': u'58289fe6-a815-11e4-afc9-04013c27e701', u'name': u'Toke Jepsen'}, u'clientToken': u'5879cb50-ad4c-11e4-a9de-04013c27e701'}, 'id': u'8cb052d514b647e6988eb2ed4ab6d20a', 'inReplyToEvent': None}>
2015-02-05 15:52:01 - FTrackCore.api.event.hub.EventHub: DEBUG: Received packet: 5:::{"args": [{"target": "", "inReplyToEvent": null, "topic": "ftrack.update", "source": {"applicationId": "ftrack.client.web", "user": {"id": null}, "id": null}, "data": {"entities": [{"action": "update", "entityType": "socialfeed"}], "pushToken": null, "parents": ["13b3f33a-ab79-11e4-9215-04013c27e701"], "clientToken": null}, "id": "2917eee55501459285082c109f7663bc", "sent": null}], "name": "ftrack.event"}
2015-02-05 15:52:01 - plugins.event_logging: DEBUG: <Event {'topic': u'ftrack.update', 'source': {u'applicationId': u'ftrack.client.web', u'user': {u'id': None}, u'id': None}, 'target': u'', 'sent': None, 'data': {u'entities': [{u'action': u'update', u'entityType': u'socialfeed'}], u'pushToken': None, u'parents': [u'13b3f33a-ab79-11e4-9215-04013c27e701'], u'clientToken': None}, 'id': u'2917eee55501459285082c109f7663bc', 'inReplyToEvent': None}>
2015-02-05 15:52:01 - FTrackCore.api.event.hub.EventHub: DEBUG: Received packet: 5:::{"args": [{"target": "", "inReplyToEvent": null, "topic": "ftrack.update", "source": {"applicationId": "ftrack.client.web", "user": {"id": null}, "id": null}, "data": {"entities": [{"action": "update", "entityType": "socialfeed"}], "pushToken": null, "parents": ["1552f58e-ab78-11e4-b8a7-04013c27e701"], "clientToken": null}, "id": "26d2a7e544c245129ae2fc8d5b143899", "sent": null}], "name": "ftrack.event"}
2015-02-05 15:52:01 - plugins.event_logging: DEBUG: <Event {'topic': u'ftrack.update', 'source': {u'applicationId': u'ftrack.client.web', u'user': {u'id': None}, u'id': None}, 'target': u'', 'sent': None, 'data': {u'entities': [{u'action': u'update', u'entityType': u'socialfeed'}], u'pushToken': None, u'parents': [u'1552f58e-ab78-11e4-b8a7-04013c27e701'], u'clientToken': None}, 'id': u'26d2a7e544c245129ae2fc8d5b143899', 'inReplyToEvent': None}>
2015-02-05 15:52:01 - FTrackCore.api.event.hub.EventHub: DEBUG: Received packet: 5:::{"args": [{"target": "", "inReplyToEvent": null, "topic": "ftrack.update", "source": {"applicationId": "ftrack.client.web", "user": {"id": null}, "id": null}, "data": {"entities": [{"action": "update", "entityType": "socialfeed"}], "pushToken": null, "parents": ["c627729a-ab78-11e4-b8a7-04013c27e701"], "clientToken": null}, "id": "dc858dcfa0304210831c0524433259ce", "sent": null}], "name": "ftrack.event"}
2015-02-05 15:52:01 - plugins.event_logging: DEBUG: <Event {'topic': u'ftrack.update', 'source': {u'applicationId': u'ftrack.client.web', u'user': {u'id': None}, u'id': None}, 'target': u'', 'sent': None, 'data': {u'entities': [{u'action': u'update', u'entityType': u'socialfeed'}], u'pushToken': None, u'parents': [u'c627729a-ab78-11e4-b8a7-04013c27e701'], u'clientToken': None}, 'id': u'dc858dcfa0304210831c0524433259ce', 'inReplyToEvent': None}>
2015-02-05 15:52:01 - FTrackCore.api.event.hub.EventHub: DEBUG: Received packet: 5:::{"args": [{"target": "", "inReplyToEvent": null, "topic": "ftrack.update", "source": {"applicationId": "ftrack.client.web", "user": {"id": null}, "id": null}, "data": {"entities": [{"action": "update", "entityType": "socialfeed"}], "pushToken": null, "parents": ["e6c58f3c-ab78-11e4-a9de-04013c27e701"], "clientToken": null}, "id": "967260c081704d2ca534ef45c77184e7", "sent": null}], "name": "ftrack.event"}
2015-02-05 15:52:01 - plugins.event_logging: DEBUG: <Event {'topic': u'ftrack.update', 'source': {u'applicationId': u'ftrack.client.web', u'user': {u'id': None}, u'id': None}, 'target': u'', 'sent': None, 'data': {u'entities': [{u'action': u'update', u'entityType': u'socialfeed'}], u'pushToken': None, u'parents': [u'e6c58f3c-ab78-11e4-a9de-04013c27e701'], u'clientToken': None}, 'id': u'967260c081704d2ca534ef45c77184e7', 'inReplyToEvent': None}>
2015-02-05 15:52:12 - FTrackCore.api.event.hub.EventHub: DEBUG: Received packet: 2::
2015-02-05 15:52:12 - FTrackCore.api.event.hub.EventHub: DEBUG: Sent packet: 2:::
2015-02-05 15:52:24 - FTrackCore.api.event.hub.EventHub: DEBUG: Received packet: 2::
2015-02-05 15:52:24 - FTrackCore.api.event.hub.EventHub: DEBUG: Sent packet: 2:::
2015-02-05 15:52:36 - FTrackCore.api.event.hub.EventHub: DEBUG: Received packet: 2::
2015-02-05 15:52:36 - FTrackCore.api.event.hub.EventHub: DEBUG: Sent packet: 2:::
2015-02-05 15:52:48 - FTrackCore.api.event.hub.EventHub: DEBUG: Received packet: 2::
2015-02-05 15:52:48 - FTrackCore.api.event.hub.EventHub: DEBUG: Sent packet: 2:::
2015-02-05 15:53:00 - FTrackCore.api.event.hub.EventHub: DEBUG: Received packet: 2::
2015-02-05 15:53:00 - FTrackCore.api.event.hub.EventHub: DEBUG: Sent packet: 2:::
2015-02-05 15:53:12 - FTrackCore.api.event.hub.EventHub: DEBUG: Received packet: 2::
2015-02-05 15:53:12 - FTrackCore.api.event.hub.EventHub: DEBUG: Sent packet: 2:::
2015-02-05 15:53:24 - FTrackCore.api.event.hub.EventHub: DEBUG: Received packet: 2::
2015-02-05 15:53:24 - FTrackCore.api.event.hub.EventHub: DEBUG: Sent packet: 2:::
2015-02-05 15:53:36 - FTrackCore.api.event.hub.EventHub: DEBUG: Received packet: 2::
2015-02-05 15:53:36 - FTrackCore.api.event.hub.EventHub: DEBUG: Sent packet: 2:::
2015-02-05 15:53:48 - FTrackCore.api.event.hub.EventHub: DEBUG: Received packet: 2::
2015-02-05 15:53:48 - FTrackCore.api.event.hub.EventHub: DEBUG: Sent packet: 2:::
2015-02-05 15:54:00 - FTrackCore.api.event.hub.EventHub: DEBUG: Received packet: 2::
2015-02-05 15:54:00 - FTrackCore.api.event.hub.EventHub: DEBUG: Sent packet: 2:::
2015-02-05 15:54:12 - FTrackCore.api.event.hub.EventHub: DEBUG: Received packet: 2::
2015-02-05 15:54:12 - FTrackCore.api.event.hub.EventHub: DEBUG: Sent packet: 2:::
2015-02-05 15:54:24 - FTrackCore.api.event.hub.EventHub: DEBUG: Received packet: 2::
2015-02-05 15:54:24 - FTrackCore.api.event.hub.EventHub: DEBUG: Sent packet: 2:::
2015-02-05 15:54:36 - FTrackCore.api.event.hub.EventHub: DEBUG: Received packet: 2::
2015-02-05 15:54:36 - FTrackCore.api.event.hub.EventHub: DEBUG: Sent packet: 2:::
2015-02-05 15:54:48 - FTrackCore.api.event.hub.EventHub: DEBUG: Received packet: 2::
2015-02-05 15:54:48 - FTrackCore.api.event.hub.EventHub: DEBUG: Sent packet: 2:::
2015-02-05 15:55:00 - FTrackCore.api.event.hub.EventHub: DEBUG: Received packet: 2::
2015-02-05 15:55:00 - FTrackCore.api.event.hub.EventHub: DEBUG: Sent packet: 2:::
2015-02-05 15:55:12 - FTrackCore.api.event.hub.EventHub: DEBUG: Received packet: 2::
2015-02-05 15:55:12 - FTrackCore.api.event.hub.EventHub: DEBUG: Sent packet: 2:::
2015-02-05 15:55:24 - FTrackCore.api.event.hub.EventHub: DEBUG: Received packet: 2::
2015-02-05 15:55:24 - FTrackCore.api.event.hub.EventHub: DEBUG: Sent packet: 2:::
2015-02-05 15:55:36 - FTrackCore.api.event.hub.EventHub: DEBUG: Received packet: 2::
2015-02-05 15:55:36 - FTrackCore.api.event.hub.EventHub: DEBUG: Sent packet: 2:::
2015-02-05 16:00:57 - FTrackCore.api.event.hub.EventHub: DEBUG: Failed to notify server about new subscriber 93be424c524f4d30842a2b7f1924da2c as server not currently reachable.
2015-02-05 16:00:57 - FTrackCore.api.event.hub.EventHub: DEBUG: Failed to notify server about new subscriber 5b4e7d36c90f477f827f4eaee9cf216d as server not currently reachable.
2015-02-05 16:00:57 - FTrackCore.api.event.hub.EventHub: DEBUG: Failed to notify server about new subscriber b757ea6849a8404ba01f32ec7049d21d as server not currently reachable.
2015-02-05 16:00:57 - server: ERROR: InvalidType: Returned ids from {'module': <module 'plugins.utils' from 'K:\tools\FTrack\ftrack-server\plugins\utils.pyc'>}.register() was <type 'NoneType'>
2015-02-05 16:00:57 - FTrackCore.api.event.hub.EventHub: DEBUG: Failed to notify server about new subscriber e25058e0fadf4232b5a4a175479adc59 as server not currently reachable.
2015-02-05 16:00:57 - requests.packages.urllib3.connectionpool: INFO: Starting new HTTPS connection (1): beta-bait.ftrackapp.com
2015-02-05 16:00:57 - requests.packages.urllib3.connectionpool: DEBUG: "GET /socket.io/1/ HTTP/1.1" 200 83
2015-02-05 16:00:57 - FTrackCore.api.event.hub.EventHub: DEBUG: Sent packet: 5:1+::{"args": [{"topic": "ftrack.meta.subscribe", "source": {"id": "0a1f456d27e6490c90f63591413a2867", "user": {"username": "toke.jepsen"}}, "target": "", "sent": null, "data": {"subscriber": {"id": "93be424c524f4d30842a2b7f1924da2c"}, "subscription": "topic=ftrack.update"}, "id": "9f539a0e7b0c452490591250b67f406b", "inReplyToEvent": null}], "name": "ftrack.event"}
2015-02-05 16:00:57 - FTrackCore.api.event.hub.EventHub: DEBUG: Sent packet: 5:2+::{"args": [{"topic": "ftrack.meta.subscribe", "source": {"id": "0a1f456d27e6490c90f63591413a2867", "user": {"username": "toke.jepsen"}}, "target": "", "sent": null, "data": {"subscriber": {"id": "5b4e7d36c90f477f827f4eaee9cf216d"}, "subscription": "topic=ftrack.update"}, "id": "28249a64718345eaa199bbab384c9526", "inReplyToEvent": null}], "name": "ftrack.event"}
2015-02-05 16:00:57 - FTrackCore.api.event.hub.EventHub: DEBUG: Sent packet: 5:3+::{"args": [{"topic": "ftrack.meta.subscribe", "source": {"id": "0a1f456d27e6490c90f63591413a2867", "user": {"username": "toke.jepsen"}}, "target": "", "sent": null, "data": {"subscriber": {"id": "b757ea6849a8404ba01f32ec7049d21d"}, "subscription": "topic=ftrack.update"}, "id": "4fe787a989a54a76b13134aefef20af3", "inReplyToEvent": null}], "name": "ftrack.event"}
2015-02-05 16:00:57 - FTrackCore.api.event.hub.EventHub: DEBUG: Sent packet: 5:4+::{"args": [{"topic": "ftrack.meta.subscribe", "source": {"id": "0a1f456d27e6490c90f63591413a2867", "user": {"username": "toke.jepsen"}}, "target": "", "sent": null, "data": {"subscriber": {"id": "e25058e0fadf4232b5a4a175479adc59"}, "subscription": "topic=ftrack.update"}, "id": "95b52104247f439f94dc7c778e571d36", "inReplyToEvent": null}], "name": "ftrack.event"}
2015-02-05 16:00:57 - FTrackCore.api.event.hub.EventHub: DEBUG: Sent packet: 5:5+::{"args": [{"topic": "ftrack.meta.subscribe", "source": {"id": "0a1f456d27e6490c90f63591413a2867", "user": {"username": "toke.jepsen"}}, "target": "", "sent": null, "data": {"subscriber": {"id": "0a1f456d27e6490c90f63591413a2867"}, "subscription": "topic=ftrack.meta.reply"}, "id": "2f6afa07a57f4c54b1af6825855c1d47", "inReplyToEvent": null}], "name": "ftrack.event"}
2015-02-05 16:00:57 - FTrackCore.api.event.hub.EventHub: DEBUG: Received packet: 1::
2015-02-05 16:00:57 - FTrackCore.api.event.hub.EventHub: DEBUG: Connected to event server.
2015-02-05 16:00:57 - FTrackCore.api.event.hub.EventHub: DEBUG: Received packet: 3:::Welcome from the ftrack server.
2015-02-05 16:00:57 - FTrackCore.api.event.hub.EventHub: DEBUG: Message received: Welcome from the ftrack server.
2015-02-05 16:00:57 - FTrackCore.api.event.hub.EventHub: DEBUG: Received packet: 6:::1+[{"message": "", "success": true}]
2015-02-05 16:00:57 - FTrackCore.api.event.hub.EventHub: DEBUG: Received packet: 6:::2+[{"message": "", "success": true}]
2015-02-05 16:00:57 - FTrackCore.api.event.hub.EventHub: DEBUG: Received packet: 6:::3+[{"message": "", "success": true}]
2015-02-05 16:00:57 - FTrackCore.api.event.hub.EventHub: DEBUG: Received packet: 6:::4+[{"message": "", "success": true}]
2015-02-05 16:00:57 - FTrackCore.api.event.hub.EventHub: DEBUG: Received packet: 6:::5+[{"message": "", "success": true}]
2015-02-05 16:01:40 - server: ERROR: InvalidType: Returned ids from {'module': <module 'plugins.utils' from 'K:\tools\FTrack\ftrack-server\plugins\utils.pyc'>}.register() was <type 'NoneType'>
2015-02-05 16:01:40 - requests.packages.urllib3.connectionpool: INFO: Starting new HTTPS connection (1): beta-bait.ftrackapp.com
2015-02-05 16:01:57 - plugins.event_logging: INFO: <Event {'topic': u'ftrack.update', 'source': {u'applicationId': u'ftrack.client.web', u'user': {u'id': u'58289fe6-a815-11e4-afc9-04013c27e701'}, u'id': u'5879cb50-ad4c-11e4-a9de-04013c27e701'}, 'target': u'', 'sent': None, 'data': {u'entities': [{u'keys': [u'statusid'], u'entityType': u'task', u'parents': [{u'entityId': u'13b3f33a-ab79-11e4-9215-04013c27e701', u'entityType': u'task', u'parentId': u'e6c58f3c-ab78-11e4-a9de-04013c27e701'}, {u'entityId': u'e6c58f3c-ab78-11e4-a9de-04013c27e701', u'entityType': u'task', u'parentId': u'c627729a-ab78-11e4-b8a7-04013c27e701'}, {u'entityId': u'c627729a-ab78-11e4-b8a7-04013c27e701', u'entityType': u'task', u'parentId': u'1552f58e-ab78-11e4-b8a7-04013c27e701'}, {u'entityId': u'1552f58e-ab78-11e4-b8a7-04013c27e701', u'entityType': u'show', u'parentId': None}], u'parentId': u'e6c58f3c-ab78-11e4-a9de-04013c27e701', u'action': u'update', u'entityId': u'13b3f33a-ab79-11e4-9215-04013c27e701'}], u'pushToken': u'5ae586b8ad4c11e48da304013c27e701', u'parents': [u'13b3f33a-ab79-11e4-9215-04013c27e701', u'1552f58e-ab78-11e4-b8a7-04013c27e701', u'c627729a-ab78-11e4-b8a7-04013c27e701', u'58289fe6-a815-11e4-afc9-04013c27e701', u'e6c58f3c-ab78-11e4-a9de-04013c27e701'], u'user': {u'userid': u'58289fe6-a815-11e4-afc9-04013c27e701', u'name': u'Toke Jepsen'}, u'clientToken': u'5879cb50-ad4c-11e4-a9de-04013c27e701'}, 'id': u'ef543dfa9d274ea9a5b4f43b08b9bdbc', 'inReplyToEvent': None}>
2015-02-05 16:01:57 - plugins.event_logging: INFO: <Event {'topic': u'ftrack.update', 'source': {u'applicationId': u'ftrack.client.web', u'user': {u'id': None}, u'id': None}, 'target': u'', 'sent': None, 'data': {u'entities': [{u'action': u'update', u'entityType': u'socialfeed'}], u'pushToken': None, u'parents': [u'13b3f33a-ab79-11e4-9215-04013c27e701'], u'clientToken': None}, 'id': u'91df843043bf4d72a19b28211c6eee99', 'inReplyToEvent': None}>
2015-02-05 16:01:57 - plugins.event_logging: INFO: <Event {'topic': u'ftrack.update', 'source': {u'applicationId': u'ftrack.client.web', u'user': {u'id': None}, u'id': None}, 'target': u'', 'sent': None, 'data': {u'entities': [{u'action': u'update', u'entityType': u'socialfeed'}], u'pushToken': None, u'parents': [u'1552f58e-ab78-11e4-b8a7-04013c27e701'], u'clientToken': None}, 'id': u'0c0aa826b66a47aebe291dafbde7d843', 'inReplyToEvent': None}>
2015-02-05 16:01:57 - plugins.event_logging: INFO: <Event {'topic': u'ftrack.update', 'source': {u'applicationId': u'ftrack.client.web', u'user': {u'id': None}, u'id': None}, 'target': u'', 'sent': None, 'data': {u'entities': [{u'action': u'update', u'entityType': u'socialfeed'}], u'pushToken': None, u'parents': [u'c627729a-ab78-11e4-b8a7-04013c27e701'], u'clientToken': None}, 'id': u'ee1f7fb3f30d435a8256fbe9aa9ff214', 'inReplyToEvent': None}>
2015-02-05 16:01:57 - plugins.event_logging: INFO: <Event {'topic': u'ftrack.update', 'source': {u'applicationId': u'ftrack.client.web', u'user': {u'id': None}, u'id': None}, 'target': u'', 'sent': None, 'data': {u'entities': [{u'action': u'update', u'entityType': u'socialfeed'}], u'pushToken': None, u'parents': [u'e6c58f3c-ab78-11e4-a9de-04013c27e701'], u'clientToken': None}, 'id': u'fd02d01e8f77442ebc1a2fbecc8e16a2', 'inReplyToEvent': None}>
